# JRE version: Java(TM) SE Runtime Environment (8.0_101-b13) (build 1.8.0_101-b13)
# Java VM: Java HotSpot(TM) 64-Bit Server VM (25.101-b13 mixed mode linux-amd64 compressed oops)
Heap:
 PSYoungGen      total 126464K, used 74945K [0x00000000eab00000, 0x00000000f5e80000, 0x0000000100000000)
  eden space 110592K, 53% used [0x00000000eab00000,0x00000000ee4b8228,0x00000000f1700000)
  from space 15872K, 99% used [0x00000000f1700000,0x00000000f26781f8,0x00000000f2680000)
  to   space 21504K, 0% used [0x00000000f4980000,0x00000000f4980000,0x00000000f5e80000)
 ParOldGen       total 55296K, used 32015K [0x00000000c0000000, 0x00000000c3600000, 0x00000000eab00000)
  object space 55296K, 57% used [0x00000000c0000000,0x00000000c1f43de8,0x00000000c3600000)
 Metaspace       used 52031K, capacity 53176K, committed 53504K, reserved 1095680K
  class space    used 7198K, capacity 7583K, committed 7680K, reserved 1048576K
GC Heap History (10 events):
Event: 24.463 GC heap before
{Heap before GC invocations=11 (full 1):
 PSYoungGen      total 99328K, used 94869K [0x00000000eab00000, 0x00000000f1580000, 0x0000000100000000)
  eden space 91648K, 95% used [0x00000000eab00000,0x00000000f00298c0,0x00000000f0480000)
  from space 7680K, 99% used [0x00000000f0800000,0x00000000f0f7bd80,0x00000000f0f80000)
  to   space 6144K, 0% used [0x00000000f0f80000,0x00000000f0f80000,0x00000000f1580000)
 ParOldGen       total 34816K, used 12073K [0x00000000c0000000, 0x00000000c2200000, 0x00000000eab00000)
  object space 34816K, 34% used [0x00000000c0000000,0x00000000c0bca680,0x00000000c2200000)
 Metaspace       used 34616K, capacity 35288K, committed 35456K, reserved 1079296K
  class space    used 4742K, capacity 4954K, committed 4992K, reserved 1048576K
Event: 24.524 GC heap after
Heap after GC invocations=11 (full 1):
 PSYoungGen      total 97792K, used 6132K [0x00000000eab00000, 0x00000000f3180000, 0x0000000100000000)
  eden space 91648K, 0% used [0x00000000eab00000,0x00000000eab00000,0x00000000f0480000)
  from space 6144K, 99% used [0x00000000f0f80000,0x00000000f157d040,0x00000000f1580000)
  to   space 11264K, 0% used [0x00000000f0480000,0x00000000f0480000,0x00000000f0f80000)
 ParOldGen       total 34816K, used 18836K [0x00000000c0000000, 0x00000000c2200000, 0x00000000eab00000)
  object space 34816K, 54% used [0x00000000c0000000,0x00000000c12653a8,0x00000000c2200000)
 Metaspace       used 34616K, capacity 35288K, committed 35456K, reserved 1079296K
  class space    used 4742K, capacity 4954K, committed 4992K, reserved 1048576K
}
Event: 24.524 GC heap before
{Heap before GC invocations=12 (full 2):
 PSYoungGen      total 97792K, used 6132K [0x00000000eab00000, 0x00000000f3180000, 0x0000000100000000)
  eden space 91648K, 0% used [0x00000000eab00000,0x00000000eab00000,0x00000000f0480000)
  from space 6144K, 99% used [0x00000000f0f80000,0x00000000f157d040,0x00000000f1580000)
  to   space 11264K, 0% used [0x00000000f0480000,0x00000000f0480000,0x00000000f0f80000)
 ParOldGen       total 34816K, used 18836K [0x00000000c0000000, 0x00000000c2200000, 0x00000000eab00000)
  object space 34816K, 54% used [0x00000000c0000000,0x00000000c12653a8,0x00000000c2200000)
 Metaspace       used 34616K, capacity 35288K, committed 35456K, reserved 1079296K
  class space    used 4742K, capacity 4954K, committed 4992K, reserved 1048576K
Event: 24.878 GC heap after
Heap after GC invocations=12 (full 2):
 PSYoungGen      total 97792K, used 0K [0x00000000eab00000, 0x00000000f3180000, 0x0000000100000000)
  eden space 91648K, 0% used [0x00000000eab00000,0x00000000eab00000,0x00000000f0480000)
  from space 6144K, 0% used [0x00000000f0f80000,0x00000000f0f80000,0x00000000f1580000)
  to   space 11264K, 0% used [0x00000000f0480000,0x00000000f0480000,0x00000000f0f80000)
 ParOldGen       total 55296K, used 19231K [0x00000000c0000000, 0x00000000c3600000, 0x00000000eab00000)
  object space 55296K, 34% used [0x00000000c0000000,0x00000000c12c7ff8,0x00000000c3600000)
 Metaspace       used 34616K, capacity 35288K, committed 35456K, reserved 1079296K
  class space    used 4742K, capacity 4954K, committed 4992K, reserved 1048576K
}
Event: 28.663 GC heap before
{Heap before GC invocations=13 (full 2):
 PSYoungGen      total 97792K, used 91648K [0x00000000eab00000, 0x00000000f3180000, 0x0000000100000000)
  eden space 91648K, 100% used [0x00000000eab00000,0x00000000f0480000,0x00000000f0480000)
  from space 6144K, 0% used [0x00000000f0f80000,0x00000000f0f80000,0x00000000f1580000)
  to   space 11264K, 0% used [0x00000000f0480000,0x00000000f0480000,0x00000000f0f80000)
 ParOldGen       total 55296K, used 19231K [0x00000000c0000000, 0x00000000c3600000, 0x00000000eab00000)
  object space 55296K, 34% used [0x00000000c0000000,0x00000000c12c7ff8,0x00000000c3600000)
 Metaspace       used 38254K, capacity 38966K, committed 39296K, reserved 1083392K
  class space    used 5214K, capacity 5411K, committed 5504K, reserved 1048576K
Event: 28.730 GC heap after
Heap after GC invocations=13 (full 2):
 PSYoungGen      total 102912K, used 9469K [0x00000000eab00000, 0x00000000f3280000, 0x0000000100000000)
  eden space 91648K, 0% used [0x00000000eab00000,0x00000000eab00000,0x00000000f0480000)
  from space 11264K, 84% used [0x00000000f0480000,0x00000000f0dbf7c8,0x00000000f0f80000)
  to   space 12288K, 0% used [0x00000000f2680000,0x00000000f2680000,0x00000000f3280000)
 ParOldGen       total 55296K, used 19239K [0x00000000c0000000, 0x00000000c3600000, 0x00000000eab00000)
  object space 55296K, 34% used [0x00000000c0000000,0x00000000c12c9ff8,0x00000000c3600000)
 Metaspace       used 38254K, capacity 38966K, committed 39296K, reserved 1083392K
  class space    used 5214K, capacity 5411K, committed 5504K, reserved 1048576K
}
Event: 33.972 GC heap before
{Heap before GC invocations=14 (full 2):
 PSYoungGen      total 102912K, used 101117K [0x00000000eab00000, 0x00000000f3280000, 0x0000000100000000)
  eden space 91648K, 100% used [0x00000000eab00000,0x00000000f0480000,0x00000000f0480000)
  from space 11264K, 84% used [0x00000000f0480000,0x00000000f0dbf7c8,0x00000000f0f80000)
  to   space 12288K, 0% used [0x00000000f2680000,0x00000000f2680000,0x00000000f3280000)
 ParOldGen       total 55296K, used 19239K [0x00000000c0000000, 0x00000000c3600000, 0x00000000eab00000)
  object space 55296K, 34% used [0x00000000c0000000,0x00000000c12c9ff8,0x00000000c3600000)
 Metaspace       used 45844K, capacity 46698K, committed 46976K, reserved 1089536K
  class space    used 6290K, capacity 6520K, committed 6528K, reserved 1048576K
Event: 34.059 GC heap after
Heap after GC invocations=14 (full 2):
 PSYoungGen      total 122880K, used 12276K [0x00000000eab00000, 0x00000000f3980000, 0x0000000100000000)
  eden space 110592K, 0% used [0x00000000eab00000,0x00000000eab00000,0x00000000f1700000)
  from space 12288K, 99% used [0x00000000f2680000,0x00000000f327d138,0x00000000f3280000)
  to   space 15872K, 0% used [0x00000000f1700000,0x00000000f1700000,0x00000000f2680000)
 ParOldGen       total 55296K, used 23516K [0x00000000c0000000, 0x00000000c3600000, 0x00000000eab00000)
  object space 55296K, 42% used [0x00000000c0000000,0x00000000c16f70c8,0x00000000c3600000)
 Metaspace       used 45844K, capacity 46698K, committed 46976K, reserved 1089536K
  class space    used 6290K, capacity 6520K, committed 6528K, reserved 1048576K
}
Event: 42.213 GC heap before
{Heap before GC invocations=15 (full 2):
 PSYoungGen      total 122880K, used 122868K [0x00000000eab00000, 0x00000000f3980000, 0x0000000100000000)
  eden space 110592K, 100% used [0x00000000eab00000,0x00000000f1700000,0x00000000f1700000)
  from space 12288K, 99% used [0x00000000f2680000,0x00000000f327d138,0x00000000f3280000)
  to   space 15872K, 0% used [0x00000000f1700000,0x00000000f1700000,0x00000000f2680000)
 ParOldGen       total 55296K, used 23516K [0x00000000c0000000, 0x00000000c3600000, 0x00000000eab00000)
  object space 55296K, 42% used [0x00000000c0000000,0x00000000c16f70c8,0x00000000c3600000)
 Metaspace       used 49582K, capacity 50576K, committed 50816K, reserved 1093632K
  class space    used 6877K, capacity 7178K, committed 7296K, reserved 1048576K
Event: 42.472 GC heap after
Heap after GC invocations=15 (full 2):
 PSYoungGen      total 126464K, used 15840K [0x00000000eab00000, 0x00000000f5e80000, 0x0000000100000000)
  eden space 110592K, 0% used [0x00000000eab00000,0x00000000eab00000,0x00000000f1700000)
  from space 15872K, 99% used [0x00000000f1700000,0x00000000f26781f8,0x00000000f2680000)
  to   space 21504K, 0% used [0x00000000f4980000,0x00000000f4980000,0x00000000f5e80000)
 ParOldGen       total 55296K, used 32015K [0x00000000c0000000, 0x00000000c3600000, 0x00000000eab00000)
  object space 55296K, 57% used [0x00000000c0000000,0x00000000c1f43de8,0x00000000c3600000)
 Metaspace       used 49582K, capacity 50576K, committed 50816K, reserved 1093632K
  class space    used 6877K, capacity 7178K, committed 7296K, reserved 1048576K
}

