# JRE version: Java(TM) SE Runtime Environment (8.0_101-b13) (build 1.8.0_101-b13)
# Java VM: Java HotSpot(TM) 64-Bit Server VM (25.101-b13 mixed mode linux-amd64 compressed oops)
Heap:
 PSYoungGen      total 55296K, used 14245K [0x00000000eab00000, 0x00000000f1800000, 0x0000000100000000)
  eden space 48640K, 29% used [0x00000000eab00000,0x00000000eb8e9400,0x00000000eda80000)
  from space 6656K, 0% used [0x00000000eda80000,0x00000000eda80000,0x00000000ee100000)
  to   space 7168K, 0% used [0x00000000f1100000,0x00000000f1100000,0x00000000f1800000)
 ParOldGen       total 35328K, used 11945K [0x00000000c0000000, 0x00000000c2280000, 0x00000000eab00000)
  object space 35328K, 33% used [0x00000000c0000000,0x00000000c0baa6d0,0x00000000c2280000)
 Metaspace       used 21893K, capacity 22334K, committed 22656K, reserved 1069056K
  class space    used 2965K, capacity 3089K, committed 3200K, reserved 1048576K
GC Heap History (10 events):
Event: 3.454 GC heap before
{Heap before GC invocations=4 (full 0):
 PSYoungGen      total 13824K, used 13824K [0x00000000eab00000, 0x00000000ec600000, 0x0000000100000000)
  eden space 12288K, 100% used [0x00000000eab00000,0x00000000eb700000,0x00000000eb700000)
  from space 1536K, 100% used [0x00000000eb700000,0x00000000eb880000,0x00000000eb880000)
  to   space 1536K, 0% used [0x00000000ec480000,0x00000000ec480000,0x00000000ec600000)
 ParOldGen       total 31744K, used 2552K [0x00000000c0000000, 0x00000000c1f00000, 0x00000000eab00000)
  object space 31744K, 8% used [0x00000000c0000000,0x00000000c027e000,0x00000000c1f00000)
 Metaspace       used 11187K, capacity 11584K, committed 11648K, reserved 1058816K
  class space    used 1494K, capacity 1624K, committed 1664K, reserved 1048576K
Event: 3.485 GC heap after
Heap after GC invocations=4 (full 0):
 PSYoungGen      total 26112K, used 1504K [0x00000000eab00000, 0x00000000ec600000, 0x0000000100000000)
  eden space 24576K, 0% used [0x00000000eab00000,0x00000000eab00000,0x00000000ec300000)
  from space 1536K, 97% used [0x00000000ec480000,0x00000000ec5f8020,0x00000000ec600000)
  to   space 1536K, 0% used [0x00000000ec300000,0x00000000ec300000,0x00000000ec480000)
 ParOldGen       total 31744K, used 4566K [0x00000000c0000000, 0x00000000c1f00000, 0x00000000eab00000)
  object space 31744K, 14% used [0x00000000c0000000,0x00000000c0475b18,0x00000000c1f00000)
 Metaspace       used 11187K, capacity 11584K, committed 11648K, reserved 1058816K
  class space    used 1494K, capacity 1624K, committed 1664K, reserved 1048576K
}
Event: 5.399 GC heap before
{Heap before GC invocations=5 (full 0):
 PSYoungGen      total 26112K, used 26080K [0x00000000eab00000, 0x00000000ec600000, 0x0000000100000000)
  eden space 24576K, 100% used [0x00000000eab00000,0x00000000ec300000,0x00000000ec300000)
  from space 1536K, 97% used [0x00000000ec480000,0x00000000ec5f8020,0x00000000ec600000)
  to   space 1536K, 0% used [0x00000000ec300000,0x00000000ec300000,0x00000000ec480000)
 ParOldGen       total 31744K, used 4566K [0x00000000c0000000, 0x00000000c1f00000, 0x00000000eab00000)
  object space 31744K, 14% used [0x00000000c0000000,0x00000000c0475b18,0x00000000c1f00000)
 Metaspace       used 15975K, capacity 16352K, committed 16640K, reserved 1062912K
  class space    used 2121K, capacity 2232K, committed 2304K, reserved 1048576K
Event: 5.437 GC heap after
Heap after GC invocations=5 (full 0):
 PSYoungGen      total 26112K, used 1520K [0x00000000eab00000, 0x00000000ee700000, 0x0000000100000000)
  eden space 24576K, 0% used [0x00000000eab00000,0x00000000eab00000,0x00000000ec300000)
  from space 1536K, 98% used [0x00000000ec300000,0x00000000ec47c010,0x00000000ec480000)
  to   space 6144K, 0% used [0x00000000ee100000,0x00000000ee100000,0x00000000ee700000)
 ParOldGen       total 31744K, used 9059K [0x00000000c0000000, 0x00000000c1f00000, 0x00000000eab00000)
  object space 31744K, 28% used [0x00000000c0000000,0x00000000c08d8c38,0x00000000c1f00000)
 Metaspace       used 15975K, capacity 16352K, committed 16640K, reserved 1062912K
  class space    used 2121K, capacity 2232K, committed 2304K, reserved 1048576K
}
Event: 7.785 GC heap before
{Heap before GC invocations=6 (full 0):
 PSYoungGen      total 26112K, used 26096K [0x00000000eab00000, 0x00000000ee700000, 0x0000000100000000)
  eden space 24576K, 100% used [0x00000000eab00000,0x00000000ec300000,0x00000000ec300000)
  from space 1536K, 98% used [0x00000000ec300000,0x00000000ec47c010,0x00000000ec480000)
  to   space 6144K, 0% used [0x00000000ee100000,0x00000000ee100000,0x00000000ee700000)
 ParOldGen       total 31744K, used 9059K [0x00000000c0000000, 0x00000000c1f00000, 0x00000000eab00000)
  object space 31744K, 28% used [0x00000000c0000000,0x00000000c08d8c38,0x00000000c1f00000)
 Metaspace       used 19068K, capacity 19436K, committed 19584K, reserved 1067008K
  class space    used 2505K, capacity 2620K, committed 2688K, reserved 1048576K
Event: 7.864 GC heap after
Heap after GC invocations=6 (full 0):
 PSYoungGen      total 54784K, used 5104K [0x00000000eab00000, 0x00000000ee800000, 0x0000000100000000)
  eden space 48640K, 0% used [0x00000000eab00000,0x00000000eab00000,0x00000000eda80000)
  from space 6144K, 83% used [0x00000000ee100000,0x00000000ee5fc2b8,0x00000000ee700000)
  to   space 6656K, 0% used [0x00000000eda80000,0x00000000eda80000,0x00000000ee100000)
 ParOldGen       total 31744K, used 9059K [0x00000000c0000000, 0x00000000c1f00000, 0x00000000eab00000)
  object space 31744K, 28% used [0x00000000c0000000,0x00000000c08d8c38,0x00000000c1f00000)
 Metaspace       used 19068K, capacity 19436K, committed 19584K, reserved 1067008K
  class space    used 2505K, capacity 2620K, committed 2688K, reserved 1048576K
}
Event: 9.107 GC heap before
{Heap before GC invocations=7 (full 0):
 PSYoungGen      total 54784K, used 23493K [0x00000000eab00000, 0x00000000ee800000, 0x0000000100000000)
  eden space 48640K, 37% used [0x00000000eab00000,0x00000000ebcf5338,0x00000000eda80000)
  from space 6144K, 83% used [0x00000000ee100000,0x00000000ee5fc2b8,0x00000000ee700000)
  to   space 6656K, 0% used [0x00000000eda80000,0x00000000eda80000,0x00000000ee100000)
 ParOldGen       total 31744K, used 9059K [0x00000000c0000000, 0x00000000c1f00000, 0x00000000eab00000)
  object space 31744K, 28% used [0x00000000c0000000,0x00000000c08d8c38,0x00000000c1f00000)
 Metaspace       used 20886K, capacity 21240K, committed 21296K, reserved 1067008K
  class space    used 2809K, capacity 2943K, committed 2944K, reserved 1048576K
Event: 9.151 GC heap after
Heap after GC invocations=7 (full 0):
 PSYoungGen      total 55296K, used 5200K [0x00000000eab00000, 0x00000000f1800000, 0x0000000100000000)
  eden space 48640K, 0% used [0x00000000eab00000,0x00000000eab00000,0x00000000eda80000)
  from space 6656K, 78% used [0x00000000eda80000,0x00000000edf94308,0x00000000ee100000)
  to   space 7168K, 0% used [0x00000000f1100000,0x00000000f1100000,0x00000000f1800000)
 ParOldGen       total 31744K, used 9339K [0x00000000c0000000, 0x00000000c1f00000, 0x00000000eab00000)
  object space 31744K, 29% used [0x00000000c0000000,0x00000000c091ec58,0x00000000c1f00000)
 Metaspace       used 20886K, capacity 21240K, committed 21296K, reserved 1067008K
  class space    used 2809K, capacity 2943K, committed 2944K, reserved 1048576K
}
Event: 9.152 GC heap before
{Heap before GC invocations=8 (full 1):
 PSYoungGen      total 55296K, used 5200K [0x00000000eab00000, 0x00000000f1800000, 0x0000000100000000)
  eden space 48640K, 0% used [0x00000000eab00000,0x00000000eab00000,0x00000000eda80000)
  from space 6656K, 78% used [0x00000000eda80000,0x00000000edf94308,0x00000000ee100000)
  to   space 7168K, 0% used [0x00000000f1100000,0x00000000f1100000,0x00000000f1800000)
 ParOldGen       total 31744K, used 9339K [0x00000000c0000000, 0x00000000c1f00000, 0x00000000eab00000)
  object space 31744K, 29% used [0x00000000c0000000,0x00000000c091ec58,0x00000000c1f00000)
 Metaspace       used 20886K, capacity 21240K, committed 21296K, reserved 1067008K
  class space    used 2809K, capacity 2943K, committed 2944K, reserved 1048576K
Event: 9.439 GC heap after
Heap after GC invocations=8 (full 1):
 PSYoungGen      total 55296K, used 0K [0x00000000eab00000, 0x00000000f1800000, 0x0000000100000000)
  eden space 48640K, 0% used [0x00000000eab00000,0x00000000eab00000,0x00000000eda80000)
  from space 6656K, 0% used [0x00000000eda80000,0x00000000eda80000,0x00000000ee100000)
  to   space 7168K, 0% used [0x00000000f1100000,0x00000000f1100000,0x00000000f1800000)
 ParOldGen       total 35328K, used 11945K [0x00000000c0000000, 0x00000000c2280000, 0x00000000eab00000)
  object space 35328K, 33% used [0x00000000c0000000,0x00000000c0baa6d0,0x00000000c2280000)
 Metaspace       used 20886K, capacity 21240K, committed 21296K, reserved 1067008K
  class space    used 2809K, capacity 2943K, committed 2944K, reserved 1048576K
}

