# JRE version: Java(TM) SE Runtime Environment (8.0_101-b13) (build 1.8.0_101-b13)
# Java VM: Java HotSpot(TM) 64-Bit Server VM (25.101-b13 mixed mode linux-amd64 compressed oops)
Heap:
 PSYoungGen      total 203264K, used 139882K [0x00000000eab00000, 0x00000000f8100000, 0x0000000100000000)
  eden space 187392K, 74% used [0x00000000eab00000,0x00000000f339a838,0x00000000f6200000)
  from space 15872K, 0% used [0x00000000f7180000,0x00000000f7180000,0x00000000f8100000)
  to   space 15872K, 0% used [0x00000000f6200000,0x00000000f6200000,0x00000000f7180000)
 ParOldGen       total 83456K, used 38246K [0x00000000c0000000, 0x00000000c5180000, 0x00000000eab00000)
  object space 83456K, 45% used [0x00000000c0000000,0x00000000c2559800,0x00000000c5180000)
 Metaspace       used 64038K, capacity 65932K, committed 66304K, reserved 1105920K
  class space    used 8506K, capacity 8878K, committed 8960K, reserved 1048576K
GC Heap History (10 events):
Event: 335.179 GC heap before
{Heap before GC invocations=28 (full 5):
 PSYoungGen      total 165376K, used 148933K [0x00000000eab00000, 0x00000000f5b80000, 0x0000000100000000)
  eden space 150016K, 99% used [0x00000000eab00000,0x00000000f3c71798,0x00000000f3d80000)
  from space 15360K, 0% used [0x00000000f4c80000,0x00000000f4c80000,0x00000000f5b80000)
  to   space 15360K, 0% used [0x00000000f3d80000,0x00000000f3d80000,0x00000000f4c80000)
 ParOldGen       total 83456K, used 43740K [0x00000000c0000000, 0x00000000c5180000, 0x00000000eab00000)
  object space 83456K, 52% used [0x00000000c0000000,0x00000000c2ab71d0,0x00000000c5180000)
 Metaspace       used 62929K, capacity 64458K, committed 64640K, reserved 1105920K
  class space    used 8458K, capacity 8809K, committed 8832K, reserved 1048576K
Event: 335.358 GC heap after
Heap after GC invocations=28 (full 5):
 PSYoungGen      total 165376K, used 13919K [0x00000000eab00000, 0x00000000f7580000, 0x0000000100000000)
  eden space 150016K, 0% used [0x00000000eab00000,0x00000000eab00000,0x00000000f3d80000)
  from space 15360K, 90% used [0x00000000f3d80000,0x00000000f4b17fb0,0x00000000f4c80000)
  to   space 17408K, 0% used [0x00000000f6480000,0x00000000f6480000,0x00000000f7580000)
 ParOldGen       total 83456K, used 43748K [0x00000000c0000000, 0x00000000c5180000, 0x00000000eab00000)
  object space 83456K, 52% used [0x00000000c0000000,0x00000000c2ab91d0,0x00000000c5180000)
 Metaspace       used 62929K, capacity 64458K, committed 64640K, reserved 1105920K
  class space    used 8458K, capacity 8809K, committed 8832K, reserved 1048576K
}
Event: 1265.375 GC heap before
{Heap before GC invocations=29 (full 5):
 PSYoungGen      total 165376K, used 163935K [0x00000000eab00000, 0x00000000f7580000, 0x0000000100000000)
  eden space 150016K, 100% used [0x00000000eab00000,0x00000000f3d80000,0x00000000f3d80000)
  from space 15360K, 90% used [0x00000000f3d80000,0x00000000f4b17fb0,0x00000000f4c80000)
  to   space 17408K, 0% used [0x00000000f6480000,0x00000000f6480000,0x00000000f7580000)
 ParOldGen       total 83456K, used 43748K [0x00000000c0000000, 0x00000000c5180000, 0x00000000eab00000)
  object space 83456K, 52% used [0x00000000c0000000,0x00000000c2ab91d0,0x00000000c5180000)
 Metaspace       used 63190K, capacity 64816K, committed 64896K, reserved 1105920K
  class space    used 8473K, capacity 8830K, committed 8832K, reserved 1048576K
Event: 1265.449 GC heap after
Heap after GC invocations=29 (full 5):
 PSYoungGen      total 181760K, used 3251K [0x00000000eab00000, 0x00000000f7100000, 0x0000000100000000)
  eden space 168960K, 0% used [0x00000000eab00000,0x00000000eab00000,0x00000000f5000000)
  from space 12800K, 25% used [0x00000000f6480000,0x00000000f67acf50,0x00000000f7100000)
  to   space 16896K, 0% used [0x00000000f5000000,0x00000000f5000000,0x00000000f6080000)
 ParOldGen       total 83456K, used 43756K [0x00000000c0000000, 0x00000000c5180000, 0x00000000eab00000)
  object space 83456K, 52% used [0x00000000c0000000,0x00000000c2abb1d0,0x00000000c5180000)
 Metaspace       used 63190K, capacity 64816K, committed 64896K, reserved 1105920K
  class space    used 8473K, capacity 8830K, committed 8832K, reserved 1048576K
}
Event: 1283.304 GC heap before
{Heap before GC invocations=30 (full 5):
 PSYoungGen      total 181760K, used 172211K [0x00000000eab00000, 0x00000000f7100000, 0x0000000100000000)
  eden space 168960K, 100% used [0x00000000eab00000,0x00000000f5000000,0x00000000f5000000)
  from space 12800K, 25% used [0x00000000f6480000,0x00000000f67acf50,0x00000000f7100000)
  to   space 16896K, 0% used [0x00000000f5000000,0x00000000f5000000,0x00000000f6080000)
 ParOldGen       total 83456K, used 43756K [0x00000000c0000000, 0x00000000c5180000, 0x00000000eab00000)
  object space 83456K, 52% used [0x00000000c0000000,0x00000000c2abb1d0,0x00000000c5180000)
 Metaspace       used 63859K, capacity 65736K, committed 66048K, reserved 1105920K
  class space    used 8514K, capacity 8898K, committed 8960K, reserved 1048576K
Event: 1283.340 GC heap after
Heap after GC invocations=30 (full 5):
 PSYoungGen      total 185856K, used 6604K [0x00000000eab00000, 0x00000000f8100000, 0x0000000100000000)
  eden space 168960K, 0% used [0x00000000eab00000,0x00000000eab00000,0x00000000f5000000)
  from space 16896K, 39% used [0x00000000f5000000,0x00000000f5673380,0x00000000f6080000)
  to   space 15872K, 0% used [0x00000000f7180000,0x00000000f7180000,0x00000000f8100000)
 ParOldGen       total 83456K, used 43764K [0x00000000c0000000, 0x00000000c5180000, 0x00000000eab00000)
  object space 83456K, 52% used [0x00000000c0000000,0x00000000c2abd1d0,0x00000000c5180000)
 Metaspace       used 63859K, capacity 65736K, committed 66048K, reserved 1105920K
  class space    used 8514K, capacity 8898K, committed 8960K, reserved 1048576K
}
Event: 1283.636 GC heap before
{Heap before GC invocations=31 (full 5):
 PSYoungGen      total 185856K, used 10405K [0x00000000eab00000, 0x00000000f8100000, 0x0000000100000000)
  eden space 168960K, 2% used [0x00000000eab00000,0x00000000eaeb6290,0x00000000f5000000)
  from space 16896K, 39% used [0x00000000f5000000,0x00000000f5673380,0x00000000f6080000)
  to   space 15872K, 0% used [0x00000000f7180000,0x00000000f7180000,0x00000000f8100000)
 ParOldGen       total 83456K, used 43764K [0x00000000c0000000, 0x00000000c5180000, 0x00000000eab00000)
  object space 83456K, 52% used [0x00000000c0000000,0x00000000c2abd1d0,0x00000000c5180000)
 Metaspace       used 63867K, capacity 65742K, committed 66048K, reserved 1105920K
  class space    used 8514K, capacity 8899K, committed 8960K, reserved 1048576K
Event: 1283.651 GC heap after
Heap after GC invocations=31 (full 5):
 PSYoungGen      total 203264K, used 1844K [0x00000000eab00000, 0x00000000f8100000, 0x0000000100000000)
  eden space 187392K, 0% used [0x00000000eab00000,0x00000000eab00000,0x00000000f6200000)
  from space 15872K, 11% used [0x00000000f7180000,0x00000000f734d320,0x00000000f8100000)
  to   space 15872K, 0% used [0x00000000f6200000,0x00000000f6200000,0x00000000f7180000)
 ParOldGen       total 83456K, used 43772K [0x00000000c0000000, 0x00000000c5180000, 0x00000000eab00000)
  object space 83456K, 52% used [0x00000000c0000000,0x00000000c2abf1d0,0x00000000c5180000)
 Metaspace       used 63867K, capacity 65742K, committed 66048K, reserved 1105920K
  class space    used 8514K, capacity 8899K, committed 8960K, reserved 1048576K
}
Event: 1283.651 GC heap before
{Heap before GC invocations=32 (full 6):
 PSYoungGen      total 203264K, used 1844K [0x00000000eab00000, 0x00000000f8100000, 0x0000000100000000)
  eden space 187392K, 0% used [0x00000000eab00000,0x00000000eab00000,0x00000000f6200000)
  from space 15872K, 11% used [0x00000000f7180000,0x00000000f734d320,0x00000000f8100000)
  to   space 15872K, 0% used [0x00000000f6200000,0x00000000f6200000,0x00000000f7180000)
 ParOldGen       total 83456K, used 43772K [0x00000000c0000000, 0x00000000c5180000, 0x00000000eab00000)
  object space 83456K, 52% used [0x00000000c0000000,0x00000000c2abf1d0,0x00000000c5180000)
 Metaspace       used 63867K, capacity 65742K, committed 66048K, reserved 1105920K
  class space    used 8514K, capacity 8899K, committed 8960K, reserved 1048576K
Event: 1284.342 GC heap after
Heap after GC invocations=32 (full 6):
 PSYoungGen      total 203264K, used 0K [0x00000000eab00000, 0x00000000f8100000, 0x0000000100000000)
  eden space 187392K, 0% used [0x00000000eab00000,0x00000000eab00000,0x00000000f6200000)
  from space 15872K, 0% used [0x00000000f7180000,0x00000000f7180000,0x00000000f8100000)
  to   space 15872K, 0% used [0x00000000f6200000,0x00000000f6200000,0x00000000f7180000)
 ParOldGen       total 83456K, used 38246K [0x00000000c0000000, 0x00000000c5180000, 0x00000000eab00000)
  object space 83456K, 45% used [0x00000000c0000000,0x00000000c2559800,0x00000000c5180000)
 Metaspace       used 63756K, capacity 65564K, committed 66048K, reserved 1105920K
  class space    used 8496K, capacity 8866K, committed 8960K, reserved 1048576K
}

