# JRE version: Java(TM) SE Runtime Environment (8.0_101-b13) (build 1.8.0_101-b13)
# Java VM: Java HotSpot(TM) 64-Bit Server VM (25.101-b13 mixed mode linux-amd64 compressed oops)
Heap:
 PSYoungGen      total 184320K, used 55343K [0x00000000eab00000, 0x00000000f7180000, 0x0000000100000000)
  eden space 166400K, 33% used [0x00000000eab00000,0x00000000ee10bcd0,0x00000000f4d80000)
  from space 17920K, 0% used [0x00000000f5f80000,0x00000000f5f80000,0x00000000f7100000)
  to   space 18432K, 0% used [0x00000000f4d80000,0x00000000f4d80000,0x00000000f5f80000)
 ParOldGen       total 96768K, used 48752K [0x00000000c0000000, 0x00000000c5e80000, 0x00000000eab00000)
  object space 96768K, 50% used [0x00000000c0000000,0x00000000c2f9c120,0x00000000c5e80000)
 Metaspace       used 58480K, capacity 59628K, committed 59776K, reserved 1101824K
  class space    used 7971K, capacity 8316K, committed 8320K, reserved 1048576K
GC Heap History (10 events):
Event: 16.123 GC heap before
{Heap before GC invocations=13 (full 2):
 PSYoungGen      total 110080K, used 5190K [0x00000000eab00000, 0x00000000f4100000, 0x0000000100000000)
  eden space 99840K, 0% used [0x00000000eab00000,0x00000000eab00000,0x00000000f0c80000)
  from space 10240K, 50% used [0x00000000f0c80000,0x00000000f1191b68,0x00000000f1680000)
  to   space 9728K, 0% used [0x00000000f3780000,0x00000000f3780000,0x00000000f4100000)
 ParOldGen       total 33792K, used 19540K [0x00000000c0000000, 0x00000000c2100000, 0x00000000eab00000)
  object space 33792K, 57% used [0x00000000c0000000,0x00000000c13152f8,0x00000000c2100000)
 Metaspace       used 34616K, capacity 35250K, committed 35456K, reserved 1079296K
  class space    used 4752K, capacity 4937K, committed 4992K, reserved 1048576K
Event: 16.397 GC heap after
Heap after GC invocations=13 (full 2):
 PSYoungGen      total 110080K, used 0K [0x00000000eab00000, 0x00000000f4100000, 0x0000000100000000)
  eden space 99840K, 0% used [0x00000000eab00000,0x00000000eab00000,0x00000000f0c80000)
  from space 10240K, 0% used [0x00000000f0c80000,0x00000000f0c80000,0x00000000f1680000)
  to   space 9728K, 0% used [0x00000000f3780000,0x00000000f3780000,0x00000000f4100000)
 ParOldGen       total 50176K, used 18603K [0x00000000c0000000, 0x00000000c3100000, 0x00000000eab00000)
  object space 50176K, 37% used [0x00000000c0000000,0x00000000c122af48,0x00000000c3100000)
 Metaspace       used 34616K, capacity 35250K, committed 35456K, reserved 1079296K
  class space    used 4752K, capacity 4937K, committed 4992K, reserved 1048576K
}
Event: 20.387 GC heap before
{Heap before GC invocations=14 (full 2):
 PSYoungGen      total 110080K, used 99840K [0x00000000eab00000, 0x00000000f4100000, 0x0000000100000000)
  eden space 99840K, 100% used [0x00000000eab00000,0x00000000f0c80000,0x00000000f0c80000)
  from space 10240K, 0% used [0x00000000f0c80000,0x00000000f0c80000,0x00000000f1680000)
  to   space 9728K, 0% used [0x00000000f3780000,0x00000000f3780000,0x00000000f4100000)
 ParOldGen       total 50176K, used 18603K [0x00000000c0000000, 0x00000000c3100000, 0x00000000eab00000)
  object space 50176K, 37% used [0x00000000c0000000,0x00000000c122af48,0x00000000c3100000)
 Metaspace       used 42726K, capacity 43592K, committed 43904K, reserved 1087488K
  class space    used 5921K, capacity 6183K, committed 6272K, reserved 1048576K
Event: 20.460 GC heap after
Heap after GC invocations=14 (full 2):
 PSYoungGen      total 139264K, used 9698K [0x00000000eab00000, 0x00000000f4100000, 0x0000000100000000)
  eden space 129536K, 0% used [0x00000000eab00000,0x00000000eab00000,0x00000000f2980000)
  from space 9728K, 99% used [0x00000000f3780000,0x00000000f40f8a88,0x00000000f4100000)
  to   space 11776K, 0% used [0x00000000f2a00000,0x00000000f2a00000,0x00000000f3580000)
 ParOldGen       total 50176K, used 20321K [0x00000000c0000000, 0x00000000c3100000, 0x00000000eab00000)
  object space 50176K, 40% used [0x00000000c0000000,0x00000000c13d86e0,0x00000000c3100000)
 Metaspace       used 42726K, capacity 43592K, committed 43904K, reserved 1087488K
  class space    used 5921K, capacity 6183K, committed 6272K, reserved 1048576K
}
Event: 25.600 GC heap before
{Heap before GC invocations=15 (full 2):
 PSYoungGen      total 139264K, used 139234K [0x00000000eab00000, 0x00000000f4100000, 0x0000000100000000)
  eden space 129536K, 100% used [0x00000000eab00000,0x00000000f2980000,0x00000000f2980000)
  from space 9728K, 99% used [0x00000000f3780000,0x00000000f40f8a88,0x00000000f4100000)
  to   space 11776K, 0% used [0x00000000f2a00000,0x00000000f2a00000,0x00000000f3580000)
 ParOldGen       total 50176K, used 20321K [0x00000000c0000000, 0x00000000c3100000, 0x00000000eab00000)
  object space 50176K, 40% used [0x00000000c0000000,0x00000000c13d86e0,0x00000000c3100000)
 Metaspace       used 49257K, capacity 50394K, committed 50560K, reserved 1093632K
  class space    used 6866K, capacity 7186K, committed 7296K, reserved 1048576K
Event: 25.702 GC heap after
Heap after GC invocations=15 (full 2):
 PSYoungGen      total 141824K, used 11744K [0x00000000eab00000, 0x00000000f7100000, 0x0000000100000000)
  eden space 130048K, 0% used [0x00000000eab00000,0x00000000eab00000,0x00000000f2a00000)
  from space 11776K, 99% used [0x00000000f2a00000,0x00000000f3578010,0x00000000f3580000)
  to   space 17920K, 0% used [0x00000000f5f80000,0x00000000f5f80000,0x00000000f7100000)
 ParOldGen       total 50176K, used 32837K [0x00000000c0000000, 0x00000000c3100000, 0x00000000eab00000)
  object space 50176K, 65% used [0x00000000c0000000,0x00000000c2011488,0x00000000c3100000)
 Metaspace       used 49257K, capacity 50394K, committed 50560K, reserved 1093632K
  class space    used 6866K, capacity 7186K, committed 7296K, reserved 1048576K
}
Event: 31.688 GC heap before
{Heap before GC invocations=16 (full 2):
 PSYoungGen      total 141824K, used 141792K [0x00000000eab00000, 0x00000000f7100000, 0x0000000100000000)
  eden space 130048K, 100% used [0x00000000eab00000,0x00000000f2a00000,0x00000000f2a00000)
  from space 11776K, 99% used [0x00000000f2a00000,0x00000000f3578010,0x00000000f3580000)
  to   space 17920K, 0% used [0x00000000f5f80000,0x00000000f5f80000,0x00000000f7100000)
 ParOldGen       total 50176K, used 32837K [0x00000000c0000000, 0x00000000c3100000, 0x00000000eab00000)
  object space 50176K, 65% used [0x00000000c0000000,0x00000000c2011488,0x00000000c3100000)
 Metaspace       used 57159K, capacity 58316K, committed 58496K, reserved 1099776K
  class space    used 7876K, capacity 8220K, committed 8320K, reserved 1048576K
Event: 31.779 GC heap after
Heap after GC invocations=16 (full 2):
 PSYoungGen      total 184320K, used 11115K [0x00000000eab00000, 0x00000000f7180000, 0x0000000100000000)
  eden space 166400K, 0% used [0x00000000eab00000,0x00000000eab00000,0x00000000f4d80000)
  from space 17920K, 62% used [0x00000000f5f80000,0x00000000f6a5ae28,0x00000000f7100000)
  to   space 18432K, 0% used [0x00000000f4d80000,0x00000000f4d80000,0x00000000f5f80000)
 ParOldGen       total 50176K, used 44529K [0x00000000c0000000, 0x00000000c3100000, 0x00000000eab00000)
  object space 50176K, 88% used [0x00000000c0000000,0x00000000c2b7c758,0x00000000c3100000)
 Metaspace       used 57159K, capacity 58316K, committed 58496K, reserved 1099776K
  class space    used 7876K, capacity 8220K, committed 8320K, reserved 1048576K
}
Event: 31.779 GC heap before
{Heap before GC invocations=17 (full 3):
 PSYoungGen      total 184320K, used 11115K [0x00000000eab00000, 0x00000000f7180000, 0x0000000100000000)
  eden space 166400K, 0% used [0x00000000eab00000,0x00000000eab00000,0x00000000f4d80000)
  from space 17920K, 62% used [0x00000000f5f80000,0x00000000f6a5ae28,0x00000000f7100000)
  to   space 18432K, 0% used [0x00000000f4d80000,0x00000000f4d80000,0x00000000f5f80000)
 ParOldGen       total 50176K, used 44529K [0x00000000c0000000, 0x00000000c3100000, 0x00000000eab00000)
  object space 50176K, 88% used [0x00000000c0000000,0x00000000c2b7c758,0x00000000c3100000)
 Metaspace       used 57159K, capacity 58316K, committed 58496K, reserved 1099776K
  class space    used 7876K, capacity 8220K, committed 8320K, reserved 1048576K
Event: 32.613 GC heap after
Heap after GC invocations=17 (full 3):
 PSYoungGen      total 184320K, used 0K [0x00000000eab00000, 0x00000000f7180000, 0x0000000100000000)
  eden space 166400K, 0% used [0x00000000eab00000,0x00000000eab00000,0x00000000f4d80000)
  from space 17920K, 0% used [0x00000000f5f80000,0x00000000f5f80000,0x00000000f7100000)
  to   space 18432K, 0% used [0x00000000f4d80000,0x00000000f4d80000,0x00000000f5f80000)
 ParOldGen       total 96768K, used 48752K [0x00000000c0000000, 0x00000000c5e80000, 0x00000000eab00000)
  object space 96768K, 50% used [0x00000000c0000000,0x00000000c2f9c120,0x00000000c5e80000)
 Metaspace       used 57159K, capacity 58316K, committed 58496K, reserved 1099776K
  class space    used 7876K, capacity 8220K, committed 8320K, reserved 1048576K
}

