# JRE version: Java(TM) SE Runtime Environment (8.0_101-b13) (build 1.8.0_101-b13)
# Java VM: Java HotSpot(TM) 64-Bit Server VM (25.101-b13 mixed mode linux-amd64 compressed oops)
Heap:
 PSYoungGen      total 288768K, used 188209K [0x00000000eab00000, 0x00000000fe100000, 0x0000000100000000)
  eden space 261632K, 71% used [0x00000000eab00000,0x00000000f62cc7c0,0x00000000faa80000)
  from space 27136K, 0% used [0x00000000fc580000,0x00000000fc580000,0x00000000fe000000)
  to   space 27648K, 0% used [0x00000000faa80000,0x00000000faa80000,0x00000000fc580000)
 ParOldGen       total 94208K, used 43841K [0x00000000c0000000, 0x00000000c5c00000, 0x00000000eab00000)
  object space 94208K, 46% used [0x00000000c0000000,0x00000000c2ad0520,0x00000000c5c00000)
 Metaspace       used 63878K, capacity 65356K, committed 65496K, reserved 1105920K
  class space    used 8485K, capacity 8848K, committed 8960K, reserved 1048576K
GC Heap History (10 events):
Event: 130.446 GC heap before
{Heap before GC invocations=19 (full 3):
 PSYoungGen      total 166912K, used 133348K [0x00000000eab00000, 0x00000000fa300000, 0x0000000100000000)
  eden space 142336K, 93% used [0x00000000eab00000,0x00000000f2d392b8,0x00000000f3600000)
  from space 24576K, 0% used [0x00000000f3600000,0x00000000f3600000,0x00000000f4e00000)
  to   space 27648K, 0% used [0x00000000f8800000,0x00000000f8800000,0x00000000fa300000)
 ParOldGen       total 94208K, used 50942K [0x00000000c0000000, 0x00000000c5c00000, 0x00000000eab00000)
  object space 94208K, 54% used [0x00000000c0000000,0x00000000c31bfb18,0x00000000c5c00000)
 Metaspace       used 62057K, capacity 63140K, committed 63320K, reserved 1103872K
  class space    used 8419K, capacity 8748K, committed 8832K, reserved 1048576K
Event: 130.529 GC heap after
Heap after GC invocations=19 (full 3):
 PSYoungGen      total 223232K, used 17915K [0x00000000eab00000, 0x00000000fa280000, 0x0000000100000000)
  eden space 196096K, 0% used [0x00000000eab00000,0x00000000eab00000,0x00000000f6a80000)
  from space 27136K, 66% used [0x00000000f8800000,0x00000000f997ee00,0x00000000fa280000)
  to   space 28672K, 0% used [0x00000000f6a80000,0x00000000f6a80000,0x00000000f8680000)
 ParOldGen       total 94208K, used 50950K [0x00000000c0000000, 0x00000000c5c00000, 0x00000000eab00000)
  object space 94208K, 54% used [0x00000000c0000000,0x00000000c31c1b18,0x00000000c5c00000)
 Metaspace       used 62057K, capacity 63140K, committed 63320K, reserved 1103872K
  class space    used 8419K, capacity 8748K, committed 8832K, reserved 1048576K
}
Event: 130.563 GC heap before
{Heap before GC invocations=20 (full 4):
 PSYoungGen      total 223232K, used 17915K [0x00000000eab00000, 0x00000000fa280000, 0x0000000100000000)
  eden space 196096K, 0% used [0x00000000eab00000,0x00000000eab00000,0x00000000f6a80000)
  from space 27136K, 66% used [0x00000000f8800000,0x00000000f997ee00,0x00000000fa280000)
  to   space 28672K, 0% used [0x00000000f6a80000,0x00000000f6a80000,0x00000000f8680000)
 ParOldGen       total 94208K, used 50950K [0x00000000c0000000, 0x00000000c5c00000, 0x00000000eab00000)
  object space 94208K, 54% used [0x00000000c0000000,0x00000000c31c1b18,0x00000000c5c00000)
 Metaspace       used 62057K, capacity 63140K, committed 63320K, reserved 1103872K
  class space    used 8419K, capacity 8748K, committed 8832K, reserved 1048576K
Event: 131.646 GC heap after
Heap after GC invocations=20 (full 4):
 PSYoungGen      total 223232K, used 0K [0x00000000eab00000, 0x00000000fa280000, 0x0000000100000000)
  eden space 196096K, 0% used [0x00000000eab00000,0x00000000eab00000,0x00000000f6a80000)
  from space 27136K, 0% used [0x00000000f8800000,0x00000000f8800000,0x00000000fa280000)
  to   space 28672K, 0% used [0x00000000f6a80000,0x00000000f6a80000,0x00000000f8680000)
 ParOldGen       total 94208K, used 44453K [0x00000000c0000000, 0x00000000c5c00000, 0x00000000eab00000)
  object space 94208K, 47% used [0x00000000c0000000,0x00000000c2b69608,0x00000000c5c00000)
 Metaspace       used 62057K, capacity 63140K, committed 63320K, reserved 1103872K
  class space    used 8419K, capacity 8748K, committed 8832K, reserved 1048576K
}
Event: 397.127 GC heap before
{Heap before GC invocations=21 (full 4):
 PSYoungGen      total 223232K, used 196096K [0x00000000eab00000, 0x00000000fa280000, 0x0000000100000000)
  eden space 196096K, 100% used [0x00000000eab00000,0x00000000f6a80000,0x00000000f6a80000)
  from space 27136K, 0% used [0x00000000f8800000,0x00000000f8800000,0x00000000fa280000)
  to   space 28672K, 0% used [0x00000000f6a80000,0x00000000f6a80000,0x00000000f8680000)
 ParOldGen       total 94208K, used 44453K [0x00000000c0000000, 0x00000000c5c00000, 0x00000000eab00000)
  object space 94208K, 47% used [0x00000000c0000000,0x00000000c2b69608,0x00000000c5c00000)
 Metaspace       used 63023K, capacity 64350K, committed 64600K, reserved 1105920K
  class space    used 8463K, capacity 8815K, committed 8832K, reserved 1048576K
Event: 397.294 GC heap after
Heap after GC invocations=21 (full 4):
 PSYoungGen      total 224768K, used 12598K [0x00000000eab00000, 0x00000000fe000000, 0x0000000100000000)
  eden space 196096K, 0% used [0x00000000eab00000,0x00000000eab00000,0x00000000f6a80000)
  from space 28672K, 43% used [0x00000000f6a80000,0x00000000f76cdaf8,0x00000000f8680000)
  to   space 27136K, 0% used [0x00000000fc580000,0x00000000fc580000,0x00000000fe000000)
 ParOldGen       total 94208K, used 44461K [0x00000000c0000000, 0x00000000c5c00000, 0x00000000eab00000)
  object space 94208K, 47% used [0x00000000c0000000,0x00000000c2b6b608,0x00000000c5c00000)
 Metaspace       used 63023K, capacity 64350K, committed 64600K, reserved 1105920K
  class space    used 8463K, capacity 8815K, committed 8832K, reserved 1048576K
}
Event: 422.627 GC heap before
{Heap before GC invocations=22 (full 4):
 PSYoungGen      total 224768K, used 118083K [0x00000000eab00000, 0x00000000fe000000, 0x0000000100000000)
  eden space 196096K, 53% used [0x00000000eab00000,0x00000000f1203398,0x00000000f6a80000)
  from space 28672K, 43% used [0x00000000f6a80000,0x00000000f76cdaf8,0x00000000f8680000)
  to   space 27136K, 0% used [0x00000000fc580000,0x00000000fc580000,0x00000000fe000000)
 ParOldGen       total 94208K, used 44461K [0x00000000c0000000, 0x00000000c5c00000, 0x00000000eab00000)
  object space 94208K, 47% used [0x00000000c0000000,0x00000000c2b6b608,0x00000000c5c00000)
 Metaspace       used 63350K, capacity 64712K, committed 64856K, reserved 1105920K
  class space    used 8467K, capacity 8822K, committed 8832K, reserved 1048576K
Event: 422.644 GC heap after
Heap after GC invocations=22 (full 4):
 PSYoungGen      total 288768K, used 384K [0x00000000eab00000, 0x00000000fe100000, 0x0000000100000000)
  eden space 261632K, 0% used [0x00000000eab00000,0x00000000eab00000,0x00000000faa80000)
  from space 27136K, 1% used [0x00000000fc580000,0x00000000fc5e0000,0x00000000fe000000)
  to   space 27648K, 0% used [0x00000000faa80000,0x00000000faa80000,0x00000000fc580000)
 ParOldGen       total 94208K, used 45758K [0x00000000c0000000, 0x00000000c5c00000, 0x00000000eab00000)
  object space 94208K, 48% used [0x00000000c0000000,0x00000000c2caf9d8,0x00000000c5c00000)
 Metaspace       used 63350K, capacity 64712K, committed 64856K, reserved 1105920K
  class space    used 8467K, capacity 8822K, committed 8832K, reserved 1048576K
}
Event: 422.644 GC heap before
{Heap before GC invocations=23 (full 5):
 PSYoungGen      total 288768K, used 384K [0x00000000eab00000, 0x00000000fe100000, 0x0000000100000000)
  eden space 261632K, 0% used [0x00000000eab00000,0x00000000eab00000,0x00000000faa80000)
  from space 27136K, 1% used [0x00000000fc580000,0x00000000fc5e0000,0x00000000fe000000)
  to   space 27648K, 0% used [0x00000000faa80000,0x00000000faa80000,0x00000000fc580000)
 ParOldGen       total 94208K, used 45758K [0x00000000c0000000, 0x00000000c5c00000, 0x00000000eab00000)
  object space 94208K, 48% used [0x00000000c0000000,0x00000000c2caf9d8,0x00000000c5c00000)
 Metaspace       used 63350K, capacity 64712K, committed 64856K, reserved 1105920K
  class space    used 8467K, capacity 8822K, committed 8832K, reserved 1048576K
Event: 423.776 GC heap after
Heap after GC invocations=23 (full 5):
 PSYoungGen      total 288768K, used 0K [0x00000000eab00000, 0x00000000fe100000, 0x0000000100000000)
  eden space 261632K, 0% used [0x00000000eab00000,0x00000000eab00000,0x00000000faa80000)
  from space 27136K, 0% used [0x00000000fc580000,0x00000000fc580000,0x00000000fe000000)
  to   space 27648K, 0% used [0x00000000faa80000,0x00000000faa80000,0x00000000fc580000)
 ParOldGen       total 94208K, used 43841K [0x00000000c0000000, 0x00000000c5c00000, 0x00000000eab00000)
  object space 94208K, 46% used [0x00000000c0000000,0x00000000c2ad0520,0x00000000c5c00000)
 Metaspace       used 63350K, capacity 64712K, committed 64856K, reserved 1105920K
  class space    used 8467K, capacity 8822K, committed 8832K, reserved 1048576K
}

