# JRE version: Java(TM) SE Runtime Environment (8.0_101-b13) (build 1.8.0_101-b13)
# Java VM: Java HotSpot(TM) 64-Bit Server VM (25.101-b13 mixed mode linux-amd64 compressed oops)
Heap:
 PSYoungGen      total 170496K, used 106026K [0x00000000eab00000, 0x00000000f6800000, 0x0000000100000000)
  eden space 148992K, 71% used [0x00000000eab00000,0x00000000f128ab70,0x00000000f3c80000)
  from space 21504K, 0% used [0x00000000f5200000,0x00000000f5200000,0x00000000f6700000)
  to   space 22016K, 0% used [0x00000000f3c80000,0x00000000f3c80000,0x00000000f5200000)
 ParOldGen       total 98816K, used 50928K [0x00000000c0000000, 0x00000000c6080000, 0x00000000eab00000)
  object space 98816K, 51% used [0x00000000c0000000,0x00000000c31bc058,0x00000000c6080000)
 Metaspace       used 57840K, capacity 59486K, committed 59776K, reserved 1099776K
  class space    used 8021K, capacity 8474K, committed 8576K, reserved 1048576K
GC Heap History (10 events):
Event: 48.995 GC heap before
{Heap before GC invocations=14 (full 2):
 PSYoungGen      total 104960K, used 103618K [0x00000000eab00000, 0x00000000f3680000, 0x0000000100000000)
  eden space 93696K, 100% used [0x00000000eab00000,0x00000000f0680000,0x00000000f0680000)
  from space 11264K, 88% used [0x00000000f0680000,0x00000000f10309f8,0x00000000f1180000)
  to   space 12288K, 0% used [0x00000000f2a80000,0x00000000f2a80000,0x00000000f3680000)
 ParOldGen       total 52736K, used 19630K [0x00000000c0000000, 0x00000000c3380000, 0x00000000eab00000)
  object space 52736K, 37% used [0x00000000c0000000,0x00000000c132ba10,0x00000000c3380000)
 Metaspace       used 45760K, capacity 46784K, committed 47104K, reserved 1089536K
  class space    used 6300K, capacity 6577K, committed 6656K, reserved 1048576K
Event: 49.137 GC heap after
Heap after GC invocations=14 (full 2):
 PSYoungGen      total 127488K, used 12283K [0x00000000eab00000, 0x00000000f3d00000, 0x0000000100000000)
  eden space 115200K, 0% used [0x00000000eab00000,0x00000000eab00000,0x00000000f1b80000)
  from space 12288K, 99% used [0x00000000f2a80000,0x00000000f367ecf8,0x00000000f3680000)
  to   space 15360K, 0% used [0x00000000f1b80000,0x00000000f1b80000,0x00000000f2a80000)
 ParOldGen       total 52736K, used 23678K [0x00000000c0000000, 0x00000000c3380000, 0x00000000eab00000)
  object space 52736K, 44% used [0x00000000c0000000,0x00000000c171fbd0,0x00000000c3380000)
 Metaspace       used 45760K, capacity 46784K, committed 47104K, reserved 1089536K
  class space    used 6300K, capacity 6577K, committed 6656K, reserved 1048576K
}
Event: 55.507 GC heap before
{Heap before GC invocations=15 (full 2):
 PSYoungGen      total 127488K, used 127483K [0x00000000eab00000, 0x00000000f3d00000, 0x0000000100000000)
  eden space 115200K, 100% used [0x00000000eab00000,0x00000000f1b80000,0x00000000f1b80000)
  from space 12288K, 99% used [0x00000000f2a80000,0x00000000f367ecf8,0x00000000f3680000)
  to   space 15360K, 0% used [0x00000000f1b80000,0x00000000f1b80000,0x00000000f2a80000)
 ParOldGen       total 52736K, used 23678K [0x00000000c0000000, 0x00000000c3380000, 0x00000000eab00000)
  object space 52736K, 44% used [0x00000000c0000000,0x00000000c171fbd0,0x00000000c3380000)
 Metaspace       used 49700K, capacity 50916K, committed 51200K, reserved 1093632K
  class space    used 6998K, capacity 7368K, committed 7424K, reserved 1048576K
Event: 55.711 GC heap after
Heap after GC invocations=15 (full 2):
 PSYoungGen      total 130560K, used 15328K [0x00000000eab00000, 0x00000000f6700000, 0x0000000100000000)
  eden space 115200K, 0% used [0x00000000eab00000,0x00000000eab00000,0x00000000f1b80000)
  from space 15360K, 99% used [0x00000000f1b80000,0x00000000f2a781f8,0x00000000f2a80000)
  to   space 21504K, 0% used [0x00000000f5200000,0x00000000f5200000,0x00000000f6700000)
 ParOldGen       total 52736K, used 33862K [0x00000000c0000000, 0x00000000c3380000, 0x00000000eab00000)
  object space 52736K, 64% used [0x00000000c0000000,0x00000000c2111850,0x00000000c3380000)
 Metaspace       used 49700K, capacity 50916K, committed 51200K, reserved 1093632K
  class space    used 6998K, capacity 7368K, committed 7424K, reserved 1048576K
}
Event: 68.620 GC heap before
{Heap before GC invocations=16 (full 2):
 PSYoungGen      total 130560K, used 64872K [0x00000000eab00000, 0x00000000f6700000, 0x0000000100000000)
  eden space 115200K, 43% used [0x00000000eab00000,0x00000000edb620e8,0x00000000f1b80000)
  from space 15360K, 99% used [0x00000000f1b80000,0x00000000f2a781f8,0x00000000f2a80000)
  to   space 21504K, 0% used [0x00000000f5200000,0x00000000f5200000,0x00000000f6700000)
 ParOldGen       total 52736K, used 33862K [0x00000000c0000000, 0x00000000c3380000, 0x00000000eab00000)
  object space 52736K, 64% used [0x00000000c0000000,0x00000000c2111850,0x00000000c3380000)
 Metaspace       used 51126K, capacity 52596K, committed 52736K, reserved 1093632K
  class space    used 7199K, capacity 7604K, committed 7680K, reserved 1048576K
Event: 68.865 GC heap after
Heap after GC invocations=16 (full 2):
 PSYoungGen      total 170496K, used 12801K [0x00000000eab00000, 0x00000000f6800000, 0x0000000100000000)
  eden space 148992K, 0% used [0x00000000eab00000,0x00000000eab00000,0x00000000f3c80000)
  from space 21504K, 59% used [0x00000000f5200000,0x00000000f5e80500,0x00000000f6700000)
  to   space 22016K, 0% used [0x00000000f3c80000,0x00000000f3c80000,0x00000000f5200000)
 ParOldGen       total 52736K, used 41530K [0x00000000c0000000, 0x00000000c3380000, 0x00000000eab00000)
  object space 52736K, 78% used [0x00000000c0000000,0x00000000c288e9d0,0x00000000c3380000)
 Metaspace       used 51126K, capacity 52596K, committed 52736K, reserved 1093632K
  class space    used 7199K, capacity 7604K, committed 7680K, reserved 1048576K
}
Event: 68.865 GC heap before
{Heap before GC invocations=17 (full 3):
 PSYoungGen      total 170496K, used 12801K [0x00000000eab00000, 0x00000000f6800000, 0x0000000100000000)
  eden space 148992K, 0% used [0x00000000eab00000,0x00000000eab00000,0x00000000f3c80000)
  from space 21504K, 59% used [0x00000000f5200000,0x00000000f5e80500,0x00000000f6700000)
  to   space 22016K, 0% used [0x00000000f3c80000,0x00000000f3c80000,0x00000000f5200000)
 ParOldGen       total 52736K, used 41530K [0x00000000c0000000, 0x00000000c3380000, 0x00000000eab00000)
  object space 52736K, 78% used [0x00000000c0000000,0x00000000c288e9d0,0x00000000c3380000)
 Metaspace       used 51126K, capacity 52596K, committed 52736K, reserved 1093632K
  class space    used 7199K, capacity 7604K, committed 7680K, reserved 1048576K
Event: 69.696 GC heap after
Heap after GC invocations=17 (full 3):
 PSYoungGen      total 170496K, used 0K [0x00000000eab00000, 0x00000000f6800000, 0x0000000100000000)
  eden space 148992K, 0% used [0x00000000eab00000,0x00000000eab00000,0x00000000f3c80000)
  from space 21504K, 0% used [0x00000000f5200000,0x00000000f5200000,0x00000000f6700000)
  to   space 22016K, 0% used [0x00000000f3c80000,0x00000000f3c80000,0x00000000f5200000)
 ParOldGen       total 52736K, used 43602K [0x00000000c0000000, 0x00000000c3380000, 0x00000000eab00000)
  object space 52736K, 82% used [0x00000000c0000000,0x00000000c2a94a40,0x00000000c3380000)
 Metaspace       used 51126K, capacity 52596K, committed 52736K, reserved 1093632K
  class space    used 7199K, capacity 7604K, committed 7680K, reserved 1048576K
}
Event: 100.140 GC heap before
{Heap before GC invocations=18 (full 4):
 PSYoungGen      total 170496K, used 148992K [0x00000000eab00000, 0x00000000f6800000, 0x0000000100000000)
  eden space 148992K, 100% used [0x00000000eab00000,0x00000000f3c80000,0x00000000f3c80000)
  from space 21504K, 0% used [0x00000000f5200000,0x00000000f5200000,0x00000000f6700000)
  to   space 22016K, 0% used [0x00000000f3c80000,0x00000000f3c80000,0x00000000f5200000)
 ParOldGen       total 52736K, used 43602K [0x00000000c0000000, 0x00000000c3380000, 0x00000000eab00000)
  object space 52736K, 82% used [0x00000000c0000000,0x00000000c2a94a40,0x00000000c3380000)
 Metaspace       used 55045K, capacity 56690K, committed 56832K, reserved 1097728K
  class space    used 7656K, capacity 8120K, committed 8192K, reserved 1048576K
Event: 101.140 GC heap after
Heap after GC invocations=18 (full 4):
 PSYoungGen      total 170496K, used 0K [0x00000000eab00000, 0x00000000f6800000, 0x0000000100000000)
  eden space 148992K, 0% used [0x00000000eab00000,0x00000000eab00000,0x00000000f3c80000)
  from space 21504K, 0% used [0x00000000f5200000,0x00000000f5200000,0x00000000f6700000)
  to   space 22016K, 0% used [0x00000000f3c80000,0x00000000f3c80000,0x00000000f5200000)
 ParOldGen       total 98816K, used 50928K [0x00000000c0000000, 0x00000000c6080000, 0x00000000eab00000)
  object space 98816K, 51% used [0x00000000c0000000,0x00000000c31bc058,0x00000000c6080000)
 Metaspace       used 55045K, capacity 56690K, committed 56832K, reserved 1097728K
  class space    used 7656K, capacity 8120K, committed 8192K, reserved 1048576K
}

