# JRE version: Java(TM) SE Runtime Environment (8.0_101-b13) (build 1.8.0_101-b13)
# Java VM: Java HotSpot(TM) 64-Bit Server VM (25.101-b13 mixed mode linux-amd64 compressed oops)
Heap:
 PSYoungGen      total 109568K, used 30011K [0x00000000eab00000, 0x00000000f4280000, 0x0000000100000000)
  eden space 99328K, 30% used [0x00000000eab00000,0x00000000ec84edc0,0x00000000f0c00000)
  from space 10240K, 0% used [0x00000000f0c00000,0x00000000f0c00000,0x00000000f1600000)
  to   space 9728K, 0% used [0x00000000f3900000,0x00000000f3900000,0x00000000f4280000)
 ParOldGen       total 49664K, used 18805K [0x00000000c0000000, 0x00000000c3080000, 0x00000000eab00000)
  object space 49664K, 37% used [0x00000000c0000000,0x00000000c125d590,0x00000000c3080000)
 Metaspace       used 35252K, capacity 35932K, committed 36096K, reserved 1081344K
  class space    used 4846K, capacity 5079K, committed 5120K, reserved 1048576K
GC Heap History (10 events):
Event: 9.352 GC heap before
{Heap before GC invocations=9 (full 1):
 PSYoungGen      total 55296K, used 48640K [0x00000000eab00000, 0x00000000f1800000, 0x0000000100000000)
  eden space 48640K, 100% used [0x00000000eab00000,0x00000000eda80000,0x00000000eda80000)
  from space 6656K, 0% used [0x00000000eda80000,0x00000000eda80000,0x00000000ee100000)
  to   space 7168K, 0% used [0x00000000f1100000,0x00000000f1100000,0x00000000f1800000)
 ParOldGen       total 33792K, used 12046K [0x00000000c0000000, 0x00000000c2100000, 0x00000000eab00000)
  object space 33792K, 35% used [0x00000000c0000000,0x00000000c0bc3930,0x00000000c2100000)
 Metaspace       used 24593K, capacity 25114K, committed 25472K, reserved 1071104K
  class space    used 3433K, capacity 3585K, committed 3712K, reserved 1048576K
Event: 9.372 GC heap after
Heap after GC invocations=9 (full 1):
 PSYoungGen      total 82432K, used 5560K [0x00000000eab00000, 0x00000000f1680000, 0x0000000100000000)
  eden space 76800K, 0% used [0x00000000eab00000,0x00000000eab00000,0x00000000ef600000)
  from space 5632K, 98% used [0x00000000f1100000,0x00000000f166e288,0x00000000f1680000)
  to   space 7680K, 0% used [0x00000000f0780000,0x00000000f0780000,0x00000000f0f00000)
 ParOldGen       total 33792K, used 12054K [0x00000000c0000000, 0x00000000c2100000, 0x00000000eab00000)
  object space 33792K, 35% used [0x00000000c0000000,0x00000000c0bc5930,0x00000000c2100000)
 Metaspace       used 24593K, capacity 25114K, committed 25472K, reserved 1071104K
  class space    used 3433K, capacity 3585K, committed 3712K, reserved 1048576K
}
Event: 11.860 GC heap before
{Heap before GC invocations=10 (full 1):
 PSYoungGen      total 82432K, used 82360K [0x00000000eab00000, 0x00000000f1680000, 0x0000000100000000)
  eden space 76800K, 100% used [0x00000000eab00000,0x00000000ef600000,0x00000000ef600000)
  from space 5632K, 98% used [0x00000000f1100000,0x00000000f166e288,0x00000000f1680000)
  to   space 7680K, 0% used [0x00000000f0780000,0x00000000f0780000,0x00000000f0f00000)
 ParOldGen       total 33792K, used 12054K [0x00000000c0000000, 0x00000000c2100000, 0x00000000eab00000)
  object space 33792K, 35% used [0x00000000c0000000,0x00000000c0bc5930,0x00000000c2100000)
 Metaspace       used 27439K, capacity 27986K, committed 28288K, reserved 1073152K
  class space    used 3816K, capacity 3941K, committed 3968K, reserved 1048576K
Event: 11.882 GC heap after
Heap after GC invocations=10 (full 1):
 PSYoungGen      total 102400K, used 6036K [0x00000000eab00000, 0x00000000f1e00000, 0x0000000100000000)
  eden space 94720K, 0% used [0x00000000eab00000,0x00000000eab00000,0x00000000f0780000)
  from space 7680K, 78% used [0x00000000f0780000,0x00000000f0d652e8,0x00000000f0f00000)
  to   space 8192K, 0% used [0x00000000f1600000,0x00000000f1600000,0x00000000f1e00000)
 ParOldGen       total 33792K, used 12062K [0x00000000c0000000, 0x00000000c2100000, 0x00000000eab00000)
  object space 33792K, 35% used [0x00000000c0000000,0x00000000c0bc7930,0x00000000c2100000)
 Metaspace       used 27439K, capacity 27986K, committed 28288K, reserved 1073152K
  class space    used 3816K, capacity 3941K, committed 3968K, reserved 1048576K
}
Event: 15.203 GC heap before
{Heap before GC invocations=11 (full 1):
 PSYoungGen      total 102400K, used 100756K [0x00000000eab00000, 0x00000000f1e00000, 0x0000000100000000)
  eden space 94720K, 100% used [0x00000000eab00000,0x00000000f0780000,0x00000000f0780000)
  from space 7680K, 78% used [0x00000000f0780000,0x00000000f0d652e8,0x00000000f0f00000)
  to   space 8192K, 0% used [0x00000000f1600000,0x00000000f1600000,0x00000000f1e00000)
 ParOldGen       total 33792K, used 12062K [0x00000000c0000000, 0x00000000c2100000, 0x00000000eab00000)
  object space 33792K, 35% used [0x00000000c0000000,0x00000000c0bc7930,0x00000000c2100000)
 Metaspace       used 32645K, capacity 33252K, committed 33664K, reserved 1079296K
  class space    used 4495K, capacity 4648K, committed 4736K, reserved 1048576K
Event: 15.278 GC heap after
Heap after GC invocations=11 (full 1):
 PSYoungGen      total 107520K, used 8176K [0x00000000eab00000, 0x00000000f3980000, 0x0000000100000000)
  eden space 99328K, 0% used [0x00000000eab00000,0x00000000eab00000,0x00000000f0c00000)
  from space 8192K, 99% used [0x00000000f1600000,0x00000000f1dfc2c0,0x00000000f1e00000)
  to   space 10240K, 0% used [0x00000000f0c00000,0x00000000f0c00000,0x00000000f1600000)
 ParOldGen       total 33792K, used 14900K [0x00000000c0000000, 0x00000000c2100000, 0x00000000eab00000)
  object space 33792K, 44% used [0x00000000c0000000,0x00000000c0e8d120,0x00000000c2100000)
 Metaspace       used 32645K, capacity 33252K, committed 33664K, reserved 1079296K
  class space    used 4495K, capacity 4648K, committed 4736K, reserved 1048576K
}
Event: 16.298 GC heap before
{Heap before GC invocations=12 (full 1):
 PSYoungGen      total 107520K, used 48812K [0x00000000eab00000, 0x00000000f3980000, 0x0000000100000000)
  eden space 99328K, 40% used [0x00000000eab00000,0x00000000ed2aedd8,0x00000000f0c00000)
  from space 8192K, 99% used [0x00000000f1600000,0x00000000f1dfc2c0,0x00000000f1e00000)
  to   space 10240K, 0% used [0x00000000f0c00000,0x00000000f0c00000,0x00000000f1600000)
 ParOldGen       total 33792K, used 14900K [0x00000000c0000000, 0x00000000c2100000, 0x00000000eab00000)
  object space 33792K, 44% used [0x00000000c0000000,0x00000000c0e8d120,0x00000000c2100000)
 Metaspace       used 34616K, capacity 35250K, committed 35456K, reserved 1079296K
  class space    used 4743K, capacity 4937K, committed 4992K, reserved 1048576K
Event: 16.351 GC heap after
Heap after GC invocations=12 (full 1):
 PSYoungGen      total 109568K, used 5569K [0x00000000eab00000, 0x00000000f4280000, 0x0000000100000000)
  eden space 99328K, 0% used [0x00000000eab00000,0x00000000eab00000,0x00000000f0c00000)
  from space 10240K, 54% used [0x00000000f0c00000,0x00000000f1170498,0x00000000f1600000)
  to   space 9728K, 0% used [0x00000000f3900000,0x00000000f3900000,0x00000000f4280000)
 ParOldGen       total 33792K, used 19362K [0x00000000c0000000, 0x00000000c2100000, 0x00000000eab00000)
  object space 33792K, 57% used [0x00000000c0000000,0x00000000c12e8988,0x00000000c2100000)
 Metaspace       used 34616K, capacity 35250K, committed 35456K, reserved 1079296K
  class space    used 4743K, capacity 4937K, committed 4992K, reserved 1048576K
}
Event: 16.351 GC heap before
{Heap before GC invocations=13 (full 2):
 PSYoungGen      total 109568K, used 5569K [0x00000000eab00000, 0x00000000f4280000, 0x0000000100000000)
  eden space 99328K, 0% used [0x00000000eab00000,0x00000000eab00000,0x00000000f0c00000)
  from space 10240K, 54% used [0x00000000f0c00000,0x00000000f1170498,0x00000000f1600000)
  to   space 9728K, 0% used [0x00000000f3900000,0x00000000f3900000,0x00000000f4280000)
 ParOldGen       total 33792K, used 19362K [0x00000000c0000000, 0x00000000c2100000, 0x00000000eab00000)
  object space 33792K, 57% used [0x00000000c0000000,0x00000000c12e8988,0x00000000c2100000)
 Metaspace       used 34616K, capacity 35250K, committed 35456K, reserved 1079296K
  class space    used 4743K, capacity 4937K, committed 4992K, reserved 1048576K
Event: 16.625 GC heap after
Heap after GC invocations=13 (full 2):
 PSYoungGen      total 109568K, used 0K [0x00000000eab00000, 0x00000000f4280000, 0x0000000100000000)
  eden space 99328K, 0% used [0x00000000eab00000,0x00000000eab00000,0x00000000f0c00000)
  from space 10240K, 0% used [0x00000000f0c00000,0x00000000f0c00000,0x00000000f1600000)
  to   space 9728K, 0% used [0x00000000f3900000,0x00000000f3900000,0x00000000f4280000)
 ParOldGen       total 49664K, used 18805K [0x00000000c0000000, 0x00000000c3080000, 0x00000000eab00000)
  object space 49664K, 37% used [0x00000000c0000000,0x00000000c125d590,0x00000000c3080000)
 Metaspace       used 34616K, capacity 35250K, committed 35456K, reserved 1079296K
  class space    used 4743K, capacity 4937K, committed 4992K, reserved 1048576K
}

