# JRE version: Java(TM) SE Runtime Environment (8.0_101-b13) (build 1.8.0_101-b13)
# Java VM: Java HotSpot(TM) 64-Bit Server VM (25.101-b13 mixed mode linux-amd64 compressed oops)
Heap:
 PSYoungGen      total 113664K, used 35621K [0x00000000eab00000, 0x00000000f4d00000, 0x0000000100000000)
  eden space 102400K, 34% used [0x00000000eab00000,0x00000000ecdc9730,0x00000000f0f00000)
  from space 11264K, 0% used [0x00000000f0f00000,0x00000000f0f00000,0x00000000f1a00000)
  to   space 13312K, 0% used [0x00000000f4000000,0x00000000f4000000,0x00000000f4d00000)
 ParOldGen       total 54784K, used 18874K [0x00000000c0000000, 0x00000000c3580000, 0x00000000eab00000)
  object space 54784K, 34% used [0x00000000c0000000,0x00000000c126ea78,0x00000000c3580000)
 Metaspace       used 38705K, capacity 39538K, committed 39936K, reserved 1083392K
  class space    used 5369K, capacity 5576K, committed 5632K, reserved 1048576K
GC Heap History (10 events):
Event: 9.509 GC heap before
{Heap before GC invocations=7 (full 1):
 PSYoungGen      total 50688K, used 49152K [0x00000000eab00000, 0x00000000f1d00000, 0x0000000100000000)
  eden space 49152K, 100% used [0x00000000eab00000,0x00000000edb00000,0x00000000edb00000)
  from space 1536K, 0% used [0x00000000edb00000,0x00000000edb00000,0x00000000edc80000)
  to   space 9216K, 0% used [0x00000000f1400000,0x00000000f1400000,0x00000000f1d00000)
 ParOldGen       total 41472K, used 14846K [0x00000000c0000000, 0x00000000c2880000, 0x00000000eab00000)
  object space 41472K, 35% used [0x00000000c0000000,0x00000000c0e7f9f0,0x00000000c2880000)
 Metaspace       used 24728K, capacity 25226K, committed 25472K, reserved 1071104K
  class space    used 3456K, capacity 3617K, committed 3712K, reserved 1048576K
Event: 9.537 GC heap after
Heap after GC invocations=7 (full 1):
 PSYoungGen      total 78336K, used 5724K [0x00000000eab00000, 0x00000000f1a00000, 0x0000000100000000)
  eden space 72192K, 0% used [0x00000000eab00000,0x00000000eab00000,0x00000000ef180000)
  from space 6144K, 93% used [0x00000000f1400000,0x00000000f1997058,0x00000000f1a00000)
  to   space 9216K, 0% used [0x00000000f0800000,0x00000000f0800000,0x00000000f1100000)
 ParOldGen       total 41472K, used 14854K [0x00000000c0000000, 0x00000000c2880000, 0x00000000eab00000)
  object space 41472K, 35% used [0x00000000c0000000,0x00000000c0e819f0,0x00000000c2880000)
 Metaspace       used 24728K, capacity 25226K, committed 25472K, reserved 1071104K
  class space    used 3456K, capacity 3617K, committed 3712K, reserved 1048576K
}
Event: 12.233 GC heap before
{Heap before GC invocations=8 (full 1):
 PSYoungGen      total 78336K, used 77916K [0x00000000eab00000, 0x00000000f1a00000, 0x0000000100000000)
  eden space 72192K, 100% used [0x00000000eab00000,0x00000000ef180000,0x00000000ef180000)
  from space 6144K, 93% used [0x00000000f1400000,0x00000000f1997058,0x00000000f1a00000)
  to   space 9216K, 0% used [0x00000000f0800000,0x00000000f0800000,0x00000000f1100000)
 ParOldGen       total 41472K, used 14854K [0x00000000c0000000, 0x00000000c2880000, 0x00000000eab00000)
  object space 41472K, 35% used [0x00000000c0000000,0x00000000c0e819f0,0x00000000c2880000)
 Metaspace       used 27380K, capacity 27874K, committed 28032K, reserved 1073152K
  class space    used 3815K, capacity 3941K, committed 3968K, reserved 1048576K
Event: 12.262 GC heap after
Heap after GC invocations=8 (full 1):
 PSYoungGen      total 104448K, used 5937K [0x00000000eab00000, 0x00000000f2300000, 0x0000000100000000)
  eden space 95232K, 0% used [0x00000000eab00000,0x00000000eab00000,0x00000000f0800000)
  from space 9216K, 64% used [0x00000000f0800000,0x00000000f0dcc6f8,0x00000000f1100000)
  to   space 9216K, 0% used [0x00000000f1a00000,0x00000000f1a00000,0x00000000f2300000)
 ParOldGen       total 41472K, used 14862K [0x00000000c0000000, 0x00000000c2880000, 0x00000000eab00000)
  object space 41472K, 35% used [0x00000000c0000000,0x00000000c0e839f0,0x00000000c2880000)
 Metaspace       used 27380K, capacity 27874K, committed 28032K, reserved 1073152K
  class space    used 3815K, capacity 3941K, committed 3968K, reserved 1048576K
}
Event: 16.009 GC heap before
{Heap before GC invocations=9 (full 1):
 PSYoungGen      total 104448K, used 101169K [0x00000000eab00000, 0x00000000f2300000, 0x0000000100000000)
  eden space 95232K, 100% used [0x00000000eab00000,0x00000000f0800000,0x00000000f0800000)
  from space 9216K, 64% used [0x00000000f0800000,0x00000000f0dcc6f8,0x00000000f1100000)
  to   space 9216K, 0% used [0x00000000f1a00000,0x00000000f1a00000,0x00000000f2300000)
 ParOldGen       total 41472K, used 14862K [0x00000000c0000000, 0x00000000c2880000, 0x00000000eab00000)
  object space 41472K, 35% used [0x00000000c0000000,0x00000000c0e839f0,0x00000000c2880000)
 Metaspace       used 32617K, capacity 33172K, committed 33408K, reserved 1077248K
  class space    used 4487K, capacity 4616K, committed 4736K, reserved 1048576K
Event: 16.076 GC heap after
Heap after GC invocations=9 (full 1):
 PSYoungGen      total 111616K, used 9198K [0x00000000eab00000, 0x00000000f4880000, 0x0000000100000000)
  eden space 102400K, 0% used [0x00000000eab00000,0x00000000eab00000,0x00000000f0f00000)
  from space 9216K, 99% used [0x00000000f1a00000,0x00000000f22fbab0,0x00000000f2300000)
  to   space 11264K, 0% used [0x00000000f0f00000,0x00000000f0f00000,0x00000000f1a00000)
 ParOldGen       total 41472K, used 16493K [0x00000000c0000000, 0x00000000c2880000, 0x00000000eab00000)
  object space 41472K, 39% used [0x00000000c0000000,0x00000000c101b4f8,0x00000000c2880000)
 Metaspace       used 32617K, capacity 33172K, committed 33408K, reserved 1077248K
  class space    used 4487K, capacity 4616K, committed 4736K, reserved 1048576K
}
Event: 16.996 GC heap before
{Heap before GC invocations=10 (full 1):
 PSYoungGen      total 111616K, used 50539K [0x00000000eab00000, 0x00000000f4880000, 0x0000000100000000)
  eden space 102400K, 40% used [0x00000000eab00000,0x00000000ed35f1e0,0x00000000f0f00000)
  from space 9216K, 99% used [0x00000000f1a00000,0x00000000f22fbab0,0x00000000f2300000)
  to   space 11264K, 0% used [0x00000000f0f00000,0x00000000f0f00000,0x00000000f1a00000)
 ParOldGen       total 41472K, used 16493K [0x00000000c0000000, 0x00000000c2880000, 0x00000000eab00000)
  object space 41472K, 39% used [0x00000000c0000000,0x00000000c101b4f8,0x00000000c2880000)
 Metaspace       used 34648K, capacity 35266K, committed 35456K, reserved 1079296K
  class space    used 4749K, capacity 4937K, committed 4992K, reserved 1048576K
Event: 17.058 GC heap after
Heap after GC invocations=10 (full 1):
 PSYoungGen      total 113664K, used 11246K [0x00000000eab00000, 0x00000000f4d00000, 0x0000000100000000)
  eden space 102400K, 0% used [0x00000000eab00000,0x00000000eab00000,0x00000000f0f00000)
  from space 11264K, 99% used [0x00000000f0f00000,0x00000000f19fb8c8,0x00000000f1a00000)
  to   space 13312K, 0% used [0x00000000f4000000,0x00000000f4000000,0x00000000f4d00000)
 ParOldGen       total 41472K, used 17516K [0x00000000c0000000, 0x00000000c2880000, 0x00000000eab00000)
  object space 41472K, 42% used [0x00000000c0000000,0x00000000c111b2f8,0x00000000c2880000)
 Metaspace       used 34648K, capacity 35266K, committed 35456K, reserved 1079296K
  class space    used 4749K, capacity 4937K, committed 4992K, reserved 1048576K
}
Event: 17.058 GC heap before
{Heap before GC invocations=11 (full 2):
 PSYoungGen      total 113664K, used 11246K [0x00000000eab00000, 0x00000000f4d00000, 0x0000000100000000)
  eden space 102400K, 0% used [0x00000000eab00000,0x00000000eab00000,0x00000000f0f00000)
  from space 11264K, 99% used [0x00000000f0f00000,0x00000000f19fb8c8,0x00000000f1a00000)
  to   space 13312K, 0% used [0x00000000f4000000,0x00000000f4000000,0x00000000f4d00000)
 ParOldGen       total 41472K, used 17516K [0x00000000c0000000, 0x00000000c2880000, 0x00000000eab00000)
  object space 41472K, 42% used [0x00000000c0000000,0x00000000c111b2f8,0x00000000c2880000)
 Metaspace       used 34648K, capacity 35266K, committed 35456K, reserved 1079296K
  class space    used 4749K, capacity 4937K, committed 4992K, reserved 1048576K
Event: 17.459 GC heap after
Heap after GC invocations=11 (full 2):
 PSYoungGen      total 113664K, used 0K [0x00000000eab00000, 0x00000000f4d00000, 0x0000000100000000)
  eden space 102400K, 0% used [0x00000000eab00000,0x00000000eab00000,0x00000000f0f00000)
  from space 11264K, 0% used [0x00000000f0f00000,0x00000000f0f00000,0x00000000f1a00000)
  to   space 13312K, 0% used [0x00000000f4000000,0x00000000f4000000,0x00000000f4d00000)
 ParOldGen       total 54784K, used 18874K [0x00000000c0000000, 0x00000000c3580000, 0x00000000eab00000)
  object space 54784K, 34% used [0x00000000c0000000,0x00000000c126ea78,0x00000000c3580000)
 Metaspace       used 34648K, capacity 35266K, committed 35456K, reserved 1079296K
  class space    used 4749K, capacity 4937K, committed 4992K, reserved 1048576K
}

