# JRE version: Java(TM) SE Runtime Environment (8.0_101-b13) (build 1.8.0_101-b13)
# Java VM: Java HotSpot(TM) 64-Bit Server VM (25.101-b13 mixed mode linux-amd64 compressed oops)
Heap:
 PSYoungGen      total 95744K, used 16782K [0x00000000eab00000, 0x00000000f1900000, 0x0000000100000000)
  eden space 92672K, 14% used [0x00000000eab00000,0x00000000eb866b80,0x00000000f0580000)
  from space 3072K, 99% used [0x00000000f0e80000,0x00000000f117d010,0x00000000f1180000)
  to   space 9216K, 0% used [0x00000000f0580000,0x00000000f0580000,0x00000000f0e80000)
 ParOldGen       total 36352K, used 17636K [0x00000000c0000000, 0x00000000c2380000, 0x00000000eab00000)
  object space 36352K, 48% used [0x00000000c0000000,0x00000000c1139080,0x00000000c2380000)
 Metaspace       used 31303K, capacity 31942K, committed 32256K, reserved 1077248K
  class space    used 4326K, capacity 4513K, committed 4608K, reserved 1048576K
GC Heap History (10 events):
Event: 18.067 GC heap before
{Heap before GC invocations=7 (full 0):
 PSYoungGen      total 54784K, used 23145K [0x00000000eab00000, 0x00000000ee800000, 0x0000000100000000)
  eden space 48640K, 37% used [0x00000000eab00000,0x00000000ebcb2558,0x00000000eda80000)
  from space 6144K, 81% used [0x00000000ee100000,0x00000000ee5e8288,0x00000000ee700000)
  to   space 6656K, 0% used [0x00000000eda80000,0x00000000eda80000,0x00000000ee100000)
 ParOldGen       total 31744K, used 8927K [0x00000000c0000000, 0x00000000c1f00000, 0x00000000eab00000)
  object space 31744K, 28% used [0x00000000c0000000,0x00000000c08b7fb0,0x00000000c1f00000)
 Metaspace       used 20903K, capacity 21252K, committed 21296K, reserved 1067008K
  class space    used 2813K, capacity 2943K, committed 2944K, reserved 1048576K
Event: 18.149 GC heap after
Heap after GC invocations=7 (full 0):
 PSYoungGen      total 55296K, used 5296K [0x00000000eab00000, 0x00000000f1800000, 0x0000000100000000)
  eden space 48640K, 0% used [0x00000000eab00000,0x00000000eab00000,0x00000000eda80000)
  from space 6656K, 79% used [0x00000000eda80000,0x00000000edfac328,0x00000000ee100000)
  to   space 7168K, 0% used [0x00000000f1100000,0x00000000f1100000,0x00000000f1800000)
 ParOldGen       total 31744K, used 9211K [0x00000000c0000000, 0x00000000c1f00000, 0x00000000eab00000)
  object space 31744K, 29% used [0x00000000c0000000,0x00000000c08fefc0,0x00000000c1f00000)
 Metaspace       used 20903K, capacity 21252K, committed 21296K, reserved 1067008K
  class space    used 2813K, capacity 2943K, committed 2944K, reserved 1048576K
}
Event: 18.149 GC heap before
{Heap before GC invocations=8 (full 1):
 PSYoungGen      total 55296K, used 5296K [0x00000000eab00000, 0x00000000f1800000, 0x0000000100000000)
  eden space 48640K, 0% used [0x00000000eab00000,0x00000000eab00000,0x00000000eda80000)
  from space 6656K, 79% used [0x00000000eda80000,0x00000000edfac328,0x00000000ee100000)
  to   space 7168K, 0% used [0x00000000f1100000,0x00000000f1100000,0x00000000f1800000)
 ParOldGen       total 31744K, used 9211K [0x00000000c0000000, 0x00000000c1f00000, 0x00000000eab00000)
  object space 31744K, 29% used [0x00000000c0000000,0x00000000c08fefc0,0x00000000c1f00000)
 Metaspace       used 20903K, capacity 21252K, committed 21296K, reserved 1067008K
  class space    used 2813K, capacity 2943K, committed 2944K, reserved 1048576K
Event: 18.836 GC heap after
Heap after GC invocations=8 (full 1):
 PSYoungGen      total 55296K, used 0K [0x00000000eab00000, 0x00000000f1800000, 0x0000000100000000)
  eden space 48640K, 0% used [0x00000000eab00000,0x00000000eab00000,0x00000000eda80000)
  from space 6656K, 0% used [0x00000000eda80000,0x00000000eda80000,0x00000000ee100000)
  to   space 7168K, 0% used [0x00000000f1100000,0x00000000f1100000,0x00000000f1800000)
 ParOldGen       total 36352K, used 11943K [0x00000000c0000000, 0x00000000c2380000, 0x00000000eab00000)
  object space 36352K, 32% used [0x00000000c0000000,0x00000000c0ba9cd0,0x00000000c2380000)
 Metaspace       used 20903K, capacity 21252K, committed 21296K, reserved 1067008K
  class space    used 2813K, capacity 2943K, committed 2944K, reserved 1048576K
}
Event: 22.437 GC heap before
{Heap before GC invocations=9 (full 1):
 PSYoungGen      total 55296K, used 48640K [0x00000000eab00000, 0x00000000f1800000, 0x0000000100000000)
  eden space 48640K, 100% used [0x00000000eab00000,0x00000000eda80000,0x00000000eda80000)
  from space 6656K, 0% used [0x00000000eda80000,0x00000000eda80000,0x00000000ee100000)
  to   space 7168K, 0% used [0x00000000f1100000,0x00000000f1100000,0x00000000f1800000)
 ParOldGen       total 36352K, used 11943K [0x00000000c0000000, 0x00000000c2380000, 0x00000000eab00000)
  object space 36352K, 32% used [0x00000000c0000000,0x00000000c0ba9cd0,0x00000000c2380000)
 Metaspace       used 24742K, capacity 25222K, committed 25472K, reserved 1071104K
  class space    used 3453K, capacity 3617K, committed 3712K, reserved 1048576K
Event: 22.476 GC heap after
Heap after GC invocations=9 (full 1):
 PSYoungGen      total 71680K, used 5691K [0x00000000eab00000, 0x00000000f1700000, 0x0000000100000000)
  eden space 65536K, 0% used [0x00000000eab00000,0x00000000eab00000,0x00000000eeb00000)
  from space 6144K, 92% used [0x00000000f1100000,0x00000000f168ef18,0x00000000f1700000)
  to   space 7680K, 0% used [0x00000000f0800000,0x00000000f0800000,0x00000000f0f80000)
 ParOldGen       total 36352K, used 11951K [0x00000000c0000000, 0x00000000c2380000, 0x00000000eab00000)
  object space 36352K, 32% used [0x00000000c0000000,0x00000000c0babcd0,0x00000000c2380000)
 Metaspace       used 24742K, capacity 25222K, committed 25472K, reserved 1071104K
  class space    used 3453K, capacity 3617K, committed 3712K, reserved 1048576K
}
Event: 26.257 GC heap before
{Heap before GC invocations=10 (full 1):
 PSYoungGen      total 71680K, used 71227K [0x00000000eab00000, 0x00000000f1700000, 0x0000000100000000)
  eden space 65536K, 100% used [0x00000000eab00000,0x00000000eeb00000,0x00000000eeb00000)
  from space 6144K, 92% used [0x00000000f1100000,0x00000000f168ef18,0x00000000f1700000)
  to   space 7680K, 0% used [0x00000000f0800000,0x00000000f0800000,0x00000000f0f80000)
 ParOldGen       total 36352K, used 11951K [0x00000000c0000000, 0x00000000c2380000, 0x00000000eab00000)
  object space 36352K, 32% used [0x00000000c0000000,0x00000000c0babcd0,0x00000000c2380000)
 Metaspace       used 27405K, capacity 27870K, committed 28032K, reserved 1073152K
  class space    used 3821K, capacity 3941K, committed 3968K, reserved 1048576K
Event: 26.293 GC heap after
Heap after GC invocations=10 (full 1):
 PSYoungGen      total 84480K, used 6191K [0x00000000eab00000, 0x00000000f1180000, 0x0000000100000000)
  eden space 77824K, 0% used [0x00000000eab00000,0x00000000eab00000,0x00000000ef700000)
  from space 6656K, 93% used [0x00000000f0800000,0x00000000f0e0bcf8,0x00000000f0e80000)
  to   space 3072K, 0% used [0x00000000f0e80000,0x00000000f0e80000,0x00000000f1180000)
 ParOldGen       total 36352K, used 11959K [0x00000000c0000000, 0x00000000c2380000, 0x00000000eab00000)
  object space 36352K, 32% used [0x00000000c0000000,0x00000000c0badcd0,0x00000000c2380000)
 Metaspace       used 27405K, capacity 27870K, committed 28032K, reserved 1073152K
  class space    used 3821K, capacity 3941K, committed 3968K, reserved 1048576K
}
Event: 31.106 GC heap before
{Heap before GC invocations=11 (full 1):
 PSYoungGen      total 84480K, used 84015K [0x00000000eab00000, 0x00000000f1180000, 0x0000000100000000)
  eden space 77824K, 100% used [0x00000000eab00000,0x00000000ef700000,0x00000000ef700000)
  from space 6656K, 93% used [0x00000000f0800000,0x00000000f0e0bcf8,0x00000000f0e80000)
  to   space 3072K, 0% used [0x00000000f0e80000,0x00000000f0e80000,0x00000000f1180000)
 ParOldGen       total 36352K, used 11959K [0x00000000c0000000, 0x00000000c2380000, 0x00000000eab00000)
  object space 36352K, 32% used [0x00000000c0000000,0x00000000c0badcd0,0x00000000c2380000)
 Metaspace       used 31206K, capacity 31750K, committed 32000K, reserved 1077248K
  class space    used 4317K, capacity 4513K, committed 4608K, reserved 1048576K
Event: 31.234 GC heap after
Heap after GC invocations=11 (full 1):
 PSYoungGen      total 95744K, used 3060K [0x00000000eab00000, 0x00000000f1900000, 0x0000000100000000)
  eden space 92672K, 0% used [0x00000000eab00000,0x00000000eab00000,0x00000000f0580000)
  from space 3072K, 99% used [0x00000000f0e80000,0x00000000f117d010,0x00000000f1180000)
  to   space 9216K, 0% used [0x00000000f0580000,0x00000000f0580000,0x00000000f0e80000)
 ParOldGen       total 36352K, used 17636K [0x00000000c0000000, 0x00000000c2380000, 0x00000000eab00000)
  object space 36352K, 48% used [0x00000000c0000000,0x00000000c1139080,0x00000000c2380000)
 Metaspace       used 31206K, capacity 31750K, committed 32000K, reserved 1077248K
  class space    used 4317K, capacity 4513K, committed 4608K, reserved 1048576K
}

