# JRE version: Java(TM) SE Runtime Environment (8.0_101-b13) (build 1.8.0_101-b13)
# Java VM: Java HotSpot(TM) 64-Bit Server VM (25.101-b13 mixed mode linux-amd64 compressed oops)
Heap:
 PSYoungGen      total 55296K, used 5424K [0x00000000eab00000, 0x00000000f1800000, 0x0000000100000000)
  eden space 48640K, 0% used [0x00000000eab00000,0x00000000eab00000,0x00000000eda80000)
  from space 6656K, 81% used [0x00000000eda80000,0x00000000edfcc380,0x00000000ee100000)
  to   space 7168K, 0% used [0x00000000f1100000,0x00000000f1100000,0x00000000f1800000)
 ParOldGen       total 31744K, used 9104K [0x00000000c0000000, 0x00000000c1f00000, 0x00000000eab00000)
  object space 31744K, 28% used [0x00000000c0000000,0x00000000c08e43f0,0x00000000c1f00000)
 Metaspace       used 20689K, capacity 21148K, committed 21296K, reserved 1067008K
  class space    used 2764K, capacity 2916K, committed 2944K, reserved 1048576K
GC Heap History (10 events):
Event: 4.376 GC heap after
Heap after GC invocations=3 (full 0):
 PSYoungGen      total 13824K, used 1520K [0x00000000eab00000, 0x00000000ec600000, 0x0000000100000000)
  eden space 12288K, 0% used [0x00000000eab00000,0x00000000eab00000,0x00000000eb700000)
  from space 1536K, 98% used [0x00000000eb700000,0x00000000eb87c010,0x00000000eb880000)
  to   space 1536K, 0% used [0x00000000ec480000,0x00000000ec480000,0x00000000ec600000)
 ParOldGen       total 31744K, used 2414K [0x00000000c0000000, 0x00000000c1f00000, 0x00000000eab00000)
  object space 31744K, 7% used [0x00000000c0000000,0x00000000c025b8b0,0x00000000c1f00000)
 Metaspace       used 7314K, capacity 7580K, committed 7808K, reserved 1056768K
  class space    used 968K, capacity 1056K, committed 1152K, reserved 1048576K
}
Event: 6.882 GC heap before
{Heap before GC invocations=4 (full 0):
 PSYoungGen      total 13824K, used 13808K [0x00000000eab00000, 0x00000000ec600000, 0x0000000100000000)
  eden space 12288K, 100% used [0x00000000eab00000,0x00000000eb700000,0x00000000eb700000)
  from space 1536K, 98% used [0x00000000eb700000,0x00000000eb87c010,0x00000000eb880000)
  to   space 1536K, 0% used [0x00000000ec480000,0x00000000ec480000,0x00000000ec600000)
 ParOldGen       total 31744K, used 2414K [0x00000000c0000000, 0x00000000c1f00000, 0x00000000eab00000)
  object space 31744K, 7% used [0x00000000c0000000,0x00000000c025b8b0,0x00000000c1f00000)
 Metaspace       used 11245K, capacity 11626K, committed 11904K, reserved 1058816K
  class space    used 1503K, capacity 1629K, committed 1664K, reserved 1048576K
Event: 6.905 GC heap after
Heap after GC invocations=4 (full 0):
 PSYoungGen      total 26112K, used 1536K [0x00000000eab00000, 0x00000000ec600000, 0x0000000100000000)
  eden space 24576K, 0% used [0x00000000eab00000,0x00000000eab00000,0x00000000ec300000)
  from space 1536K, 100% used [0x00000000ec480000,0x00000000ec600000,0x00000000ec600000)
  to   space 1536K, 0% used [0x00000000ec300000,0x00000000ec300000,0x00000000ec480000)
 ParOldGen       total 31744K, used 4407K [0x00000000c0000000, 0x00000000c1f00000, 0x00000000eab00000)
  object space 31744K, 13% used [0x00000000c0000000,0x00000000c044dce0,0x00000000c1f00000)
 Metaspace       used 11245K, capacity 11626K, committed 11904K, reserved 1058816K
  class space    used 1503K, capacity 1629K, committed 1664K, reserved 1048576K
}
Event: 9.763 GC heap before
{Heap before GC invocations=5 (full 0):
 PSYoungGen      total 26112K, used 26112K [0x00000000eab00000, 0x00000000ec600000, 0x0000000100000000)
  eden space 24576K, 100% used [0x00000000eab00000,0x00000000ec300000,0x00000000ec300000)
  from space 1536K, 100% used [0x00000000ec480000,0x00000000ec600000,0x00000000ec600000)
  to   space 1536K, 0% used [0x00000000ec300000,0x00000000ec300000,0x00000000ec480000)
 ParOldGen       total 31744K, used 4407K [0x00000000c0000000, 0x00000000c1f00000, 0x00000000eab00000)
  object space 31744K, 13% used [0x00000000c0000000,0x00000000c044dce0,0x00000000c1f00000)
 Metaspace       used 15987K, capacity 16394K, committed 16640K, reserved 1062912K
  class space    used 2128K, capacity 2237K, committed 2304K, reserved 1048576K
Event: 9.802 GC heap after
Heap after GC invocations=5 (full 0):
 PSYoungGen      total 26112K, used 1520K [0x00000000eab00000, 0x00000000ee700000, 0x0000000100000000)
  eden space 24576K, 0% used [0x00000000eab00000,0x00000000eab00000,0x00000000ec300000)
  from space 1536K, 98% used [0x00000000ec300000,0x00000000ec47c010,0x00000000ec480000)
  to   space 6144K, 0% used [0x00000000ee100000,0x00000000ee100000,0x00000000ee700000)
 ParOldGen       total 31744K, used 8848K [0x00000000c0000000, 0x00000000c1f00000, 0x00000000eab00000)
  object space 31744K, 27% used [0x00000000c0000000,0x00000000c08a43f0,0x00000000c1f00000)
 Metaspace       used 15987K, capacity 16394K, committed 16640K, reserved 1062912K
  class space    used 2128K, capacity 2237K, committed 2304K, reserved 1048576K
}
Event: 12.897 GC heap before
{Heap before GC invocations=6 (full 0):
 PSYoungGen      total 26112K, used 26096K [0x00000000eab00000, 0x00000000ee700000, 0x0000000100000000)
  eden space 24576K, 100% used [0x00000000eab00000,0x00000000ec300000,0x00000000ec300000)
  from space 1536K, 98% used [0x00000000ec300000,0x00000000ec47c010,0x00000000ec480000)
  to   space 6144K, 0% used [0x00000000ee100000,0x00000000ee100000,0x00000000ee700000)
 ParOldGen       total 31744K, used 8848K [0x00000000c0000000, 0x00000000c1f00000, 0x00000000eab00000)
  object space 31744K, 27% used [0x00000000c0000000,0x00000000c08a43f0,0x00000000c1f00000)
 Metaspace       used 19207K, capacity 19660K, committed 19968K, reserved 1067008K
  class space    used 2545K, capacity 2702K, committed 2816K, reserved 1048576K
Event: 12.963 GC heap after
Heap after GC invocations=6 (full 0):
 PSYoungGen      total 54784K, used 5126K [0x00000000eab00000, 0x00000000ee800000, 0x0000000100000000)
  eden space 48640K, 0% used [0x00000000eab00000,0x00000000eab00000,0x00000000eda80000)
  from space 6144K, 83% used [0x00000000ee100000,0x00000000ee601a38,0x00000000ee700000)
  to   space 6656K, 0% used [0x00000000eda80000,0x00000000eda80000,0x00000000ee100000)
 ParOldGen       total 31744K, used 8848K [0x00000000c0000000, 0x00000000c1f00000, 0x00000000eab00000)
  object space 31744K, 27% used [0x00000000c0000000,0x00000000c08a43f0,0x00000000c1f00000)
 Metaspace       used 19207K, capacity 19660K, committed 19968K, reserved 1067008K
  class space    used 2545K, capacity 2702K, committed 2816K, reserved 1048576K
}
Event: 14.821 GC heap before
{Heap before GC invocations=7 (full 0):
 PSYoungGen      total 54784K, used 23817K [0x00000000eab00000, 0x00000000ee800000, 0x0000000100000000)
  eden space 48640K, 38% used [0x00000000eab00000,0x00000000ebd40bf8,0x00000000eda80000)
  from space 6144K, 83% used [0x00000000ee100000,0x00000000ee601a38,0x00000000ee700000)
  to   space 6656K, 0% used [0x00000000eda80000,0x00000000eda80000,0x00000000ee100000)
 ParOldGen       total 31744K, used 8848K [0x00000000c0000000, 0x00000000c1f00000, 0x00000000eab00000)
  object space 31744K, 27% used [0x00000000c0000000,0x00000000c08a43f0,0x00000000c1f00000)
 Metaspace       used 20689K, capacity 21148K, committed 21296K, reserved 1067008K
  class space    used 2764K, capacity 2916K, committed 2944K, reserved 1048576K
Event: 14.925 GC heap after
Heap after GC invocations=7 (full 0):
 PSYoungGen      total 55296K, used 5424K [0x00000000eab00000, 0x00000000f1800000, 0x0000000100000000)
  eden space 48640K, 0% used [0x00000000eab00000,0x00000000eab00000,0x00000000eda80000)
  from space 6656K, 81% used [0x00000000eda80000,0x00000000edfcc380,0x00000000ee100000)
  to   space 7168K, 0% used [0x00000000f1100000,0x00000000f1100000,0x00000000f1800000)
 ParOldGen       total 31744K, used 9104K [0x00000000c0000000, 0x00000000c1f00000, 0x00000000eab00000)
  object space 31744K, 28% used [0x00000000c0000000,0x00000000c08e43f0,0x00000000c1f00000)
 Metaspace       used 20689K, capacity 21148K, committed 21296K, reserved 1067008K
  class space    used 2764K, capacity 2916K, committed 2944K, reserved 1048576K
}
Event: 14.925 GC heap before
{Heap before GC invocations=8 (full 1):
 PSYoungGen      total 55296K, used 5424K [0x00000000eab00000, 0x00000000f1800000, 0x0000000100000000)
  eden space 48640K, 0% used [0x00000000eab00000,0x00000000eab00000,0x00000000eda80000)
  from space 6656K, 81% used [0x00000000eda80000,0x00000000edfcc380,0x00000000ee100000)
  to   space 7168K, 0% used [0x00000000f1100000,0x00000000f1100000,0x00000000f1800000)
 ParOldGen       total 31744K, used 9104K [0x00000000c0000000, 0x00000000c1f00000, 0x00000000eab00000)
  object space 31744K, 28% used [0x00000000c0000000,0x00000000c08e43f0,0x00000000c1f00000)
 Metaspace       used 20689K, capacity 21148K, committed 21296K, reserved 1067008K
  class space    used 2764K, capacity 2916K, committed 2944K, reserved 1048576K

