# JRE version: Java(TM) SE Runtime Environment (8.0_101-b13) (build 1.8.0_101-b13)
# Java VM: Java HotSpot(TM) 64-Bit Server VM (25.101-b13 mixed mode linux-amd64 compressed oops)
Heap:
 PSYoungGen      total 102912K, used 46516K [0x00000000eab00000, 0x00000000f3480000, 0x0000000100000000)
  eden space 94720K, 40% used [0x00000000eab00000,0x00000000ed070080,0x00000000f0780000)
  from space 8192K, 99% used [0x00000000f1180000,0x00000000f197d178,0x00000000f1980000)
  to   space 10240K, 0% used [0x00000000f0780000,0x00000000f0780000,0x00000000f1180000)
 ParOldGen       total 33280K, used 13875K [0x00000000c0000000, 0x00000000c2080000, 0x00000000eab00000)
  object space 33280K, 41% used [0x00000000c0000000,0x00000000c0d8cc58,0x00000000c2080000)
 Metaspace       used 34332K, capacity 35026K, committed 35456K, reserved 1079296K
  class space    used 4730K, capacity 4905K, committed 4992K, reserved 1048576K
GC Heap History (10 events):
Event: 6.471 GC heap before
{Heap before GC invocations=7 (full 0):
 PSYoungGen      total 54784K, used 22957K [0x00000000eab00000, 0x00000000ee800000, 0x0000000100000000)
  eden space 48640K, 36% used [0x00000000eab00000,0x00000000ebc71ba0,0x00000000eda80000)
  from space 6144K, 82% used [0x00000000ee100000,0x00000000ee5f9a38,0x00000000ee700000)
  to   space 6656K, 0% used [0x00000000eda80000,0x00000000eda80000,0x00000000ee100000)
 ParOldGen       total 31744K, used 9046K [0x00000000c0000000, 0x00000000c1f00000, 0x00000000eab00000)
  object space 31744K, 28% used [0x00000000c0000000,0x00000000c08d59d8,0x00000000c1f00000)
 Metaspace       used 20854K, capacity 21240K, committed 21296K, reserved 1067008K
  class space    used 2815K, capacity 2943K, committed 2944K, reserved 1048576K
Event: 6.544 GC heap after
Heap after GC invocations=7 (full 0):
 PSYoungGen      total 55296K, used 5129K [0x00000000eab00000, 0x00000000f1800000, 0x0000000100000000)
  eden space 48640K, 0% used [0x00000000eab00000,0x00000000eab00000,0x00000000eda80000)
  from space 6656K, 77% used [0x00000000eda80000,0x00000000edf825c0,0x00000000ee100000)
  to   space 7168K, 0% used [0x00000000f1100000,0x00000000f1100000,0x00000000f1800000)
 ParOldGen       total 31744K, used 9382K [0x00000000c0000000, 0x00000000c1f00000, 0x00000000eab00000)
  object space 31744K, 29% used [0x00000000c0000000,0x00000000c0929a18,0x00000000c1f00000)
 Metaspace       used 20854K, capacity 21240K, committed 21296K, reserved 1067008K
  class space    used 2815K, capacity 2943K, committed 2944K, reserved 1048576K
}
Event: 6.544 GC heap before
{Heap before GC invocations=8 (full 1):
 PSYoungGen      total 55296K, used 5129K [0x00000000eab00000, 0x00000000f1800000, 0x0000000100000000)
  eden space 48640K, 0% used [0x00000000eab00000,0x00000000eab00000,0x00000000eda80000)
  from space 6656K, 77% used [0x00000000eda80000,0x00000000edf825c0,0x00000000ee100000)
  to   space 7168K, 0% used [0x00000000f1100000,0x00000000f1100000,0x00000000f1800000)
 ParOldGen       total 31744K, used 9382K [0x00000000c0000000, 0x00000000c1f00000, 0x00000000eab00000)
  object space 31744K, 29% used [0x00000000c0000000,0x00000000c0929a18,0x00000000c1f00000)
 Metaspace       used 20854K, capacity 21240K, committed 21296K, reserved 1067008K
  class space    used 2815K, capacity 2943K, committed 2944K, reserved 1048576K
Event: 6.746 GC heap after
Heap after GC invocations=8 (full 1):
 PSYoungGen      total 55296K, used 0K [0x00000000eab00000, 0x00000000f1800000, 0x0000000100000000)
  eden space 48640K, 0% used [0x00000000eab00000,0x00000000eab00000,0x00000000eda80000)
  from space 6656K, 0% used [0x00000000eda80000,0x00000000eda80000,0x00000000ee100000)
  to   space 7168K, 0% used [0x00000000f1100000,0x00000000f1100000,0x00000000f1800000)
 ParOldGen       total 33280K, used 10894K [0x00000000c0000000, 0x00000000c2080000, 0x00000000eab00000)
  object space 33280K, 32% used [0x00000000c0000000,0x00000000c0aa3ae0,0x00000000c2080000)
 Metaspace       used 20854K, capacity 21240K, committed 21296K, reserved 1067008K
  class space    used 2815K, capacity 2943K, committed 2944K, reserved 1048576K
}
Event: 8.661 GC heap before
{Heap before GC invocations=9 (full 1):
 PSYoungGen      total 55296K, used 48640K [0x00000000eab00000, 0x00000000f1800000, 0x0000000100000000)
  eden space 48640K, 100% used [0x00000000eab00000,0x00000000eda80000,0x00000000eda80000)
  from space 6656K, 0% used [0x00000000eda80000,0x00000000eda80000,0x00000000ee100000)
  to   space 7168K, 0% used [0x00000000f1100000,0x00000000f1100000,0x00000000f1800000)
 ParOldGen       total 33280K, used 10894K [0x00000000c0000000, 0x00000000c2080000, 0x00000000eab00000)
  object space 33280K, 32% used [0x00000000c0000000,0x00000000c0aa3ae0,0x00000000c2080000)
 Metaspace       used 24698K, capacity 25210K, committed 25472K, reserved 1071104K
  class space    used 3451K, capacity 3617K, committed 3712K, reserved 1048576K
Event: 8.707 GC heap after
Heap after GC invocations=9 (full 1):
 PSYoungGen      total 80896K, used 5637K [0x00000000eab00000, 0x00000000f1700000, 0x0000000100000000)
  eden space 74752K, 0% used [0x00000000eab00000,0x00000000eab00000,0x00000000ef400000)
  from space 6144K, 91% used [0x00000000f1100000,0x00000000f1681698,0x00000000f1700000)
  to   space 7680K, 0% used [0x00000000f0800000,0x00000000f0800000,0x00000000f0f80000)
 ParOldGen       total 33280K, used 10902K [0x00000000c0000000, 0x00000000c2080000, 0x00000000eab00000)
  object space 33280K, 32% used [0x00000000c0000000,0x00000000c0aa5ae0,0x00000000c2080000)
 Metaspace       used 24698K, capacity 25210K, committed 25472K, reserved 1071104K
  class space    used 3451K, capacity 3617K, committed 3712K, reserved 1048576K
}
Event: 11.478 GC heap before
{Heap before GC invocations=10 (full 1):
 PSYoungGen      total 80896K, used 80389K [0x00000000eab00000, 0x00000000f1700000, 0x0000000100000000)
  eden space 74752K, 100% used [0x00000000eab00000,0x00000000ef400000,0x00000000ef400000)
  from space 6144K, 91% used [0x00000000f1100000,0x00000000f1681698,0x00000000f1700000)
  to   space 7680K, 0% used [0x00000000f0800000,0x00000000f0800000,0x00000000f0f80000)
 ParOldGen       total 33280K, used 10902K [0x00000000c0000000, 0x00000000c2080000, 0x00000000eab00000)
  object space 33280K, 32% used [0x00000000c0000000,0x00000000c0aa5ae0,0x00000000c2080000)
 Metaspace       used 27437K, capacity 27858K, committed 28032K, reserved 1073152K
  class space    used 3821K, capacity 3941K, committed 3968K, reserved 1048576K
Event: 11.504 GC heap after
Heap after GC invocations=10 (full 1):
 PSYoungGen      total 102912K, used 6007K [0x00000000eab00000, 0x00000000f1980000, 0x0000000100000000)
  eden space 95232K, 0% used [0x00000000eab00000,0x00000000eab00000,0x00000000f0800000)
  from space 7680K, 78% used [0x00000000f0800000,0x00000000f0dddd48,0x00000000f0f80000)
  to   space 8192K, 0% used [0x00000000f1180000,0x00000000f1180000,0x00000000f1980000)
 ParOldGen       total 33280K, used 10910K [0x00000000c0000000, 0x00000000c2080000, 0x00000000eab00000)
  object space 33280K, 32% used [0x00000000c0000000,0x00000000c0aa7ae0,0x00000000c2080000)
 Metaspace       used 27437K, capacity 27858K, committed 28032K, reserved 1073152K
  class space    used 3821K, capacity 3941K, committed 3968K, reserved 1048576K
}
Event: 15.622 GC heap before
{Heap before GC invocations=11 (full 1):
 PSYoungGen      total 102912K, used 101239K [0x00000000eab00000, 0x00000000f1980000, 0x0000000100000000)
  eden space 95232K, 100% used [0x00000000eab00000,0x00000000f0800000,0x00000000f0800000)
  from space 7680K, 78% used [0x00000000f0800000,0x00000000f0dddd48,0x00000000f0f80000)
  to   space 8192K, 0% used [0x00000000f1180000,0x00000000f1180000,0x00000000f1980000)
 ParOldGen       total 33280K, used 10910K [0x00000000c0000000, 0x00000000c2080000, 0x00000000eab00000)
  object space 33280K, 32% used [0x00000000c0000000,0x00000000c0aa7ae0,0x00000000c2080000)
 Metaspace       used 32687K, capacity 33284K, committed 33664K, reserved 1079296K
  class space    used 4508K, capacity 4680K, committed 4736K, reserved 1048576K
Event: 15.659 GC heap after
Heap after GC invocations=11 (full 1):
 PSYoungGen      total 102912K, used 8180K [0x00000000eab00000, 0x00000000f3480000, 0x0000000100000000)
  eden space 94720K, 0% used [0x00000000eab00000,0x00000000eab00000,0x00000000f0780000)
  from space 8192K, 99% used [0x00000000f1180000,0x00000000f197d178,0x00000000f1980000)
  to   space 10240K, 0% used [0x00000000f0780000,0x00000000f0780000,0x00000000f1180000)
 ParOldGen       total 33280K, used 13875K [0x00000000c0000000, 0x00000000c2080000, 0x00000000eab00000)
  object space 33280K, 41% used [0x00000000c0000000,0x00000000c0d8cc58,0x00000000c2080000)
 Metaspace       used 32687K, capacity 33284K, committed 33664K, reserved 1079296K
  class space    used 4508K, capacity 4680K, committed 4736K, reserved 1048576K
}

