# JRE version: Java(TM) SE Runtime Environment (8.0_101-b13) (build 1.8.0_101-b13)
# Java VM: Java HotSpot(TM) 64-Bit Server VM (25.101-b13 mixed mode linux-amd64 compressed oops)
Heap:
 PSYoungGen      total 55296K, used 46398K [0x00000000eab00000, 0x00000000f1800000, 0x0000000100000000)
  eden space 48640K, 95% used [0x00000000eab00000,0x00000000ed84fbc8,0x00000000eda80000)
  from space 6656K, 0% used [0x00000000eda80000,0x00000000eda80000,0x00000000ee100000)
  to   space 7168K, 0% used [0x00000000f1100000,0x00000000f1100000,0x00000000f1800000)
 ParOldGen       total 33280K, used 10907K [0x00000000c0000000, 0x00000000c2080000, 0x00000000eab00000)
  object space 33280K, 32% used [0x00000000c0000000,0x00000000c0aa6cb8,0x00000000c2080000)
 Metaspace       used 24543K, capacity 25030K, committed 25344K, reserved 1071104K
  class space    used 3429K, capacity 3553K, committed 3584K, reserved 1048576K
GC Heap History (10 events):
Event: 5.225 GC heap before
{Heap before GC invocations=4 (full 0):
 PSYoungGen      total 13824K, used 13792K [0x00000000eab00000, 0x00000000ec600000, 0x0000000100000000)
  eden space 12288K, 100% used [0x00000000eab00000,0x00000000eb700000,0x00000000eb700000)
  from space 1536K, 97% used [0x00000000eb700000,0x00000000eb878020,0x00000000eb880000)
  to   space 1536K, 0% used [0x00000000ec480000,0x00000000ec480000,0x00000000ec600000)
 ParOldGen       total 31744K, used 2650K [0x00000000c0000000, 0x00000000c1f00000, 0x00000000eab00000)
  object space 31744K, 8% used [0x00000000c0000000,0x00000000c0296a40,0x00000000c1f00000)
 Metaspace       used 11197K, capacity 11596K, committed 11648K, reserved 1058816K
  class space    used 1493K, capacity 1624K, committed 1664K, reserved 1048576K
Event: 5.250 GC heap after
Heap after GC invocations=4 (full 0):
 PSYoungGen      total 26112K, used 1520K [0x00000000eab00000, 0x00000000ec600000, 0x0000000100000000)
  eden space 24576K, 0% used [0x00000000eab00000,0x00000000eab00000,0x00000000ec300000)
  from space 1536K, 98% used [0x00000000ec480000,0x00000000ec5fc010,0x00000000ec600000)
  to   space 1536K, 0% used [0x00000000ec300000,0x00000000ec300000,0x00000000ec480000)
 ParOldGen       total 31744K, used 4628K [0x00000000c0000000, 0x00000000c1f00000, 0x00000000eab00000)
  object space 31744K, 14% used [0x00000000c0000000,0x00000000c0485038,0x00000000c1f00000)
 Metaspace       used 11197K, capacity 11596K, committed 11648K, reserved 1058816K
  class space    used 1493K, capacity 1624K, committed 1664K, reserved 1048576K
}
Event: 6.663 GC heap before
{Heap before GC invocations=5 (full 0):
 PSYoungGen      total 26112K, used 26096K [0x00000000eab00000, 0x00000000ec600000, 0x0000000100000000)
  eden space 24576K, 100% used [0x00000000eab00000,0x00000000ec300000,0x00000000ec300000)
  from space 1536K, 98% used [0x00000000ec480000,0x00000000ec5fc010,0x00000000ec600000)
  to   space 1536K, 0% used [0x00000000ec300000,0x00000000ec300000,0x00000000ec480000)
 ParOldGen       total 31744K, used 4628K [0x00000000c0000000, 0x00000000c1f00000, 0x00000000eab00000)
  object space 31744K, 14% used [0x00000000c0000000,0x00000000c0485038,0x00000000c1f00000)
 Metaspace       used 15992K, capacity 16364K, committed 16640K, reserved 1062912K
  class space    used 2121K, capacity 2232K, committed 2304K, reserved 1048576K
Event: 6.696 GC heap after
Heap after GC invocations=5 (full 0):
 PSYoungGen      total 26112K, used 1504K [0x00000000eab00000, 0x00000000ee700000, 0x0000000100000000)
  eden space 24576K, 0% used [0x00000000eab00000,0x00000000eab00000,0x00000000ec300000)
  from space 1536K, 97% used [0x00000000ec300000,0x00000000ec478020,0x00000000ec480000)
  to   space 6144K, 0% used [0x00000000ee100000,0x00000000ee100000,0x00000000ee700000)
 ParOldGen       total 31744K, used 9114K [0x00000000c0000000, 0x00000000c1f00000, 0x00000000eab00000)
  object space 31744K, 28% used [0x00000000c0000000,0x00000000c08e69e8,0x00000000c1f00000)
 Metaspace       used 15992K, capacity 16364K, committed 16640K, reserved 1062912K
  class space    used 2121K, capacity 2232K, committed 2304K, reserved 1048576K
}
Event: 8.595 GC heap before
{Heap before GC invocations=6 (full 0):
 PSYoungGen      total 26112K, used 26080K [0x00000000eab00000, 0x00000000ee700000, 0x0000000100000000)
  eden space 24576K, 100% used [0x00000000eab00000,0x00000000ec300000,0x00000000ec300000)
  from space 1536K, 97% used [0x00000000ec300000,0x00000000ec478020,0x00000000ec480000)
  to   space 6144K, 0% used [0x00000000ee100000,0x00000000ee100000,0x00000000ee700000)
 ParOldGen       total 31744K, used 9114K [0x00000000c0000000, 0x00000000c1f00000, 0x00000000eab00000)
  object space 31744K, 28% used [0x00000000c0000000,0x00000000c08e69e8,0x00000000c1f00000)
 Metaspace       used 19067K, capacity 19448K, committed 19584K, reserved 1067008K
  class space    used 2506K, capacity 2620K, committed 2688K, reserved 1048576K
Event: 8.644 GC heap after
Heap after GC invocations=6 (full 0):
 PSYoungGen      total 54784K, used 5056K [0x00000000eab00000, 0x00000000ee800000, 0x0000000100000000)
  eden space 48640K, 0% used [0x00000000eab00000,0x00000000eab00000,0x00000000eda80000)
  from space 6144K, 82% used [0x00000000ee100000,0x00000000ee5f02c8,0x00000000ee700000)
  to   space 6656K, 0% used [0x00000000eda80000,0x00000000eda80000,0x00000000ee100000)
 ParOldGen       total 31744K, used 9122K [0x00000000c0000000, 0x00000000c1f00000, 0x00000000eab00000)
  object space 31744K, 28% used [0x00000000c0000000,0x00000000c08e89e8,0x00000000c1f00000)
 Metaspace       used 19067K, capacity 19448K, committed 19584K, reserved 1067008K
  class space    used 2506K, capacity 2620K, committed 2688K, reserved 1048576K
}
Event: 9.875 GC heap before
{Heap before GC invocations=7 (full 0):
 PSYoungGen      total 54784K, used 23882K [0x00000000eab00000, 0x00000000ee800000, 0x0000000100000000)
  eden space 48640K, 38% used [0x00000000eab00000,0x00000000ebd627a8,0x00000000eda80000)
  from space 6144K, 82% used [0x00000000ee100000,0x00000000ee5f02c8,0x00000000ee700000)
  to   space 6656K, 0% used [0x00000000eda80000,0x00000000eda80000,0x00000000ee100000)
 ParOldGen       total 31744K, used 9122K [0x00000000c0000000, 0x00000000c1f00000, 0x00000000eab00000)
  object space 31744K, 28% used [0x00000000c0000000,0x00000000c08e89e8,0x00000000c1f00000)
 Metaspace       used 20904K, capacity 21252K, committed 21296K, reserved 1067008K
  class space    used 2812K, capacity 2943K, committed 2944K, reserved 1048576K
Event: 9.929 GC heap after
Heap after GC invocations=7 (full 0):
 PSYoungGen      total 55296K, used 5156K [0x00000000eab00000, 0x00000000f1800000, 0x0000000100000000)
  eden space 48640K, 0% used [0x00000000eab00000,0x00000000eab00000,0x00000000eda80000)
  from space 6656K, 77% used [0x00000000eda80000,0x00000000edf89280,0x00000000ee100000)
  to   space 7168K, 0% used [0x00000000f1100000,0x00000000f1100000,0x00000000f1800000)
 ParOldGen       total 31744K, used 9458K [0x00000000c0000000, 0x00000000c1f00000, 0x00000000eab00000)
  object space 31744K, 29% used [0x00000000c0000000,0x00000000c093ca28,0x00000000c1f00000)
 Metaspace       used 20904K, capacity 21252K, committed 21296K, reserved 1067008K
  class space    used 2812K, capacity 2943K, committed 2944K, reserved 1048576K
}
Event: 9.929 GC heap before
{Heap before GC invocations=8 (full 1):
 PSYoungGen      total 55296K, used 5156K [0x00000000eab00000, 0x00000000f1800000, 0x0000000100000000)
  eden space 48640K, 0% used [0x00000000eab00000,0x00000000eab00000,0x00000000eda80000)
  from space 6656K, 77% used [0x00000000eda80000,0x00000000edf89280,0x00000000ee100000)
  to   space 7168K, 0% used [0x00000000f1100000,0x00000000f1100000,0x00000000f1800000)
 ParOldGen       total 31744K, used 9458K [0x00000000c0000000, 0x00000000c1f00000, 0x00000000eab00000)
  object space 31744K, 29% used [0x00000000c0000000,0x00000000c093ca28,0x00000000c1f00000)
 Metaspace       used 20904K, capacity 21252K, committed 21296K, reserved 1067008K
  class space    used 2812K, capacity 2943K, committed 2944K, reserved 1048576K
Event: 10.125 GC heap after
Heap after GC invocations=8 (full 1):
 PSYoungGen      total 55296K, used 0K [0x00000000eab00000, 0x00000000f1800000, 0x0000000100000000)
  eden space 48640K, 0% used [0x00000000eab00000,0x00000000eab00000,0x00000000eda80000)
  from space 6656K, 0% used [0x00000000eda80000,0x00000000eda80000,0x00000000ee100000)
  to   space 7168K, 0% used [0x00000000f1100000,0x00000000f1100000,0x00000000f1800000)
 ParOldGen       total 33280K, used 10907K [0x00000000c0000000, 0x00000000c2080000, 0x00000000eab00000)
  object space 33280K, 32% used [0x00000000c0000000,0x00000000c0aa6cb8,0x00000000c2080000)
 Metaspace       used 20904K, capacity 21252K, committed 21296K, reserved 1067008K
  class space    used 2812K, capacity 2943K, committed 2944K, reserved 1048576K
}

