# JRE version: Java(TM) SE Runtime Environment (8.0_101-b13) (build 1.8.0_101-b13)
# Java VM: Java HotSpot(TM) 64-Bit Server VM (25.101-b13 mixed mode linux-amd64 compressed oops)
Heap:
 PSYoungGen      total 109056K, used 104601K [0x00000000eab00000, 0x00000000f3a00000, 0x0000000100000000)
  eden space 100352K, 98% used [0x00000000eab00000,0x00000000f0bf64c0,0x00000000f0d00000)
  from space 8704K, 61% used [0x00000000f0d00000,0x00000000f12301f8,0x00000000f1580000)
  to   space 8704K, 0% used [0x00000000f3180000,0x00000000f3180000,0x00000000f3a00000)
 ParOldGen       total 33280K, used 10301K [0x00000000c0000000, 0x00000000c2080000, 0x00000000eab00000)
  object space 33280K, 30% used [0x00000000c0000000,0x00000000c0a0f528,0x00000000c2080000)
 Metaspace       used 35835K, capacity 36924K, committed 37248K, reserved 1081344K
  class space    used 4917K, capacity 5154K, committed 5248K, reserved 1048576K
GC Heap History (10 events):
Event: 23.082 GC heap before
{Heap before GC invocations=9 (full 1):
 PSYoungGen      total 55296K, used 48640K [0x00000000eab00000, 0x00000000f1800000, 0x0000000100000000)
  eden space 48640K, 100% used [0x00000000eab00000,0x00000000eda80000,0x00000000eda80000)
  from space 6656K, 0% used [0x00000000eda80000,0x00000000eda80000,0x00000000ee100000)
  to   space 7168K, 0% used [0x00000000f1100000,0x00000000f1100000,0x00000000f1800000)
 ParOldGen       total 33280K, used 11234K [0x00000000c0000000, 0x00000000c2080000, 0x00000000eab00000)
  object space 33280K, 33% used [0x00000000c0000000,0x00000000c0af8b40,0x00000000c2080000)
 Metaspace       used 24499K, capacity 25178K, committed 25472K, reserved 1071104K
  class space    used 3428K, capacity 3591K, committed 3712K, reserved 1048576K
Event: 23.145 GC heap after
Heap after GC invocations=9 (full 1):
 PSYoungGen      total 81920K, used 5875K [0x00000000eab00000, 0x00000000f1700000, 0x0000000100000000)
  eden space 75776K, 0% used [0x00000000eab00000,0x00000000eab00000,0x00000000ef500000)
  from space 6144K, 95% used [0x00000000f1100000,0x00000000f16bcc58,0x00000000f1700000)
  to   space 7680K, 0% used [0x00000000f0800000,0x00000000f0800000,0x00000000f0f80000)
 ParOldGen       total 33280K, used 11242K [0x00000000c0000000, 0x00000000c2080000, 0x00000000eab00000)
  object space 33280K, 33% used [0x00000000c0000000,0x00000000c0afab40,0x00000000c2080000)
 Metaspace       used 24499K, capacity 25178K, committed 25472K, reserved 1071104K
  class space    used 3428K, capacity 3591K, committed 3712K, reserved 1048576K
}
Event: 26.886 GC heap before
{Heap before GC invocations=10 (full 1):
 PSYoungGen      total 81920K, used 81651K [0x00000000eab00000, 0x00000000f1700000, 0x0000000100000000)
  eden space 75776K, 100% used [0x00000000eab00000,0x00000000ef500000,0x00000000ef500000)
  from space 6144K, 95% used [0x00000000f1100000,0x00000000f16bcc58,0x00000000f1700000)
  to   space 7680K, 0% used [0x00000000f0800000,0x00000000f0800000,0x00000000f0f80000)
 ParOldGen       total 33280K, used 11242K [0x00000000c0000000, 0x00000000c2080000, 0x00000000eab00000)
  object space 33280K, 33% used [0x00000000c0000000,0x00000000c0afab40,0x00000000c2080000)
 Metaspace       used 27867K, capacity 28562K, committed 28672K, reserved 1073152K
  class space    used 3888K, capacity 4075K, committed 4096K, reserved 1048576K
Event: 26.938 GC heap after
Heap after GC invocations=10 (full 1):
 PSYoungGen      total 102912K, used 6660K [0x00000000eab00000, 0x00000000f1d80000, 0x0000000100000000)
  eden space 95232K, 0% used [0x00000000eab00000,0x00000000eab00000,0x00000000f0800000)
  from space 7680K, 86% used [0x00000000f0800000,0x00000000f0e811a0,0x00000000f0f80000)
  to   space 8192K, 0% used [0x00000000f1580000,0x00000000f1580000,0x00000000f1d80000)
 ParOldGen       total 33280K, used 11250K [0x00000000c0000000, 0x00000000c2080000, 0x00000000eab00000)
  object space 33280K, 33% used [0x00000000c0000000,0x00000000c0afcb40,0x00000000c2080000)
 Metaspace       used 27867K, capacity 28562K, committed 28672K, reserved 1073152K
  class space    used 3888K, capacity 4075K, committed 4096K, reserved 1048576K
}
Event: 27.273 GC heap before
{Heap before GC invocations=11 (full 1):
 PSYoungGen      total 102912K, used 10731K [0x00000000eab00000, 0x00000000f1d80000, 0x0000000100000000)
  eden space 95232K, 4% used [0x00000000eab00000,0x00000000eaef9d80,0x00000000f0800000)
  from space 7680K, 86% used [0x00000000f0800000,0x00000000f0e811a0,0x00000000f0f80000)
  to   space 8192K, 0% used [0x00000000f1580000,0x00000000f1580000,0x00000000f1d80000)
 ParOldGen       total 33280K, used 11250K [0x00000000c0000000, 0x00000000c2080000, 0x00000000eab00000)
  object space 33280K, 33% used [0x00000000c0000000,0x00000000c0afcb40,0x00000000c2080000)
 Metaspace       used 27978K, capacity 28626K, committed 28928K, reserved 1075200K
  class space    used 3901K, capacity 4075K, committed 4096K, reserved 1048576K
Event: 27.295 GC heap after
Heap after GC invocations=11 (full 1):
 PSYoungGen      total 108544K, used 672K [0x00000000eab00000, 0x00000000f1e80000, 0x0000000100000000)
  eden space 100352K, 0% used [0x00000000eab00000,0x00000000eab00000,0x00000000f0d00000)
  from space 8192K, 8% used [0x00000000f1580000,0x00000000f1628010,0x00000000f1d80000)
  to   space 8704K, 0% used [0x00000000f0d00000,0x00000000f0d00000,0x00000000f1580000)
 ParOldGen       total 33280K, used 13714K [0x00000000c0000000, 0x00000000c2080000, 0x00000000eab00000)
  object space 33280K, 41% used [0x00000000c0000000,0x00000000c0d64b70,0x00000000c2080000)
 Metaspace       used 27978K, capacity 28626K, committed 28928K, reserved 1075200K
  class space    used 3901K, capacity 4075K, committed 4096K, reserved 1048576K
}
Event: 27.295 GC heap before
{Heap before GC invocations=12 (full 2):
 PSYoungGen      total 108544K, used 672K [0x00000000eab00000, 0x00000000f1e80000, 0x0000000100000000)
  eden space 100352K, 0% used [0x00000000eab00000,0x00000000eab00000,0x00000000f0d00000)
  from space 8192K, 8% used [0x00000000f1580000,0x00000000f1628010,0x00000000f1d80000)
  to   space 8704K, 0% used [0x00000000f0d00000,0x00000000f0d00000,0x00000000f1580000)
 ParOldGen       total 33280K, used 13714K [0x00000000c0000000, 0x00000000c2080000, 0x00000000eab00000)
  object space 33280K, 41% used [0x00000000c0000000,0x00000000c0d64b70,0x00000000c2080000)
 Metaspace       used 27978K, capacity 28626K, committed 28928K, reserved 1075200K
  class space    used 3901K, capacity 4075K, committed 4096K, reserved 1048576K
Event: 27.557 GC heap after
Heap after GC invocations=12 (full 2):
 PSYoungGen      total 108544K, used 0K [0x00000000eab00000, 0x00000000f1e80000, 0x0000000100000000)
  eden space 100352K, 0% used [0x00000000eab00000,0x00000000eab00000,0x00000000f0d00000)
  from space 8192K, 0% used [0x00000000f1580000,0x00000000f1580000,0x00000000f1d80000)
  to   space 8704K, 0% used [0x00000000f0d00000,0x00000000f0d00000,0x00000000f1580000)
 ParOldGen       total 33280K, used 10293K [0x00000000c0000000, 0x00000000c2080000, 0x00000000eab00000)
  object space 33280K, 30% used [0x00000000c0000000,0x00000000c0a0d528,0x00000000c2080000)
 Metaspace       used 27978K, capacity 28626K, committed 28928K, reserved 1075200K
  class space    used 3901K, capacity 4075K, committed 4096K, reserved 1048576K
}
Event: 76.102 GC heap before
{Heap before GC invocations=13 (full 2):
 PSYoungGen      total 108544K, used 100352K [0x00000000eab00000, 0x00000000f1e80000, 0x0000000100000000)
  eden space 100352K, 100% used [0x00000000eab00000,0x00000000f0d00000,0x00000000f0d00000)
  from space 8192K, 0% used [0x00000000f1580000,0x00000000f1580000,0x00000000f1d80000)
  to   space 8704K, 0% used [0x00000000f0d00000,0x00000000f0d00000,0x00000000f1580000)
 ParOldGen       total 33280K, used 10293K [0x00000000c0000000, 0x00000000c2080000, 0x00000000eab00000)
  object space 33280K, 30% used [0x00000000c0000000,0x00000000c0a0d528,0x00000000c2080000)
 Metaspace       used 31023K, capacity 32008K, committed 32256K, reserved 1077248K
  class space    used 4289K, capacity 4496K, committed 4608K, reserved 1048576K
Event: 76.130 GC heap after
Heap after GC invocations=13 (full 2):
 PSYoungGen      total 109056K, used 5312K [0x00000000eab00000, 0x00000000f3a00000, 0x0000000100000000)
  eden space 100352K, 0% used [0x00000000eab00000,0x00000000eab00000,0x00000000f0d00000)
  from space 8704K, 61% used [0x00000000f0d00000,0x00000000f12301f8,0x00000000f1580000)
  to   space 8704K, 0% used [0x00000000f3180000,0x00000000f3180000,0x00000000f3a00000)
 ParOldGen       total 33280K, used 10301K [0x00000000c0000000, 0x00000000c2080000, 0x00000000eab00000)
  object space 33280K, 30% used [0x00000000c0000000,0x00000000c0a0f528,0x00000000c2080000)
 Metaspace       used 31023K, capacity 32008K, committed 32256K, reserved 1077248K
  class space    used 4289K, capacity 4496K, committed 4608K, reserved 1048576K
}

