# JRE version: Java(TM) SE Runtime Environment (8.0_101-b13) (build 1.8.0_101-b13)
# Java VM: Java HotSpot(TM) 64-Bit Server VM (25.101-b13 mixed mode linux-amd64 compressed oops)
Heap:
 PSYoungGen      total 28672K, used 19576K [0x00000000eab00000, 0x00000000ee600000, 0x0000000100000000)
  eden space 23552K, 61% used [0x00000000eab00000,0x00000000eb922a50,0x00000000ec200000)
  from space 5120K, 99% used [0x00000000ec200000,0x00000000ec6fb858,0x00000000ec700000)
  to   space 6656K, 0% used [0x00000000edf80000,0x00000000edf80000,0x00000000ee600000)
 ParOldGen       total 31744K, used 8188K [0x00000000c0000000, 0x00000000c1f00000, 0x00000000eab00000)
  object space 31744K, 25% used [0x00000000c0000000,0x00000000c07ff038,0x00000000c1f00000)
 Metaspace       used 20432K, capacity 20872K, committed 21120K, reserved 1067008K
  class space    used 2733K, capacity 2879K, committed 2944K, reserved 1048576K
GC Heap History (10 events):
Event: 8.122 GC heap before
{Heap before GC invocations=3 (full 0):
 PSYoungGen      total 13824K, used 13801K [0x00000000eab00000, 0x00000000eba00000, 0x0000000100000000)
  eden space 12288K, 100% used [0x00000000eab00000,0x00000000eb700000,0x00000000eb700000)
  from space 1536K, 98% used [0x00000000eb880000,0x00000000eb9fa580,0x00000000eba00000)
  to   space 1536K, 0% used [0x00000000eb700000,0x00000000eb700000,0x00000000eb880000)
 ParOldGen       total 31744K, used 1166K [0x00000000c0000000, 0x00000000c1f00000, 0x00000000eab00000)
  object space 31744K, 3% used [0x00000000c0000000,0x00000000c01239d0,0x00000000c1f00000)
 Metaspace       used 7770K, capacity 8000K, committed 8064K, reserved 1056768K
  class space    used 1018K, capacity 1088K, committed 1152K, reserved 1048576K
Event: 8.146 GC heap after
Heap after GC invocations=3 (full 0):
 PSYoungGen      total 13824K, used 1520K [0x00000000eab00000, 0x00000000eba00000, 0x0000000100000000)
  eden space 12288K, 0% used [0x00000000eab00000,0x00000000eab00000,0x00000000eb700000)
  from space 1536K, 98% used [0x00000000eb700000,0x00000000eb87c030,0x00000000eb880000)
  to   space 1536K, 0% used [0x00000000eb880000,0x00000000eb880000,0x00000000eba00000)
 ParOldGen       total 31744K, used 2660K [0x00000000c0000000, 0x00000000c1f00000, 0x00000000eab00000)
  object space 31744K, 8% used [0x00000000c0000000,0x00000000c02992e0,0x00000000c1f00000)
 Metaspace       used 7770K, capacity 8000K, committed 8064K, reserved 1056768K
  class space    used 1018K, capacity 1088K, committed 1152K, reserved 1048576K
}
Event: 12.263 GC heap before
{Heap before GC invocations=4 (full 0):
 PSYoungGen      total 13824K, used 13808K [0x00000000eab00000, 0x00000000eba00000, 0x0000000100000000)
  eden space 12288K, 100% used [0x00000000eab00000,0x00000000eb700000,0x00000000eb700000)
  from space 1536K, 98% used [0x00000000eb700000,0x00000000eb87c030,0x00000000eb880000)
  to   space 1536K, 0% used [0x00000000eb880000,0x00000000eb880000,0x00000000eba00000)
 ParOldGen       total 31744K, used 2660K [0x00000000c0000000, 0x00000000c1f00000, 0x00000000eab00000)
  object space 31744K, 8% used [0x00000000c0000000,0x00000000c02992e0,0x00000000c1f00000)
 Metaspace       used 11294K, capacity 11664K, committed 11904K, reserved 1058816K
  class space    used 1513K, capacity 1624K, committed 1664K, reserved 1048576K
Event: 12.354 GC heap after
Heap after GC invocations=4 (full 0):
 PSYoungGen      total 13824K, used 1520K [0x00000000eab00000, 0x00000000ec600000, 0x0000000100000000)
  eden space 12288K, 0% used [0x00000000eab00000,0x00000000eab00000,0x00000000eb700000)
  from space 1536K, 98% used [0x00000000eb880000,0x00000000eb9fc010,0x00000000eba00000)
  to   space 1536K, 0% used [0x00000000eb700000,0x00000000eb700000,0x00000000eb880000)
 ParOldGen       total 31744K, used 4500K [0x00000000c0000000, 0x00000000c1f00000, 0x00000000eab00000)
  object space 31744K, 14% used [0x00000000c0000000,0x00000000c0465030,0x00000000c1f00000)
 Metaspace       used 11294K, capacity 11664K, committed 11904K, reserved 1058816K
  class space    used 1513K, capacity 1624K, committed 1664K, reserved 1048576K
}
Event: 14.956 GC heap before
{Heap before GC invocations=5 (full 0):
 PSYoungGen      total 13824K, used 13808K [0x00000000eab00000, 0x00000000ec600000, 0x0000000100000000)
  eden space 12288K, 100% used [0x00000000eab00000,0x00000000eb700000,0x00000000eb700000)
  from space 1536K, 98% used [0x00000000eb880000,0x00000000eb9fc010,0x00000000eba00000)
  to   space 1536K, 0% used [0x00000000eb700000,0x00000000eb700000,0x00000000eb880000)
 ParOldGen       total 31744K, used 4500K [0x00000000c0000000, 0x00000000c1f00000, 0x00000000eab00000)
  object space 31744K, 14% used [0x00000000c0000000,0x00000000c0465030,0x00000000c1f00000)
 Metaspace       used 12632K, capacity 12944K, committed 13184K, reserved 1060864K
  class space    used 1726K, capacity 1816K, committed 1920K, reserved 1048576K
Event: 14.983 GC heap after
Heap after GC invocations=5 (full 0):
 PSYoungGen      total 13824K, used 1504K [0x00000000eab00000, 0x00000000ecb00000, 0x0000000100000000)
  eden space 12288K, 0% used [0x00000000eab00000,0x00000000eab00000,0x00000000eb700000)
  from space 1536K, 97% used [0x00000000eb700000,0x00000000eb878020,0x00000000eb880000)
  to   space 4096K, 0% used [0x00000000ec700000,0x00000000ec700000,0x00000000ecb00000)
 ParOldGen       total 31744K, used 5993K [0x00000000c0000000, 0x00000000c1f00000, 0x00000000eab00000)
  object space 31744K, 18% used [0x00000000c0000000,0x00000000c05da748,0x00000000c1f00000)
 Metaspace       used 12632K, capacity 12944K, committed 13184K, reserved 1060864K
  class space    used 1726K, capacity 1816K, committed 1920K, reserved 1048576K
}
Event: 18.448 GC heap before
{Heap before GC invocations=6 (full 0):
 PSYoungGen      total 13824K, used 13792K [0x00000000eab00000, 0x00000000ecb00000, 0x0000000100000000)
  eden space 12288K, 100% used [0x00000000eab00000,0x00000000eb700000,0x00000000eb700000)
  from space 1536K, 97% used [0x00000000eb700000,0x00000000eb878020,0x00000000eb880000)
  to   space 4096K, 0% used [0x00000000ec700000,0x00000000ec700000,0x00000000ecb00000)
 ParOldGen       total 31744K, used 5993K [0x00000000c0000000, 0x00000000c1f00000, 0x00000000eab00000)
  object space 31744K, 18% used [0x00000000c0000000,0x00000000c05da748,0x00000000c1f00000)
 Metaspace       used 16210K, capacity 16528K, committed 16640K, reserved 1062912K
  class space    used 2149K, capacity 2264K, committed 2304K, reserved 1048576K
Event: 18.502 GC heap after
Heap after GC invocations=6 (full 0):
 PSYoungGen      total 27648K, used 4066K [0x00000000eab00000, 0x00000000ecd00000, 0x0000000100000000)
  eden space 23552K, 0% used [0x00000000eab00000,0x00000000eab00000,0x00000000ec200000)
  from space 4096K, 99% used [0x00000000ec700000,0x00000000ecaf8a60,0x00000000ecb00000)
  to   space 5120K, 0% used [0x00000000ec200000,0x00000000ec200000,0x00000000ec700000)
 ParOldGen       total 31744K, used 6711K [0x00000000c0000000, 0x00000000c1f00000, 0x00000000eab00000)
  object space 31744K, 21% used [0x00000000c0000000,0x00000000c068dd30,0x00000000c1f00000)
 Metaspace       used 16210K, capacity 16528K, committed 16640K, reserved 1062912K
  class space    used 2149K, capacity 2264K, committed 2304K, reserved 1048576K
}
Event: 23.470 GC heap before
{Heap before GC invocations=7 (full 0):
 PSYoungGen      total 27648K, used 27618K [0x00000000eab00000, 0x00000000ecd00000, 0x0000000100000000)
  eden space 23552K, 100% used [0x00000000eab00000,0x00000000ec200000,0x00000000ec200000)
  from space 4096K, 99% used [0x00000000ec700000,0x00000000ecaf8a60,0x00000000ecb00000)
  to   space 5120K, 0% used [0x00000000ec200000,0x00000000ec200000,0x00000000ec700000)
 ParOldGen       total 31744K, used 6711K [0x00000000c0000000, 0x00000000c1f00000, 0x00000000eab00000)
  object space 31744K, 21% used [0x00000000c0000000,0x00000000c068dd30,0x00000000c1f00000)
 Metaspace       used 19126K, capacity 19522K, committed 19840K, reserved 1067008K
  class space    used 2511K, capacity 2621K, committed 2688K, reserved 1048576K
Event: 23.622 GC heap after
Heap after GC invocations=7 (full 0):
 PSYoungGen      total 28672K, used 5102K [0x00000000eab00000, 0x00000000ee600000, 0x0000000100000000)
  eden space 23552K, 0% used [0x00000000eab00000,0x00000000eab00000,0x00000000ec200000)
  from space 5120K, 99% used [0x00000000ec200000,0x00000000ec6fb858,0x00000000ec700000)
  to   space 6656K, 0% used [0x00000000edf80000,0x00000000edf80000,0x00000000ee600000)
 ParOldGen       total 31744K, used 8188K [0x00000000c0000000, 0x00000000c1f00000, 0x00000000eab00000)
  object space 31744K, 25% used [0x00000000c0000000,0x00000000c07ff038,0x00000000c1f00000)
 Metaspace       used 19126K, capacity 19522K, committed 19840K, reserved 1067008K
  class space    used 2511K, capacity 2621K, committed 2688K, reserved 1048576K
}

