# JRE version: Java(TM) SE Runtime Environment (8.0_101-b13) (build 1.8.0_101-b13)
# Java VM: Java HotSpot(TM) 64-Bit Server VM (25.101-b13 mixed mode linux-amd64 compressed oops)
Heap:
 PSYoungGen      total 83456K, used 42303K [0x00000000eab00000, 0x00000000f1700000, 0x0000000100000000)
  eden space 77312K, 47% used [0x00000000eab00000,0x00000000ecece5f0,0x00000000ef680000)
  from space 6144K, 91% used [0x00000000f1100000,0x00000000f1681698,0x00000000f1700000)
  to   space 7680K, 0% used [0x00000000f0800000,0x00000000f0800000,0x00000000f0f80000)
 ParOldGen       total 33792K, used 12072K [0x00000000c0000000, 0x00000000c2100000, 0x00000000eab00000)
  object space 33792K, 35% used [0x00000000c0000000,0x00000000c0bca288,0x00000000c2100000)
 Metaspace       used 27196K, capacity 27604K, committed 27776K, reserved 1073152K
  class space    used 3819K, capacity 3940K, committed 3968K, reserved 1048576K
GC Heap History (10 events):
Event: 6.644 GC heap before
{Heap before GC invocations=5 (full 0):
 PSYoungGen      total 26112K, used 26112K [0x00000000eab00000, 0x00000000ec600000, 0x0000000100000000)
  eden space 24576K, 100% used [0x00000000eab00000,0x00000000ec300000,0x00000000ec300000)
  from space 1536K, 100% used [0x00000000ec480000,0x00000000ec600000,0x00000000ec600000)
  to   space 1536K, 0% used [0x00000000ec300000,0x00000000ec300000,0x00000000ec480000)
 ParOldGen       total 31744K, used 4512K [0x00000000c0000000, 0x00000000c1f00000, 0x00000000eab00000)
  object space 31744K, 14% used [0x00000000c0000000,0x00000000c04682a8,0x00000000c1f00000)
 Metaspace       used 16154K, capacity 16520K, committed 16640K, reserved 1062912K
  class space    used 2142K, capacity 2264K, committed 2304K, reserved 1048576K
Event: 6.678 GC heap after
Heap after GC invocations=5 (full 0):
 PSYoungGen      total 26112K, used 1536K [0x00000000eab00000, 0x00000000ee700000, 0x0000000100000000)
  eden space 24576K, 0% used [0x00000000eab00000,0x00000000eab00000,0x00000000ec300000)
  from space 1536K, 100% used [0x00000000ec300000,0x00000000ec480000,0x00000000ec480000)
  to   space 6144K, 0% used [0x00000000ee100000,0x00000000ee100000,0x00000000ee700000)
 ParOldGen       total 31744K, used 9154K [0x00000000c0000000, 0x00000000c1f00000, 0x00000000eab00000)
  object space 31744K, 28% used [0x00000000c0000000,0x00000000c08f08e0,0x00000000c1f00000)
 Metaspace       used 16154K, capacity 16520K, committed 16640K, reserved 1062912K
  class space    used 2142K, capacity 2264K, committed 2304K, reserved 1048576K
}
Event: 8.542 GC heap before
{Heap before GC invocations=6 (full 0):
 PSYoungGen      total 26112K, used 26112K [0x00000000eab00000, 0x00000000ee700000, 0x0000000100000000)
  eden space 24576K, 100% used [0x00000000eab00000,0x00000000ec300000,0x00000000ec300000)
  from space 1536K, 100% used [0x00000000ec300000,0x00000000ec480000,0x00000000ec480000)
  to   space 6144K, 0% used [0x00000000ee100000,0x00000000ee100000,0x00000000ee700000)
 ParOldGen       total 31744K, used 9154K [0x00000000c0000000, 0x00000000c1f00000, 0x00000000eab00000)
  object space 31744K, 28% used [0x00000000c0000000,0x00000000c08f08e0,0x00000000c1f00000)
 Metaspace       used 19138K, capacity 19520K, committed 19840K, reserved 1067008K
  class space    used 2517K, capacity 2623K, committed 2688K, reserved 1048576K
Event: 8.585 GC heap after
Heap after GC invocations=6 (full 0):
 PSYoungGen      total 54784K, used 4950K [0x00000000eab00000, 0x00000000ee800000, 0x0000000100000000)
  eden space 48640K, 0% used [0x00000000eab00000,0x00000000eab00000,0x00000000eda80000)
  from space 6144K, 80% used [0x00000000ee100000,0x00000000ee5d5b98,0x00000000ee700000)
  to   space 6656K, 0% used [0x00000000eda80000,0x00000000eda80000,0x00000000ee100000)
 ParOldGen       total 31744K, used 9154K [0x00000000c0000000, 0x00000000c1f00000, 0x00000000eab00000)
  object space 31744K, 28% used [0x00000000c0000000,0x00000000c08f08e0,0x00000000c1f00000)
 Metaspace       used 19138K, capacity 19520K, committed 19840K, reserved 1067008K
  class space    used 2517K, capacity 2623K, committed 2688K, reserved 1048576K
}
Event: 9.580 GC heap before
{Heap before GC invocations=7 (full 0):
 PSYoungGen      total 54784K, used 22126K [0x00000000eab00000, 0x00000000ee800000, 0x0000000100000000)
  eden space 48640K, 35% used [0x00000000eab00000,0x00000000ebbc5ee0,0x00000000eda80000)
  from space 6144K, 80% used [0x00000000ee100000,0x00000000ee5d5b98,0x00000000ee700000)
  to   space 6656K, 0% used [0x00000000eda80000,0x00000000eda80000,0x00000000ee100000)
 ParOldGen       total 31744K, used 9154K [0x00000000c0000000, 0x00000000c1f00000, 0x00000000eab00000)
  object space 31744K, 28% used [0x00000000c0000000,0x00000000c08f08e0,0x00000000c1f00000)
 Metaspace       used 20903K, capacity 21248K, committed 21296K, reserved 1067008K
  class space    used 2812K, capacity 2943K, committed 2944K, reserved 1048576K
Event: 9.640 GC heap after
Heap after GC invocations=7 (full 0):
 PSYoungGen      total 55296K, used 5130K [0x00000000eab00000, 0x00000000f1800000, 0x0000000100000000)
  eden space 48640K, 0% used [0x00000000eab00000,0x00000000eab00000,0x00000000eda80000)
  from space 6656K, 77% used [0x00000000eda80000,0x00000000edf82908,0x00000000ee100000)
  to   space 7168K, 0% used [0x00000000f1100000,0x00000000f1100000,0x00000000f1800000)
 ParOldGen       total 31744K, used 9498K [0x00000000c0000000, 0x00000000c1f00000, 0x00000000eab00000)
  object space 31744K, 29% used [0x00000000c0000000,0x00000000c0946920,0x00000000c1f00000)
 Metaspace       used 20903K, capacity 21248K, committed 21296K, reserved 1067008K
  class space    used 2812K, capacity 2943K, committed 2944K, reserved 1048576K
}
Event: 9.640 GC heap before
{Heap before GC invocations=8 (full 1):
 PSYoungGen      total 55296K, used 5130K [0x00000000eab00000, 0x00000000f1800000, 0x0000000100000000)
  eden space 48640K, 0% used [0x00000000eab00000,0x00000000eab00000,0x00000000eda80000)
  from space 6656K, 77% used [0x00000000eda80000,0x00000000edf82908,0x00000000ee100000)
  to   space 7168K, 0% used [0x00000000f1100000,0x00000000f1100000,0x00000000f1800000)
 ParOldGen       total 31744K, used 9498K [0x00000000c0000000, 0x00000000c1f00000, 0x00000000eab00000)
  object space 31744K, 29% used [0x00000000c0000000,0x00000000c0946920,0x00000000c1f00000)
 Metaspace       used 20903K, capacity 21248K, committed 21296K, reserved 1067008K
  class space    used 2812K, capacity 2943K, committed 2944K, reserved 1048576K
Event: 9.800 GC heap after
Heap after GC invocations=8 (full 1):
 PSYoungGen      total 55296K, used 0K [0x00000000eab00000, 0x00000000f1800000, 0x0000000100000000)
  eden space 48640K, 0% used [0x00000000eab00000,0x00000000eab00000,0x00000000eda80000)
  from space 6656K, 0% used [0x00000000eda80000,0x00000000eda80000,0x00000000ee100000)
  to   space 7168K, 0% used [0x00000000f1100000,0x00000000f1100000,0x00000000f1800000)
 ParOldGen       total 33792K, used 12064K [0x00000000c0000000, 0x00000000c2100000, 0x00000000eab00000)
  object space 33792K, 35% used [0x00000000c0000000,0x00000000c0bc8288,0x00000000c2100000)
 Metaspace       used 20903K, capacity 21248K, committed 21296K, reserved 1067008K
  class space    used 2812K, capacity 2943K, committed 2944K, reserved 1048576K
}
Event: 12.730 GC heap before
{Heap before GC invocations=9 (full 1):
 PSYoungGen      total 55296K, used 48640K [0x00000000eab00000, 0x00000000f1800000, 0x0000000100000000)
  eden space 48640K, 100% used [0x00000000eab00000,0x00000000eda80000,0x00000000eda80000)
  from space 6656K, 0% used [0x00000000eda80000,0x00000000eda80000,0x00000000ee100000)
  to   space 7168K, 0% used [0x00000000f1100000,0x00000000f1100000,0x00000000f1800000)
 ParOldGen       total 33792K, used 12064K [0x00000000c0000000, 0x00000000c2100000, 0x00000000eab00000)
  object space 33792K, 35% used [0x00000000c0000000,0x00000000c0bc8288,0x00000000c2100000)
 Metaspace       used 24741K, capacity 25218K, committed 25472K, reserved 1071104K
  class space    used 3451K, capacity 3617K, committed 3712K, reserved 1048576K
Event: 12.770 GC heap after
Heap after GC invocations=9 (full 1):
 PSYoungGen      total 83456K, used 5637K [0x00000000eab00000, 0x00000000f1700000, 0x0000000100000000)
  eden space 77312K, 0% used [0x00000000eab00000,0x00000000eab00000,0x00000000ef680000)
  from space 6144K, 91% used [0x00000000f1100000,0x00000000f1681698,0x00000000f1700000)
  to   space 7680K, 0% used [0x00000000f0800000,0x00000000f0800000,0x00000000f0f80000)
 ParOldGen       total 33792K, used 12072K [0x00000000c0000000, 0x00000000c2100000, 0x00000000eab00000)
  object space 33792K, 35% used [0x00000000c0000000,0x00000000c0bca288,0x00000000c2100000)
 Metaspace       used 24741K, capacity 25218K, committed 25472K, reserved 1071104K
  class space    used 3451K, capacity 3617K, committed 3712K, reserved 1048576K
}

