# JRE version: Java(TM) SE Runtime Environment (8.0_101-b13) (build 1.8.0_101-b13)
# Java VM: Java HotSpot(TM) 64-Bit Server VM (25.101-b13 mixed mode linux-amd64 compressed oops)
Heap:
 PSYoungGen      total 55296K, used 37778K [0x00000000eab00000, 0x00000000f1800000, 0x0000000100000000)
  eden space 48640K, 77% used [0x00000000eab00000,0x00000000ecfe4998,0x00000000eda80000)
  from space 6656K, 0% used [0x00000000eda80000,0x00000000eda80000,0x00000000ee100000)
  to   space 7168K, 0% used [0x00000000f1100000,0x00000000f1100000,0x00000000f1800000)
 ParOldGen       total 34304K, used 11985K [0x00000000c0000000, 0x00000000c2180000, 0x00000000eab00000)
  object space 34304K, 34% used [0x00000000c0000000,0x00000000c0bb4788,0x00000000c2180000)
 Metaspace       used 23671K, capacity 24188K, committed 24448K, reserved 1071104K
  class space    used 3293K, capacity 3424K, committed 3456K, reserved 1048576K
GC Heap History (10 events):
Event: 4.450 GC heap before
{Heap before GC invocations=4 (full 0):
 PSYoungGen      total 13824K, used 13824K [0x00000000eab00000, 0x00000000ec600000, 0x0000000100000000)
  eden space 12288K, 100% used [0x00000000eab00000,0x00000000eb700000,0x00000000eb700000)
  from space 1536K, 100% used [0x00000000eb700000,0x00000000eb880000,0x00000000eb880000)
  to   space 1536K, 0% used [0x00000000ec480000,0x00000000ec480000,0x00000000ec600000)
 ParOldGen       total 31744K, used 2368K [0x00000000c0000000, 0x00000000c1f00000, 0x00000000eab00000)
  object space 31744K, 7% used [0x00000000c0000000,0x00000000c02501b8,0x00000000c1f00000)
 Metaspace       used 11243K, capacity 11592K, committed 11648K, reserved 1058816K
  class space    used 1503K, capacity 1624K, committed 1664K, reserved 1048576K
Event: 4.492 GC heap after
Heap after GC invocations=4 (full 0):
 PSYoungGen      total 26112K, used 1520K [0x00000000eab00000, 0x00000000ec600000, 0x0000000100000000)
  eden space 24576K, 0% used [0x00000000eab00000,0x00000000eab00000,0x00000000ec300000)
  from space 1536K, 98% used [0x00000000ec480000,0x00000000ec5fc010,0x00000000ec600000)
  to   space 1536K, 0% used [0x00000000ec300000,0x00000000ec300000,0x00000000ec480000)
 ParOldGen       total 31744K, used 4383K [0x00000000c0000000, 0x00000000c1f00000, 0x00000000eab00000)
  object space 31744K, 13% used [0x00000000c0000000,0x00000000c0447fa8,0x00000000c1f00000)
 Metaspace       used 11243K, capacity 11592K, committed 11648K, reserved 1058816K
  class space    used 1503K, capacity 1624K, committed 1664K, reserved 1048576K
}
Event: 6.115 GC heap before
{Heap before GC invocations=5 (full 0):
 PSYoungGen      total 26112K, used 26096K [0x00000000eab00000, 0x00000000ec600000, 0x0000000100000000)
  eden space 24576K, 100% used [0x00000000eab00000,0x00000000ec300000,0x00000000ec300000)
  from space 1536K, 98% used [0x00000000ec480000,0x00000000ec5fc010,0x00000000ec600000)
  to   space 1536K, 0% used [0x00000000ec300000,0x00000000ec300000,0x00000000ec480000)
 ParOldGen       total 31744K, used 4383K [0x00000000c0000000, 0x00000000c1f00000, 0x00000000eab00000)
  object space 31744K, 13% used [0x00000000c0000000,0x00000000c0447fa8,0x00000000c1f00000)
 Metaspace       used 16046K, capacity 16424K, committed 16640K, reserved 1062912K
  class space    used 2130K, capacity 2232K, committed 2304K, reserved 1048576K
Event: 6.177 GC heap after
Heap after GC invocations=5 (full 0):
 PSYoungGen      total 26112K, used 1504K [0x00000000eab00000, 0x00000000ee700000, 0x0000000100000000)
  eden space 24576K, 0% used [0x00000000eab00000,0x00000000eab00000,0x00000000ec300000)
  from space 1536K, 97% used [0x00000000ec300000,0x00000000ec478020,0x00000000ec480000)
  to   space 6144K, 0% used [0x00000000ee100000,0x00000000ee100000,0x00000000ee700000)
 ParOldGen       total 31744K, used 8881K [0x00000000c0000000, 0x00000000c1f00000, 0x00000000eab00000)
  object space 31744K, 27% used [0x00000000c0000000,0x00000000c08ac748,0x00000000c1f00000)
 Metaspace       used 16046K, capacity 16424K, committed 16640K, reserved 1062912K
  class space    used 2130K, capacity 2232K, committed 2304K, reserved 1048576K
}
Event: 7.765 GC heap before
{Heap before GC invocations=6 (full 0):
 PSYoungGen      total 26112K, used 26080K [0x00000000eab00000, 0x00000000ee700000, 0x0000000100000000)
  eden space 24576K, 100% used [0x00000000eab00000,0x00000000ec300000,0x00000000ec300000)
  from space 1536K, 97% used [0x00000000ec300000,0x00000000ec478020,0x00000000ec480000)
  to   space 6144K, 0% used [0x00000000ee100000,0x00000000ee100000,0x00000000ee700000)
 ParOldGen       total 31744K, used 8881K [0x00000000c0000000, 0x00000000c1f00000, 0x00000000eab00000)
  object space 31744K, 27% used [0x00000000c0000000,0x00000000c08ac748,0x00000000c1f00000)
 Metaspace       used 19117K, capacity 19450K, committed 19584K, reserved 1067008K
  class space    used 2509K, capacity 2621K, committed 2688K, reserved 1048576K
Event: 7.835 GC heap after
Heap after GC invocations=6 (full 0):
 PSYoungGen      total 54784K, used 5090K [0x00000000eab00000, 0x00000000ee800000, 0x0000000100000000)
  eden space 48640K, 0% used [0x00000000eab00000,0x00000000eab00000,0x00000000eda80000)
  from space 6144K, 82% used [0x00000000ee100000,0x00000000ee5f8be8,0x00000000ee700000)
  to   space 6656K, 0% used [0x00000000eda80000,0x00000000eda80000,0x00000000ee100000)
 ParOldGen       total 31744K, used 8881K [0x00000000c0000000, 0x00000000c1f00000, 0x00000000eab00000)
  object space 31744K, 27% used [0x00000000c0000000,0x00000000c08ac748,0x00000000c1f00000)
 Metaspace       used 19117K, capacity 19450K, committed 19584K, reserved 1067008K
  class space    used 2509K, capacity 2621K, committed 2688K, reserved 1048576K
}
Event: 8.991 GC heap before
{Heap before GC invocations=7 (full 0):
 PSYoungGen      total 54784K, used 22794K [0x00000000eab00000, 0x00000000ee800000, 0x0000000100000000)
  eden space 48640K, 36% used [0x00000000eab00000,0x00000000ebc49f30,0x00000000eda80000)
  from space 6144K, 82% used [0x00000000ee100000,0x00000000ee5f8be8,0x00000000ee700000)
  to   space 6656K, 0% used [0x00000000eda80000,0x00000000eda80000,0x00000000ee100000)
 ParOldGen       total 31744K, used 8881K [0x00000000c0000000, 0x00000000c1f00000, 0x00000000eab00000)
  object space 31744K, 27% used [0x00000000c0000000,0x00000000c08ac748,0x00000000c1f00000)
 Metaspace       used 20905K, capacity 21248K, committed 21296K, reserved 1067008K
  class space    used 2813K, capacity 2943K, committed 2944K, reserved 1048576K
Event: 9.038 GC heap after
Heap after GC invocations=7 (full 0):
 PSYoungGen      total 55296K, used 5189K [0x00000000eab00000, 0x00000000f1800000, 0x0000000100000000)
  eden space 48640K, 0% used [0x00000000eab00000,0x00000000eab00000,0x00000000eda80000)
  from space 6656K, 77% used [0x00000000eda80000,0x00000000edf914f0,0x00000000ee100000)
  to   space 7168K, 0% used [0x00000000f1100000,0x00000000f1100000,0x00000000f1800000)
 ParOldGen       total 31744K, used 9217K [0x00000000c0000000, 0x00000000c1f00000, 0x00000000eab00000)
  object space 31744K, 29% used [0x00000000c0000000,0x00000000c0900788,0x00000000c1f00000)
 Metaspace       used 20905K, capacity 21248K, committed 21296K, reserved 1067008K
  class space    used 2813K, capacity 2943K, committed 2944K, reserved 1048576K
}
Event: 9.038 GC heap before
{Heap before GC invocations=8 (full 1):
 PSYoungGen      total 55296K, used 5189K [0x00000000eab00000, 0x00000000f1800000, 0x0000000100000000)
  eden space 48640K, 0% used [0x00000000eab00000,0x00000000eab00000,0x00000000eda80000)
  from space 6656K, 77% used [0x00000000eda80000,0x00000000edf914f0,0x00000000ee100000)
  to   space 7168K, 0% used [0x00000000f1100000,0x00000000f1100000,0x00000000f1800000)
 ParOldGen       total 31744K, used 9217K [0x00000000c0000000, 0x00000000c1f00000, 0x00000000eab00000)
  object space 31744K, 29% used [0x00000000c0000000,0x00000000c0900788,0x00000000c1f00000)
 Metaspace       used 20905K, capacity 21248K, committed 21296K, reserved 1067008K
  class space    used 2813K, capacity 2943K, committed 2944K, reserved 1048576K
Event: 9.247 GC heap after
Heap after GC invocations=8 (full 1):
 PSYoungGen      total 55296K, used 0K [0x00000000eab00000, 0x00000000f1800000, 0x0000000100000000)
  eden space 48640K, 0% used [0x00000000eab00000,0x00000000eab00000,0x00000000eda80000)
  from space 6656K, 0% used [0x00000000eda80000,0x00000000eda80000,0x00000000ee100000)
  to   space 7168K, 0% used [0x00000000f1100000,0x00000000f1100000,0x00000000f1800000)
 ParOldGen       total 34304K, used 11985K [0x00000000c0000000, 0x00000000c2180000, 0x00000000eab00000)
  object space 34304K, 34% used [0x00000000c0000000,0x00000000c0bb4788,0x00000000c2180000)
 Metaspace       used 20905K, capacity 21248K, committed 21296K, reserved 1067008K
  class space    used 2813K, capacity 2943K, committed 2944K, reserved 1048576K
}

