# JRE version: Java(TM) SE Runtime Environment (8.0_101-b13) (build 1.8.0_101-b13)
# Java VM: Java HotSpot(TM) 64-Bit Server VM (25.101-b13 mixed mode linux-amd64 compressed oops)
Heap:
 PSYoungGen      total 96256K, used 31132K [0x00000000eab00000, 0x00000000f1200000, 0x0000000100000000)
  eden space 90112K, 28% used [0x00000000eab00000,0x00000000ec3caad0,0x00000000f0300000)
  from space 6144K, 93% used [0x00000000f0800000,0x00000000f0d9c840,0x00000000f0e00000)
  to   space 4096K, 0% used [0x00000000f0e00000,0x00000000f0e00000,0x00000000f1200000)
 ParOldGen       total 34816K, used 11982K [0x00000000c0000000, 0x00000000c2200000, 0x00000000eab00000)
  object space 34816K, 34% used [0x00000000c0000000,0x00000000c0bb39a8,0x00000000c2200000)
 Metaspace       used 27832K, capacity 28294K, committed 28672K, reserved 1073152K
  class space    used 3857K, capacity 3977K, committed 4096K, reserved 1048576K
GC Heap History (10 events):
Event: 9.386 GC heap before
{Heap before GC invocations=6 (full 0):
 PSYoungGen      total 26112K, used 26112K [0x00000000eab00000, 0x00000000ee700000, 0x0000000100000000)
  eden space 24576K, 100% used [0x00000000eab00000,0x00000000ec300000,0x00000000ec300000)
  from space 1536K, 100% used [0x00000000ec300000,0x00000000ec480000,0x00000000ec480000)
  to   space 6144K, 0% used [0x00000000ee100000,0x00000000ee100000,0x00000000ee700000)
 ParOldGen       total 31744K, used 9042K [0x00000000c0000000, 0x00000000c1f00000, 0x00000000eab00000)
  object space 31744K, 28% used [0x00000000c0000000,0x00000000c08d4ba0,0x00000000c1f00000)
 Metaspace       used 19066K, capacity 19440K, committed 19584K, reserved 1067008K
  class space    used 2505K, capacity 2620K, committed 2688K, reserved 1048576K
Event: 9.436 GC heap after
Heap after GC invocations=6 (full 0):
 PSYoungGen      total 54784K, used 5088K [0x00000000eab00000, 0x00000000ee800000, 0x0000000100000000)
  eden space 48640K, 0% used [0x00000000eab00000,0x00000000eab00000,0x00000000eda80000)
  from space 6144K, 82% used [0x00000000ee100000,0x00000000ee5f8288,0x00000000ee700000)
  to   space 6656K, 0% used [0x00000000eda80000,0x00000000eda80000,0x00000000ee100000)
 ParOldGen       total 31744K, used 9042K [0x00000000c0000000, 0x00000000c1f00000, 0x00000000eab00000)
  object space 31744K, 28% used [0x00000000c0000000,0x00000000c08d4ba0,0x00000000c1f00000)
 Metaspace       used 19066K, capacity 19440K, committed 19584K, reserved 1067008K
  class space    used 2505K, capacity 2620K, committed 2688K, reserved 1048576K
}
Event: 10.310 GC heap before
{Heap before GC invocations=7 (full 0):
 PSYoungGen      total 54784K, used 23280K [0x00000000eab00000, 0x00000000ee800000, 0x0000000100000000)
  eden space 48640K, 37% used [0x00000000eab00000,0x00000000ebcc3f88,0x00000000eda80000)
  from space 6144K, 82% used [0x00000000ee100000,0x00000000ee5f8288,0x00000000ee700000)
  to   space 6656K, 0% used [0x00000000eda80000,0x00000000eda80000,0x00000000ee100000)
 ParOldGen       total 31744K, used 9042K [0x00000000c0000000, 0x00000000c1f00000, 0x00000000eab00000)
  object space 31744K, 28% used [0x00000000c0000000,0x00000000c08d4ba0,0x00000000c1f00000)
 Metaspace       used 20902K, capacity 21244K, committed 21296K, reserved 1067008K
  class space    used 2813K, capacity 2943K, committed 2944K, reserved 1048576K
Event: 10.375 GC heap after
Heap after GC invocations=7 (full 0):
 PSYoungGen      total 55296K, used 5133K [0x00000000eab00000, 0x00000000f1800000, 0x0000000100000000)
  eden space 48640K, 0% used [0x00000000eab00000,0x00000000eab00000,0x00000000eda80000)
  from space 6656K, 77% used [0x00000000eda80000,0x00000000edf834e8,0x00000000ee100000)
  to   space 7168K, 0% used [0x00000000f1100000,0x00000000f1100000,0x00000000f1800000)
 ParOldGen       total 31744K, used 9402K [0x00000000c0000000, 0x00000000c1f00000, 0x00000000eab00000)
  object space 31744K, 29% used [0x00000000c0000000,0x00000000c092ebe0,0x00000000c1f00000)
 Metaspace       used 20902K, capacity 21244K, committed 21296K, reserved 1067008K
  class space    used 2813K, capacity 2943K, committed 2944K, reserved 1048576K
}
Event: 10.375 GC heap before
{Heap before GC invocations=8 (full 1):
 PSYoungGen      total 55296K, used 5133K [0x00000000eab00000, 0x00000000f1800000, 0x0000000100000000)
  eden space 48640K, 0% used [0x00000000eab00000,0x00000000eab00000,0x00000000eda80000)
  from space 6656K, 77% used [0x00000000eda80000,0x00000000edf834e8,0x00000000ee100000)
  to   space 7168K, 0% used [0x00000000f1100000,0x00000000f1100000,0x00000000f1800000)
 ParOldGen       total 31744K, used 9402K [0x00000000c0000000, 0x00000000c1f00000, 0x00000000eab00000)
  object space 31744K, 29% used [0x00000000c0000000,0x00000000c092ebe0,0x00000000c1f00000)
 Metaspace       used 20902K, capacity 21244K, committed 21296K, reserved 1067008K
  class space    used 2813K, capacity 2943K, committed 2944K, reserved 1048576K
Event: 10.691 GC heap after
Heap after GC invocations=8 (full 1):
 PSYoungGen      total 55296K, used 0K [0x00000000eab00000, 0x00000000f1800000, 0x0000000100000000)
  eden space 48640K, 0% used [0x00000000eab00000,0x00000000eab00000,0x00000000eda80000)
  from space 6656K, 0% used [0x00000000eda80000,0x00000000eda80000,0x00000000ee100000)
  to   space 7168K, 0% used [0x00000000f1100000,0x00000000f1100000,0x00000000f1800000)
 ParOldGen       total 34816K, used 11966K [0x00000000c0000000, 0x00000000c2200000, 0x00000000eab00000)
  object space 34816K, 34% used [0x00000000c0000000,0x00000000c0baf9a8,0x00000000c2200000)
 Metaspace       used 20902K, capacity 21244K, committed 21296K, reserved 1067008K
  class space    used 2813K, capacity 2943K, committed 2944K, reserved 1048576K
}
Event: 13.859 GC heap before
{Heap before GC invocations=9 (full 1):
 PSYoungGen      total 55296K, used 48640K [0x00000000eab00000, 0x00000000f1800000, 0x0000000100000000)
  eden space 48640K, 100% used [0x00000000eab00000,0x00000000eda80000,0x00000000eda80000)
  from space 6656K, 0% used [0x00000000eda80000,0x00000000eda80000,0x00000000ee100000)
  to   space 7168K, 0% used [0x00000000f1100000,0x00000000f1100000,0x00000000f1800000)
 ParOldGen       total 34816K, used 11966K [0x00000000c0000000, 0x00000000c2200000, 0x00000000eab00000)
  object space 34816K, 34% used [0x00000000c0000000,0x00000000c0baf9a8,0x00000000c2200000)
 Metaspace       used 24725K, capacity 25214K, committed 25472K, reserved 1071104K
  class space    used 3451K, capacity 3617K, committed 3712K, reserved 1048576K
Event: 13.898 GC heap after
Heap after GC invocations=9 (full 1):
 PSYoungGen      total 77824K, used 5669K [0x00000000eab00000, 0x00000000f1700000, 0x0000000100000000)
  eden space 71680K, 0% used [0x00000000eab00000,0x00000000eab00000,0x00000000ef100000)
  from space 6144K, 92% used [0x00000000f1100000,0x00000000f1689698,0x00000000f1700000)
  to   space 7680K, 0% used [0x00000000f0800000,0x00000000f0800000,0x00000000f0f80000)
 ParOldGen       total 34816K, used 11974K [0x00000000c0000000, 0x00000000c2200000, 0x00000000eab00000)
  object space 34816K, 34% used [0x00000000c0000000,0x00000000c0bb19a8,0x00000000c2200000)
 Metaspace       used 24725K, capacity 25214K, committed 25472K, reserved 1071104K
  class space    used 3451K, capacity 3617K, committed 3712K, reserved 1048576K
}
Event: 17.390 GC heap before
{Heap before GC invocations=10 (full 1):
 PSYoungGen      total 77824K, used 77349K [0x00000000eab00000, 0x00000000f1700000, 0x0000000100000000)
  eden space 71680K, 100% used [0x00000000eab00000,0x00000000ef100000,0x00000000ef100000)
  from space 6144K, 92% used [0x00000000f1100000,0x00000000f1689698,0x00000000f1700000)
  to   space 7680K, 0% used [0x00000000f0800000,0x00000000f0800000,0x00000000f0f80000)
 ParOldGen       total 34816K, used 11974K [0x00000000c0000000, 0x00000000c2200000, 0x00000000eab00000)
  object space 34816K, 34% used [0x00000000c0000000,0x00000000c0bb19a8,0x00000000c2200000)
 Metaspace       used 27452K, capacity 27990K, committed 28288K, reserved 1073152K
  class space    used 3821K, capacity 3941K, committed 3968K, reserved 1048576K
Event: 17.425 GC heap after
Heap after GC invocations=10 (full 1):
 PSYoungGen      total 96256K, used 5746K [0x00000000eab00000, 0x00000000f1200000, 0x0000000100000000)
  eden space 90112K, 0% used [0x00000000eab00000,0x00000000eab00000,0x00000000f0300000)
  from space 6144K, 93% used [0x00000000f0800000,0x00000000f0d9c840,0x00000000f0e00000)
  to   space 4096K, 0% used [0x00000000f0e00000,0x00000000f0e00000,0x00000000f1200000)
 ParOldGen       total 34816K, used 11982K [0x00000000c0000000, 0x00000000c2200000, 0x00000000eab00000)
  object space 34816K, 34% used [0x00000000c0000000,0x00000000c0bb39a8,0x00000000c2200000)
 Metaspace       used 27452K, capacity 27990K, committed 28288K, reserved 1073152K
  class space    used 3821K, capacity 3941K, committed 3968K, reserved 1048576K
}

