# JRE version: Java(TM) SE Runtime Environment (8.0_101-b13) (build 1.8.0_101-b13)
# Java VM: Java HotSpot(TM) 64-Bit Server VM (25.101-b13 mixed mode linux-amd64 compressed oops)
Heap:
 PSYoungGen      total 54784K, used 7461K [0x00000000eab00000, 0x00000000ee800000, 0x0000000100000000)
  eden space 48640K, 4% used [0x00000000eab00000,0x00000000ead5e310,0x00000000eda80000)
  from space 6144K, 81% used [0x00000000ee100000,0x00000000ee5eb298,0x00000000ee700000)
  to   space 6656K, 0% used [0x00000000eda80000,0x00000000eda80000,0x00000000ee100000)
 ParOldGen       total 31744K, used 9145K [0x00000000c0000000, 0x00000000c1f00000, 0x00000000eab00000)
  object space 31744K, 28% used [0x00000000c0000000,0x00000000c08ee7c0,0x00000000c1f00000)
 Metaspace       used 19258K, capacity 19580K, committed 19840K, reserved 1067008K
  class space    used 2532K, capacity 2623K, committed 2688K, reserved 1048576K
GC Heap History (10 events):
Event: 2.065 GC heap before
{Heap before GC invocations=2 (full 0):
 PSYoungGen      total 13824K, used 13824K [0x00000000eab00000, 0x00000000eba00000, 0x0000000100000000)
  eden space 12288K, 100% used [0x00000000eab00000,0x00000000eb700000,0x00000000eb700000)
  from space 1536K, 100% used [0x00000000eb700000,0x00000000eb880000,0x00000000eb880000)
  to   space 1536K, 0% used [0x00000000eb880000,0x00000000eb880000,0x00000000eba00000)
 ParOldGen       total 31744K, used 878K [0x00000000c0000000, 0x00000000c1f00000, 0x00000000eab00000)
  object space 31744K, 2% used [0x00000000c0000000,0x00000000c00db848,0x00000000c1f00000)
 Metaspace       used 5660K, capacity 6184K, committed 6400K, reserved 1056768K
  class space    used 728K, capacity 764K, committed 768K, reserved 1048576K
Event: 2.073 GC heap after
Heap after GC invocations=2 (full 0):
 PSYoungGen      total 13824K, used 1516K [0x00000000eab00000, 0x00000000eba00000, 0x0000000100000000)
  eden space 12288K, 0% used [0x00000000eab00000,0x00000000eab00000,0x00000000eb700000)
  from space 1536K, 98% used [0x00000000eb880000,0x00000000eb9fb0e0,0x00000000eba00000)
  to   space 1536K, 0% used [0x00000000eb700000,0x00000000eb700000,0x00000000eb880000)
 ParOldGen       total 31744K, used 1180K [0x00000000c0000000, 0x00000000c1f00000, 0x00000000eab00000)
  object space 31744K, 3% used [0x00000000c0000000,0x00000000c01273a0,0x00000000c1f00000)
 Metaspace       used 5660K, capacity 6184K, committed 6400K, reserved 1056768K
  class space    used 728K, capacity 764K, committed 768K, reserved 1048576K
}
Event: 2.685 GC heap before
{Heap before GC invocations=3 (full 0):
 PSYoungGen      total 13824K, used 13804K [0x00000000eab00000, 0x00000000eba00000, 0x0000000100000000)
  eden space 12288K, 100% used [0x00000000eab00000,0x00000000eb700000,0x00000000eb700000)
  from space 1536K, 98% used [0x00000000eb880000,0x00000000eb9fb0e0,0x00000000eba00000)
  to   space 1536K, 0% used [0x00000000eb700000,0x00000000eb700000,0x00000000eb880000)
 ParOldGen       total 31744K, used 1180K [0x00000000c0000000, 0x00000000c1f00000, 0x00000000eab00000)
  object space 31744K, 3% used [0x00000000c0000000,0x00000000c01273a0,0x00000000c1f00000)
 Metaspace       used 7763K, capacity 7988K, committed 8064K, reserved 1056768K
  class space    used 1019K, capacity 1088K, committed 1152K, reserved 1048576K
Event: 2.695 GC heap after
Heap after GC invocations=3 (full 0):
 PSYoungGen      total 13824K, used 1520K [0x00000000eab00000, 0x00000000ec600000, 0x0000000100000000)
  eden space 12288K, 0% used [0x00000000eab00000,0x00000000eab00000,0x00000000eb700000)
  from space 1536K, 98% used [0x00000000eb700000,0x00000000eb87c010,0x00000000eb880000)
  to   space 1536K, 0% used [0x00000000ec480000,0x00000000ec480000,0x00000000ec600000)
 ParOldGen       total 31744K, used 2687K [0x00000000c0000000, 0x00000000c1f00000, 0x00000000eab00000)
  object space 31744K, 8% used [0x00000000c0000000,0x00000000c029fcb0,0x00000000c1f00000)
 Metaspace       used 7763K, capacity 7988K, committed 8064K, reserved 1056768K
  class space    used 1019K, capacity 1088K, committed 1152K, reserved 1048576K
}
Event: 3.597 GC heap before
{Heap before GC invocations=4 (full 0):
 PSYoungGen      total 13824K, used 13808K [0x00000000eab00000, 0x00000000ec600000, 0x0000000100000000)
  eden space 12288K, 100% used [0x00000000eab00000,0x00000000eb700000,0x00000000eb700000)
  from space 1536K, 98% used [0x00000000eb700000,0x00000000eb87c010,0x00000000eb880000)
  to   space 1536K, 0% used [0x00000000ec480000,0x00000000ec480000,0x00000000ec600000)
 ParOldGen       total 31744K, used 2687K [0x00000000c0000000, 0x00000000c1f00000, 0x00000000eab00000)
  object space 31744K, 8% used [0x00000000c0000000,0x00000000c029fcb0,0x00000000c1f00000)
 Metaspace       used 11209K, capacity 11588K, committed 11648K, reserved 1058816K
  class space    used 1509K, capacity 1624K, committed 1664K, reserved 1048576K
Event: 3.613 GC heap after
Heap after GC invocations=4 (full 0):
 PSYoungGen      total 26112K, used 1520K [0x00000000eab00000, 0x00000000ec600000, 0x0000000100000000)
  eden space 24576K, 0% used [0x00000000eab00000,0x00000000eab00000,0x00000000ec300000)
  from space 1536K, 98% used [0x00000000ec480000,0x00000000ec5fc010,0x00000000ec600000)
  to   space 1536K, 0% used [0x00000000ec300000,0x00000000ec300000,0x00000000ec480000)
 ParOldGen       total 31744K, used 4510K [0x00000000c0000000, 0x00000000c1f00000, 0x00000000eab00000)
  object space 31744K, 14% used [0x00000000c0000000,0x00000000c04678b0,0x00000000c1f00000)
 Metaspace       used 11209K, capacity 11588K, committed 11648K, reserved 1058816K
  class space    used 1509K, capacity 1624K, committed 1664K, reserved 1048576K
}
Event: 4.629 GC heap before
{Heap before GC invocations=5 (full 0):
 PSYoungGen      total 26112K, used 26096K [0x00000000eab00000, 0x00000000ec600000, 0x0000000100000000)
  eden space 24576K, 100% used [0x00000000eab00000,0x00000000ec300000,0x00000000ec300000)
  from space 1536K, 98% used [0x00000000ec480000,0x00000000ec5fc010,0x00000000ec600000)
  to   space 1536K, 0% used [0x00000000ec300000,0x00000000ec300000,0x00000000ec480000)
 ParOldGen       total 31744K, used 4510K [0x00000000c0000000, 0x00000000c1f00000, 0x00000000eab00000)
  object space 31744K, 14% used [0x00000000c0000000,0x00000000c04678b0,0x00000000c1f00000)
 Metaspace       used 16120K, capacity 16452K, committed 16640K, reserved 1062912K
  class space    used 2149K, capacity 2264K, committed 2304K, reserved 1048576K
Event: 4.648 GC heap after
Heap after GC invocations=5 (full 0):
 PSYoungGen      total 26112K, used 1536K [0x00000000eab00000, 0x00000000ee700000, 0x0000000100000000)
  eden space 24576K, 0% used [0x00000000eab00000,0x00000000eab00000,0x00000000ec300000)
  from space 1536K, 100% used [0x00000000ec300000,0x00000000ec480000,0x00000000ec480000)
  to   space 6144K, 0% used [0x00000000ee100000,0x00000000ee100000,0x00000000ee700000)
 ParOldGen       total 31744K, used 9137K [0x00000000c0000000, 0x00000000c1f00000, 0x00000000eab00000)
  object space 31744K, 28% used [0x00000000c0000000,0x00000000c08ec7c0,0x00000000c1f00000)
 Metaspace       used 16120K, capacity 16452K, committed 16640K, reserved 1062912K
  class space    used 2149K, capacity 2264K, committed 2304K, reserved 1048576K
}
Event: 5.964 GC heap before
{Heap before GC invocations=6 (full 0):
 PSYoungGen      total 26112K, used 26112K [0x00000000eab00000, 0x00000000ee700000, 0x0000000100000000)
  eden space 24576K, 100% used [0x00000000eab00000,0x00000000ec300000,0x00000000ec300000)
  from space 1536K, 100% used [0x00000000ec300000,0x00000000ec480000,0x00000000ec480000)
  to   space 6144K, 0% used [0x00000000ee100000,0x00000000ee100000,0x00000000ee700000)
 ParOldGen       total 31744K, used 9137K [0x00000000c0000000, 0x00000000c1f00000, 0x00000000eab00000)
  object space 31744K, 28% used [0x00000000c0000000,0x00000000c08ec7c0,0x00000000c1f00000)
 Metaspace       used 19100K, capacity 19452K, committed 19584K, reserved 1067008K
  class space    used 2516K, capacity 2623K, committed 2688K, reserved 1048576K
Event: 5.992 GC heap after
Heap after GC invocations=6 (full 0):
 PSYoungGen      total 54784K, used 5036K [0x00000000eab00000, 0x00000000ee800000, 0x0000000100000000)
  eden space 48640K, 0% used [0x00000000eab00000,0x00000000eab00000,0x00000000eda80000)
  from space 6144K, 81% used [0x00000000ee100000,0x00000000ee5eb298,0x00000000ee700000)
  to   space 6656K, 0% used [0x00000000eda80000,0x00000000eda80000,0x00000000ee100000)
 ParOldGen       total 31744K, used 9145K [0x00000000c0000000, 0x00000000c1f00000, 0x00000000eab00000)
  object space 31744K, 28% used [0x00000000c0000000,0x00000000c08ee7c0,0x00000000c1f00000)
 Metaspace       used 19100K, capacity 19452K, committed 19584K, reserved 1067008K
  class space    used 2516K, capacity 2623K, committed 2688K, reserved 1048576K
}

