# JRE version: Java(TM) SE Runtime Environment (8.0_101-b13) (build 1.8.0_101-b13)
# Java VM: Java HotSpot(TM) 64-Bit Server VM (25.101-b13 mixed mode linux-amd64 compressed oops)
Heap:
 PSYoungGen      total 120320K, used 119613K [0x00000000eab00000, 0x00000000f3000000, 0x0000000100000000)
  eden space 109056K, 100% used [0x00000000eab00000,0x00000000f1580000,0x00000000f1580000)
  from space 11264K, 93% used [0x00000000f2200000,0x00000000f2c4f7c0,0x00000000f2d00000)
  to   space 12800K, 99% used [0x00000000f1580000,0x00000000f21f8010,0x00000000f2200000)
 ParOldGen       total 61440K, used 26951K [0x00000000c0000000, 0x00000000c3c00000, 0x00000000eab00000)
  object space 61440K, 43% used [0x00000000c0000000,0x00000000c1a51d90,0x00000000c3c00000)
 Metaspace       used 46100K, capacity 47048K, committed 47232K, reserved 1089536K
  class space    used 6435K, capacity 6704K, committed 6784K, reserved 1048576K
GC Heap History (10 events):
Event: 15.163 GC heap after
Heap after GC invocations=10 (full 1):
 PSYoungGen      total 88064K, used 5848K [0x00000000eab00000, 0x00000000f1180000, 0x0000000100000000)
  eden space 81920K, 0% used [0x00000000eab00000,0x00000000eab00000,0x00000000efb00000)
  from space 6144K, 95% used [0x00000000f0800000,0x00000000f0db6130,0x00000000f0e00000)
  to   space 3584K, 0% used [0x00000000f0e00000,0x00000000f0e00000,0x00000000f1180000)
 ParOldGen       total 35328K, used 11024K [0x00000000c0000000, 0x00000000c2280000, 0x00000000eab00000)
  object space 35328K, 31% used [0x00000000c0000000,0x00000000c0ac4158,0x00000000c2280000)
 Metaspace       used 27353K, capacity 27794K, committed 28032K, reserved 1073152K
  class space    used 3821K, capacity 3941K, committed 3968K, reserved 1048576K
}
Event: 22.544 GC heap before
{Heap before GC invocations=11 (full 1):
 PSYoungGen      total 88064K, used 87768K [0x00000000eab00000, 0x00000000f1180000, 0x0000000100000000)
  eden space 81920K, 100% used [0x00000000eab00000,0x00000000efb00000,0x00000000efb00000)
  from space 6144K, 95% used [0x00000000f0800000,0x00000000f0db6130,0x00000000f0e00000)
  to   space 3584K, 0% used [0x00000000f0e00000,0x00000000f0e00000,0x00000000f1180000)
 ParOldGen       total 35328K, used 11024K [0x00000000c0000000, 0x00000000c2280000, 0x00000000eab00000)
  object space 35328K, 31% used [0x00000000c0000000,0x00000000c0ac4158,0x00000000c2280000)
 Metaspace       used 31315K, capacity 31930K, committed 32256K, reserved 1077248K
  class space    used 4328K, capacity 4513K, committed 4608K, reserved 1048576K
Event: 22.581 GC heap after
Heap after GC invocations=11 (full 1):
 PSYoungGen      total 95744K, used 3572K [0x00000000eab00000, 0x00000000f1c00000, 0x0000000100000000)
  eden space 92160K, 0% used [0x00000000eab00000,0x00000000eab00000,0x00000000f0500000)
  from space 3584K, 99% used [0x00000000f0e00000,0x00000000f117d020,0x00000000f1180000)
  to   space 9216K, 0% used [0x00000000f0500000,0x00000000f0500000,0x00000000f0e00000)
 ParOldGen       total 35328K, used 16495K [0x00000000c0000000, 0x00000000c2280000, 0x00000000eab00000)
  object space 35328K, 46% used [0x00000000c0000000,0x00000000c101bf60,0x00000000c2280000)
 Metaspace       used 31315K, capacity 31930K, committed 32256K, reserved 1077248K
  class space    used 4328K, capacity 4513K, committed 4608K, reserved 1048576K
}
Event: 26.996 GC heap before
{Heap before GC invocations=12 (full 1):
 PSYoungGen      total 95744K, used 63362K [0x00000000eab00000, 0x00000000f1c00000, 0x0000000100000000)
  eden space 92160K, 64% used [0x00000000eab00000,0x00000000ee563b90,0x00000000f0500000)
  from space 3584K, 99% used [0x00000000f0e00000,0x00000000f117d020,0x00000000f1180000)
  to   space 9216K, 0% used [0x00000000f0500000,0x00000000f0500000,0x00000000f0e00000)
 ParOldGen       total 35328K, used 16495K [0x00000000c0000000, 0x00000000c2280000, 0x00000000eab00000)
  object space 35328K, 46% used [0x00000000c0000000,0x00000000c101bf60,0x00000000c2280000)
 Metaspace       used 34595K, capacity 35250K, committed 35456K, reserved 1079296K
  class space    used 4752K, capacity 4937K, committed 4992K, reserved 1048576K
Event: 27.089 GC heap after
Heap after GC invocations=12 (full 1):
 PSYoungGen      total 101376K, used 9199K [0x00000000eab00000, 0x00000000f2d00000, 0x0000000100000000)
  eden space 92160K, 0% used [0x00000000eab00000,0x00000000eab00000,0x00000000f0500000)
  from space 9216K, 99% used [0x00000000f0500000,0x00000000f0dfbe08,0x00000000f0e00000)
  to   space 11264K, 0% used [0x00000000f2200000,0x00000000f2200000,0x00000000f2d00000)
 ParOldGen       total 35328K, used 18474K [0x00000000c0000000, 0x00000000c2280000, 0x00000000eab00000)
  object space 35328K, 52% used [0x00000000c0000000,0x00000000c120a8e8,0x00000000c2280000)
 Metaspace       used 34595K, capacity 35250K, committed 35456K, reserved 1079296K
  class space    used 4752K, capacity 4937K, committed 4992K, reserved 1048576K
}
Event: 27.089 GC heap before
{Heap before GC invocations=13 (full 2):
 PSYoungGen      total 101376K, used 9199K [0x00000000eab00000, 0x00000000f2d00000, 0x0000000100000000)
  eden space 92160K, 0% used [0x00000000eab00000,0x00000000eab00000,0x00000000f0500000)
  from space 9216K, 99% used [0x00000000f0500000,0x00000000f0dfbe08,0x00000000f0e00000)
  to   space 11264K, 0% used [0x00000000f2200000,0x00000000f2200000,0x00000000f2d00000)
 ParOldGen       total 35328K, used 18474K [0x00000000c0000000, 0x00000000c2280000, 0x00000000eab00000)
  object space 35328K, 52% used [0x00000000c0000000,0x00000000c120a8e8,0x00000000c2280000)
 Metaspace       used 34595K, capacity 35250K, committed 35456K, reserved 1079296K
  class space    used 4752K, capacity 4937K, committed 4992K, reserved 1048576K
Event: 27.609 GC heap after
Heap after GC invocations=13 (full 2):
 PSYoungGen      total 101376K, used 0K [0x00000000eab00000, 0x00000000f2d00000, 0x0000000100000000)
  eden space 92160K, 0% used [0x00000000eab00000,0x00000000eab00000,0x00000000f0500000)
  from space 9216K, 0% used [0x00000000f0500000,0x00000000f0500000,0x00000000f0e00000)
  to   space 11264K, 0% used [0x00000000f2200000,0x00000000f2200000,0x00000000f2d00000)
 ParOldGen       total 61440K, used 22845K [0x00000000c0000000, 0x00000000c3c00000, 0x00000000eab00000)
  object space 61440K, 37% used [0x00000000c0000000,0x00000000c164f620,0x00000000c3c00000)
 Metaspace       used 34595K, capacity 35250K, committed 35456K, reserved 1079296K
  class space    used 4752K, capacity 4937K, committed 4992K, reserved 1048576K
}
Event: 38.960 GC heap before
{Heap before GC invocations=14 (full 2):
 PSYoungGen      total 101376K, used 92160K [0x00000000eab00000, 0x00000000f2d00000, 0x0000000100000000)
  eden space 92160K, 100% used [0x00000000eab00000,0x00000000f0500000,0x00000000f0500000)
  from space 9216K, 0% used [0x00000000f0500000,0x00000000f0500000,0x00000000f0e00000)
  to   space 11264K, 0% used [0x00000000f2200000,0x00000000f2200000,0x00000000f2d00000)
 ParOldGen       total 61440K, used 22845K [0x00000000c0000000, 0x00000000c3c00000, 0x00000000eab00000)
  object space 61440K, 37% used [0x00000000c0000000,0x00000000c164f620,0x00000000c3c00000)
 Metaspace       used 42380K, capacity 43244K, committed 43520K, reserved 1087488K
  class space    used 5854K, capacity 6111K, committed 6144K, reserved 1048576K
Event: 39.067 GC heap after
Heap after GC invocations=14 (full 2):
 PSYoungGen      total 120320K, used 10557K [0x00000000eab00000, 0x00000000f3000000, 0x0000000100000000)
  eden space 109056K, 0% used [0x00000000eab00000,0x00000000eab00000,0x00000000f1580000)
  from space 11264K, 93% used [0x00000000f2200000,0x00000000f2c4f7c0,0x00000000f2d00000)
  to   space 12800K, 0% used [0x00000000f1580000,0x00000000f1580000,0x00000000f2200000)
 ParOldGen       total 61440K, used 22853K [0x00000000c0000000, 0x00000000c3c00000, 0x00000000eab00000)
  object space 61440K, 37% used [0x00000000c0000000,0x00000000c1651620,0x00000000c3c00000)
 Metaspace       used 42380K, capacity 43244K, committed 43520K, reserved 1087488K
  class space    used 5854K, capacity 6111K, committed 6144K, reserved 1048576K
}
Event: 49.799 GC heap before
{Heap before GC invocations=15 (full 2):
 PSYoungGen      total 120320K, used 119613K [0x00000000eab00000, 0x00000000f3000000, 0x0000000100000000)
  eden space 109056K, 100% used [0x00000000eab00000,0x00000000f1580000,0x00000000f1580000)
  from space 11264K, 93% used [0x00000000f2200000,0x00000000f2c4f7c0,0x00000000f2d00000)
  to   space 12800K, 0% used [0x00000000f1580000,0x00000000f1580000,0x00000000f2200000)
 ParOldGen       total 61440K, used 22853K [0x00000000c0000000, 0x00000000c3c00000, 0x00000000eab00000)
  object space 61440K, 37% used [0x00000000c0000000,0x00000000c1651620,0x00000000c3c00000)
 Metaspace       used 46100K, capacity 47048K, committed 47232K, reserved 1089536K
  class space    used 6435K, capacity 6704K, committed 6784K, reserved 1048576K

