# JRE version: Java(TM) SE Runtime Environment (8.0_101-b13) (build 1.8.0_101-b13)
# Java VM: Java HotSpot(TM) 64-Bit Server VM (25.101-b13 mixed mode linux-amd64 compressed oops)
Heap:
 PSYoungGen      total 132096K, used 17618K [0x00000000eab00000, 0x00000000f3c00000, 0x0000000100000000)
  eden space 121344K, 5% used [0x00000000eab00000,0x00000000eb1fb4b0,0x00000000f2180000)
  from space 10752K, 97% used [0x00000000f3180000,0x00000000f3bb9438,0x00000000f3c00000)
  to   space 13312K, 0% used [0x00000000f2200000,0x00000000f2200000,0x00000000f2f00000)
 ParOldGen       total 51200K, used 19108K [0x00000000c0000000, 0x00000000c3200000, 0x00000000eab00000)
  object space 51200K, 37% used [0x00000000c0000000,0x00000000c12a9110,0x00000000c3200000)
 Metaspace       used 42468K, capacity 43272K, committed 43520K, reserved 1087488K
  class space    used 5879K, capacity 6113K, committed 6144K, reserved 1048576K
GC Heap History (10 events):
Event: 15.567 GC heap before
{Heap before GC invocations=10 (full 1):
 PSYoungGen      total 78848K, used 78372K [0x00000000eab00000, 0x00000000f1700000, 0x0000000100000000)
  eden space 72704K, 100% used [0x00000000eab00000,0x00000000ef200000,0x00000000ef200000)
  from space 6144K, 92% used [0x00000000f1100000,0x00000000f1689048,0x00000000f1700000)
  to   space 7680K, 0% used [0x00000000f0800000,0x00000000f0800000,0x00000000f0f80000)
 ParOldGen       total 34816K, used 12002K [0x00000000c0000000, 0x00000000c2200000, 0x00000000eab00000)
  object space 34816K, 34% used [0x00000000c0000000,0x00000000c0bb8810,0x00000000c2200000)
 Metaspace       used 27419K, capacity 27874K, committed 28032K, reserved 1073152K
  class space    used 3816K, capacity 3941K, committed 3968K, reserved 1048576K
Event: 15.611 GC heap after
Heap after GC invocations=10 (full 1):
 PSYoungGen      total 100352K, used 5905K [0x00000000eab00000, 0x00000000f1600000, 0x0000000100000000)
  eden space 94208K, 0% used [0x00000000eab00000,0x00000000eab00000,0x00000000f0700000)
  from space 6144K, 96% used [0x00000000f0800000,0x00000000f0dc4498,0x00000000f0e00000)
  to   space 7680K, 0% used [0x00000000f0e80000,0x00000000f0e80000,0x00000000f1600000)
 ParOldGen       total 34816K, used 12010K [0x00000000c0000000, 0x00000000c2200000, 0x00000000eab00000)
  object space 34816K, 34% used [0x00000000c0000000,0x00000000c0bba810,0x00000000c2200000)
 Metaspace       used 27419K, capacity 27874K, committed 28032K, reserved 1073152K
  class space    used 3816K, capacity 3941K, committed 3968K, reserved 1048576K
}
Event: 19.548 GC heap before
{Heap before GC invocations=11 (full 1):
 PSYoungGen      total 100352K, used 100113K [0x00000000eab00000, 0x00000000f1600000, 0x0000000100000000)
  eden space 94208K, 100% used [0x00000000eab00000,0x00000000f0700000,0x00000000f0700000)
  from space 6144K, 96% used [0x00000000f0800000,0x00000000f0dc4498,0x00000000f0e00000)
  to   space 7680K, 0% used [0x00000000f0e80000,0x00000000f0e80000,0x00000000f1600000)
 ParOldGen       total 34816K, used 12010K [0x00000000c0000000, 0x00000000c2200000, 0x00000000eab00000)
  object space 34816K, 34% used [0x00000000c0000000,0x00000000c0bba810,0x00000000c2200000)
 Metaspace       used 32377K, capacity 32980K, committed 33408K, reserved 1077248K
  class space    used 4468K, capacity 4616K, committed 4736K, reserved 1048576K
Event: 19.639 GC heap after
Heap after GC invocations=11 (full 1):
 PSYoungGen      total 99840K, used 7665K [0x00000000eab00000, 0x00000000f3580000, 0x0000000100000000)
  eden space 92160K, 0% used [0x00000000eab00000,0x00000000eab00000,0x00000000f0500000)
  from space 7680K, 99% used [0x00000000f0e80000,0x00000000f15fc568,0x00000000f1600000)
  to   space 9728K, 0% used [0x00000000f0500000,0x00000000f0500000,0x00000000f0e80000)
 ParOldGen       total 34816K, used 14902K [0x00000000c0000000, 0x00000000c2200000, 0x00000000eab00000)
  object space 34816K, 42% used [0x00000000c0000000,0x00000000c0e8d978,0x00000000c2200000)
 Metaspace       used 32377K, capacity 32980K, committed 33408K, reserved 1077248K
  class space    used 4468K, capacity 4616K, committed 4736K, reserved 1048576K
}
Event: 20.751 GC heap before
{Heap before GC invocations=12 (full 1):
 PSYoungGen      total 99840K, used 49463K [0x00000000eab00000, 0x00000000f3580000, 0x0000000100000000)
  eden space 92160K, 45% used [0x00000000eab00000,0x00000000ed3d19d0,0x00000000f0500000)
  from space 7680K, 99% used [0x00000000f0e80000,0x00000000f15fc568,0x00000000f1600000)
  to   space 9728K, 0% used [0x00000000f0500000,0x00000000f0500000,0x00000000f0e80000)
 ParOldGen       total 34816K, used 14902K [0x00000000c0000000, 0x00000000c2200000, 0x00000000eab00000)
  object space 34816K, 42% used [0x00000000c0000000,0x00000000c0e8d978,0x00000000c2200000)
 Metaspace       used 34644K, capacity 35266K, committed 35456K, reserved 1079296K
  class space    used 4751K, capacity 4937K, committed 4992K, reserved 1048576K
Event: 20.822 GC heap after
Heap after GC invocations=12 (full 1):
 PSYoungGen      total 101888K, used 9704K [0x00000000eab00000, 0x00000000f3d80000, 0x0000000100000000)
  eden space 92160K, 0% used [0x00000000eab00000,0x00000000eab00000,0x00000000f0500000)
  from space 9728K, 99% used [0x00000000f0500000,0x00000000f0e7a310,0x00000000f0e80000)
  to   space 12288K, 0% used [0x00000000f3180000,0x00000000f3180000,0x00000000f3d80000)
 ParOldGen       total 34816K, used 17770K [0x00000000c0000000, 0x00000000c2200000, 0x00000000eab00000)
  object space 34816K, 51% used [0x00000000c0000000,0x00000000c115a808,0x00000000c2200000)
 Metaspace       used 34644K, capacity 35266K, committed 35456K, reserved 1079296K
  class space    used 4751K, capacity 4937K, committed 4992K, reserved 1048576K
}
Event: 20.822 GC heap before
{Heap before GC invocations=13 (full 2):
 PSYoungGen      total 101888K, used 9704K [0x00000000eab00000, 0x00000000f3d80000, 0x0000000100000000)
  eden space 92160K, 0% used [0x00000000eab00000,0x00000000eab00000,0x00000000f0500000)
  from space 9728K, 99% used [0x00000000f0500000,0x00000000f0e7a310,0x00000000f0e80000)
  to   space 12288K, 0% used [0x00000000f3180000,0x00000000f3180000,0x00000000f3d80000)
 ParOldGen       total 34816K, used 17770K [0x00000000c0000000, 0x00000000c2200000, 0x00000000eab00000)
  object space 34816K, 51% used [0x00000000c0000000,0x00000000c115a808,0x00000000c2200000)
 Metaspace       used 34644K, capacity 35266K, committed 35456K, reserved 1079296K
  class space    used 4751K, capacity 4937K, committed 4992K, reserved 1048576K
Event: 21.112 GC heap after
Heap after GC invocations=13 (full 2):
 PSYoungGen      total 101888K, used 0K [0x00000000eab00000, 0x00000000f3d80000, 0x0000000100000000)
  eden space 92160K, 0% used [0x00000000eab00000,0x00000000eab00000,0x00000000f0500000)
  from space 9728K, 0% used [0x00000000f0500000,0x00000000f0500000,0x00000000f0e80000)
  to   space 12288K, 0% used [0x00000000f3180000,0x00000000f3180000,0x00000000f3d80000)
 ParOldGen       total 51200K, used 19100K [0x00000000c0000000, 0x00000000c3200000, 0x00000000eab00000)
  object space 51200K, 37% used [0x00000000c0000000,0x00000000c12a7110,0x00000000c3200000)
 Metaspace       used 34644K, capacity 35266K, committed 35456K, reserved 1079296K
  class space    used 4751K, capacity 4937K, committed 4992K, reserved 1048576K
}
Event: 24.606 GC heap before
{Heap before GC invocations=14 (full 2):
 PSYoungGen      total 101888K, used 92160K [0x00000000eab00000, 0x00000000f3d80000, 0x0000000100000000)
  eden space 92160K, 100% used [0x00000000eab00000,0x00000000f0500000,0x00000000f0500000)
  from space 9728K, 0% used [0x00000000f0500000,0x00000000f0500000,0x00000000f0e80000)
  to   space 12288K, 0% used [0x00000000f3180000,0x00000000f3180000,0x00000000f3d80000)
 ParOldGen       total 51200K, used 19100K [0x00000000c0000000, 0x00000000c3200000, 0x00000000eab00000)
  object space 51200K, 37% used [0x00000000c0000000,0x00000000c12a7110,0x00000000c3200000)
 Metaspace       used 42352K, capacity 43208K, committed 43520K, reserved 1087488K
  class space    used 5860K, capacity 6113K, committed 6144K, reserved 1048576K
Event: 24.677 GC heap after
Heap after GC invocations=14 (full 2):
 PSYoungGen      total 132096K, used 10469K [0x00000000eab00000, 0x00000000f3c00000, 0x0000000100000000)
  eden space 121344K, 0% used [0x00000000eab00000,0x00000000eab00000,0x00000000f2180000)
  from space 10752K, 97% used [0x00000000f3180000,0x00000000f3bb9438,0x00000000f3c00000)
  to   space 13312K, 0% used [0x00000000f2200000,0x00000000f2200000,0x00000000f2f00000)
 ParOldGen       total 51200K, used 19108K [0x00000000c0000000, 0x00000000c3200000, 0x00000000eab00000)
  object space 51200K, 37% used [0x00000000c0000000,0x00000000c12a9110,0x00000000c3200000)
 Metaspace       used 42352K, capacity 43208K, committed 43520K, reserved 1087488K
  class space    used 5860K, capacity 6113K, committed 6144K, reserved 1048576K
}

