# JRE version: Java(TM) SE Runtime Environment (8.0_101-b13) (build 1.8.0_101-b13)
# Java VM: Java HotSpot(TM) 64-Bit Server VM (25.101-b13 mixed mode linux-amd64 compressed oops)
Heap:
 PSYoungGen      total 106496K, used 14322K [0x00000000eab00000, 0x00000000f4a00000, 0x0000000100000000)
  eden space 92160K, 0% used [0x00000000eab00000,0x00000000eab00000,0x00000000f0500000)
  from space 14336K, 99% used [0x00000000f0500000,0x00000000f12fcb38,0x00000000f1300000)
  to   space 24576K, 0% used [0x00000000f3200000,0x00000000f3200000,0x00000000f4a00000)
 ParOldGen       total 49664K, used 37788K [0x00000000c0000000, 0x00000000c3080000, 0x00000000eab00000)
  object space 49664K, 76% used [0x00000000c0000000,0x00000000c24e7300,0x00000000c3080000)
 Metaspace       used 5813K, capacity 6960K, committed 7040K, reserved 1056768K
  class space    used 578K, capacity 616K, committed 640K, reserved 1048576K
GC Heap History (10 events):
Event: 7.699 GC heap after
Heap after GC invocations=4 (full 0):
 PSYoungGen      total 50688K, used 1504K [0x00000000eab00000, 0x00000000ede00000, 0x0000000100000000)
  eden space 49152K, 0% used [0x00000000eab00000,0x00000000eab00000,0x00000000edb00000)
  from space 1536K, 97% used [0x00000000edc80000,0x00000000eddf83a8,0x00000000ede00000)
  to   space 1536K, 0% used [0x00000000edb00000,0x00000000edb00000,0x00000000edc80000)
 ParOldGen       total 31744K, used 13736K [0x00000000c0000000, 0x00000000c1f00000, 0x00000000eab00000)
  object space 31744K, 43% used [0x00000000c0000000,0x00000000c0d6a368,0x00000000c1f00000)
 Metaspace       used 5581K, capacity 6768K, committed 7040K, reserved 1056768K
  class space    used 577K, capacity 616K, committed 640K, reserved 1048576K
}
Event: 11.125 GC heap before
{Heap before GC invocations=5 (full 0):
 PSYoungGen      total 50688K, used 50656K [0x00000000eab00000, 0x00000000ede00000, 0x0000000100000000)
  eden space 49152K, 100% used [0x00000000eab00000,0x00000000edb00000,0x00000000edb00000)
  from space 1536K, 97% used [0x00000000edc80000,0x00000000eddf83a8,0x00000000ede00000)
  to   space 1536K, 0% used [0x00000000edb00000,0x00000000edb00000,0x00000000edc80000)
 ParOldGen       total 31744K, used 13736K [0x00000000c0000000, 0x00000000c1f00000, 0x00000000eab00000)
  object space 31744K, 43% used [0x00000000c0000000,0x00000000c0d6a368,0x00000000c1f00000)
 Metaspace       used 5678K, capacity 6896K, committed 7040K, reserved 1056768K
  class space    used 577K, capacity 616K, committed 640K, reserved 1048576K
Event: 11.330 GC heap after
Heap after GC invocations=5 (full 0):
 PSYoungGen      total 50688K, used 1512K [0x00000000eab00000, 0x00000000f2100000, 0x0000000100000000)
  eden space 49152K, 0% used [0x00000000eab00000,0x00000000eab00000,0x00000000edb00000)
  from space 1536K, 98% used [0x00000000edb00000,0x00000000edc7a118,0x00000000edc80000)
  to   space 11264K, 0% used [0x00000000f1600000,0x00000000f1600000,0x00000000f2100000)
 ParOldGen       total 31744K, used 23264K [0x00000000c0000000, 0x00000000c1f00000, 0x00000000eab00000)
  object space 31744K, 73% used [0x00000000c0000000,0x00000000c16b8048,0x00000000c1f00000)
 Metaspace       used 5678K, capacity 6896K, committed 7040K, reserved 1056768K
  class space    used 577K, capacity 616K, committed 640K, reserved 1048576K
}
Event: 11.330 GC heap before
{Heap before GC invocations=6 (full 1):
 PSYoungGen      total 50688K, used 1512K [0x00000000eab00000, 0x00000000f2100000, 0x0000000100000000)
  eden space 49152K, 0% used [0x00000000eab00000,0x00000000eab00000,0x00000000edb00000)
  from space 1536K, 98% used [0x00000000edb00000,0x00000000edc7a118,0x00000000edc80000)
  to   space 11264K, 0% used [0x00000000f1600000,0x00000000f1600000,0x00000000f2100000)
 ParOldGen       total 31744K, used 23264K [0x00000000c0000000, 0x00000000c1f00000, 0x00000000eab00000)
  object space 31744K, 73% used [0x00000000c0000000,0x00000000c16b8048,0x00000000c1f00000)
 Metaspace       used 5678K, capacity 6896K, committed 7040K, reserved 1056768K
  class space    used 577K, capacity 616K, committed 640K, reserved 1048576K
Event: 12.089 GC heap after
Heap after GC invocations=6 (full 1):
 PSYoungGen      total 50688K, used 0K [0x00000000eab00000, 0x00000000f2100000, 0x0000000100000000)
  eden space 49152K, 0% used [0x00000000eab00000,0x00000000eab00000,0x00000000edb00000)
  from space 1536K, 0% used [0x00000000edb00000,0x00000000edb00000,0x00000000edc80000)
  to   space 11264K, 0% used [0x00000000f1600000,0x00000000f1600000,0x00000000f2100000)
 ParOldGen       total 49664K, used 21121K [0x00000000c0000000, 0x00000000c3080000, 0x00000000eab00000)
  object space 49664K, 42% used [0x00000000c0000000,0x00000000c14a0538,0x00000000c3080000)
 Metaspace       used 5678K, capacity 6896K, committed 7040K, reserved 1056768K
  class space    used 577K, capacity 616K, committed 640K, reserved 1048576K
}
Event: 14.052 GC heap before
{Heap before GC invocations=7 (full 1):
 PSYoungGen      total 50688K, used 49146K [0x00000000eab00000, 0x00000000f2100000, 0x0000000100000000)
  eden space 49152K, 99% used [0x00000000eab00000,0x00000000edafe988,0x00000000edb00000)
  from space 1536K, 0% used [0x00000000edb00000,0x00000000edb00000,0x00000000edc80000)
  to   space 11264K, 0% used [0x00000000f1600000,0x00000000f1600000,0x00000000f2100000)
 ParOldGen       total 49664K, used 21121K [0x00000000c0000000, 0x00000000c3080000, 0x00000000eab00000)
  object space 49664K, 42% used [0x00000000c0000000,0x00000000c14a0538,0x00000000c3080000)
 Metaspace       used 5771K, capacity 6960K, committed 7040K, reserved 1056768K
  class space    used 578K, capacity 616K, committed 640K, reserved 1048576K
Event: 14.207 GC heap after
Heap after GC invocations=7 (full 1):
 PSYoungGen      total 84480K, used 11255K [0x00000000eab00000, 0x00000000f2100000, 0x0000000100000000)
  eden space 73216K, 0% used [0x00000000eab00000,0x00000000eab00000,0x00000000ef280000)
  from space 11264K, 99% used [0x00000000f1600000,0x00000000f20fdf58,0x00000000f2100000)
  to   space 14336K, 0% used [0x00000000f0500000,0x00000000f0500000,0x00000000f1300000)
 ParOldGen       total 49664K, used 22616K [0x00000000c0000000, 0x00000000c3080000, 0x00000000eab00000)
  object space 49664K, 45% used [0x00000000c0000000,0x00000000c16162b8,0x00000000c3080000)
 Metaspace       used 5771K, capacity 6960K, committed 7040K, reserved 1056768K
  class space    used 578K, capacity 616K, committed 640K, reserved 1048576K
}
Event: 17.366 GC heap before
{Heap before GC invocations=8 (full 1):
 PSYoungGen      total 84480K, used 84471K [0x00000000eab00000, 0x00000000f2100000, 0x0000000100000000)
  eden space 73216K, 100% used [0x00000000eab00000,0x00000000ef280000,0x00000000ef280000)
  from space 11264K, 99% used [0x00000000f1600000,0x00000000f20fdf58,0x00000000f2100000)
  to   space 14336K, 0% used [0x00000000f0500000,0x00000000f0500000,0x00000000f1300000)
 ParOldGen       total 49664K, used 22616K [0x00000000c0000000, 0x00000000c3080000, 0x00000000eab00000)
  object space 49664K, 45% used [0x00000000c0000000,0x00000000c16162b8,0x00000000c3080000)
 Metaspace       used 5813K, capacity 6960K, committed 7040K, reserved 1056768K
  class space    used 578K, capacity 616K, committed 640K, reserved 1048576K
Event: 17.853 GC heap after
Heap after GC invocations=8 (full 1):
 PSYoungGen      total 106496K, used 14322K [0x00000000eab00000, 0x00000000f4a00000, 0x0000000100000000)
  eden space 92160K, 0% used [0x00000000eab00000,0x00000000eab00000,0x00000000f0500000)
  from space 14336K, 99% used [0x00000000f0500000,0x00000000f12fcb38,0x00000000f1300000)
  to   space 24576K, 0% used [0x00000000f3200000,0x00000000f3200000,0x00000000f4a00000)
 ParOldGen       total 49664K, used 37788K [0x00000000c0000000, 0x00000000c3080000, 0x00000000eab00000)
  object space 49664K, 76% used [0x00000000c0000000,0x00000000c24e7300,0x00000000c3080000)
 Metaspace       used 5813K, capacity 6960K, committed 7040K, reserved 1056768K
  class space    used 578K, capacity 616K, committed 640K, reserved 1048576K
}
Event: 17.853 GC heap before
{Heap before GC invocations=9 (full 2):
 PSYoungGen      total 106496K, used 14322K [0x00000000eab00000, 0x00000000f4a00000, 0x0000000100000000)
  eden space 92160K, 0% used [0x00000000eab00000,0x00000000eab00000,0x00000000f0500000)
  from space 14336K, 99% used [0x00000000f0500000,0x00000000f12fcb38,0x00000000f1300000)
  to   space 24576K, 0% used [0x00000000f3200000,0x00000000f3200000,0x00000000f4a00000)
 ParOldGen       total 49664K, used 37788K [0x00000000c0000000, 0x00000000c3080000, 0x00000000eab00000)
  object space 49664K, 76% used [0x00000000c0000000,0x00000000c24e7300,0x00000000c3080000)
 Metaspace       used 5813K, capacity 6960K, committed 7040K, reserved 1056768K
  class space    used 578K, capacity 616K, committed 640K, reserved 1048576K

