# JRE version: Java(TM) SE Runtime Environment (8.0_101-b13) (build 1.8.0_101-b13)
# Java VM: Java HotSpot(TM) 64-Bit Server VM (25.101-b13 mixed mode linux-amd64 compressed oops)
Heap:
 PSYoungGen      total 82944K, used 30936K [0x00000000eab00000, 0x00000000f2700000, 0x0000000100000000)
  eden space 68608K, 24% used [0x00000000eab00000,0x00000000ebbae7d0,0x00000000eee00000)
  from space 14336K, 96% used [0x00000000f1900000,0x00000000f2687c20,0x00000000f2700000)
  to   space 16896K, 0% used [0x00000000f0600000,0x00000000f0600000,0x00000000f1680000)
 ParOldGen       total 58880K, used 26079K [0x00000000c0000000, 0x00000000c3980000, 0x00000000eab00000)
  object space 58880K, 44% used [0x00000000c0000000,0x00000000c1977dd0,0x00000000c3980000)
 Metaspace       used 5817K, capacity 6960K, committed 7040K, reserved 1056768K
  class space    used 578K, capacity 616K, committed 640K, reserved 1048576K
GC Heap History (10 events):
Event: 4.475 GC heap before
{Heap before GC invocations=3 (full 0):
 PSYoungGen      total 26112K, used 26098K [0x00000000eab00000, 0x00000000ec600000, 0x0000000100000000)
  eden space 24576K, 100% used [0x00000000eab00000,0x00000000ec300000,0x00000000ec300000)
  from space 1536K, 99% used [0x00000000ec480000,0x00000000ec5fca50,0x00000000ec600000)
  to   space 1536K, 0% used [0x00000000ec300000,0x00000000ec300000,0x00000000ec480000)
 ParOldGen       total 31744K, used 4263K [0x00000000c0000000, 0x00000000c1f00000, 0x00000000eab00000)
  object space 31744K, 13% used [0x00000000c0000000,0x00000000c0429eb8,0x00000000c1f00000)
 Metaspace       used 5500K, capacity 6704K, committed 6784K, reserved 1056768K
  class space    used 565K, capacity 616K, committed 640K, reserved 1048576K
Event: 4.523 GC heap after
Heap after GC invocations=3 (full 0):
 PSYoungGen      total 26112K, used 1519K [0x00000000eab00000, 0x00000000ede00000, 0x0000000100000000)
  eden space 24576K, 0% used [0x00000000eab00000,0x00000000eab00000,0x00000000ec300000)
  from space 1536K, 98% used [0x00000000ec300000,0x00000000ec47be58,0x00000000ec480000)
  to   space 1536K, 0% used [0x00000000edc80000,0x00000000edc80000,0x00000000ede00000)
 ParOldGen       total 31744K, used 8391K [0x00000000c0000000, 0x00000000c1f00000, 0x00000000eab00000)
  object space 31744K, 26% used [0x00000000c0000000,0x00000000c0831d30,0x00000000c1f00000)
 Metaspace       used 5500K, capacity 6704K, committed 6784K, reserved 1056768K
  class space    used 565K, capacity 616K, committed 640K, reserved 1048576K
}
Event: 5.632 GC heap before
{Heap before GC invocations=4 (full 0):
 PSYoungGen      total 26112K, used 26095K [0x00000000eab00000, 0x00000000ede00000, 0x0000000100000000)
  eden space 24576K, 100% used [0x00000000eab00000,0x00000000ec300000,0x00000000ec300000)
  from space 1536K, 98% used [0x00000000ec300000,0x00000000ec47be58,0x00000000ec480000)
  to   space 1536K, 0% used [0x00000000edc80000,0x00000000edc80000,0x00000000ede00000)
 ParOldGen       total 31744K, used 8391K [0x00000000c0000000, 0x00000000c1f00000, 0x00000000eab00000)
  object space 31744K, 26% used [0x00000000c0000000,0x00000000c0831d30,0x00000000c1f00000)
 Metaspace       used 5606K, capacity 6832K, committed 7040K, reserved 1056768K
  class space    used 577K, capacity 616K, committed 640K, reserved 1048576K
Event: 5.755 GC heap after
Heap after GC invocations=4 (full 0):
 PSYoungGen      total 50688K, used 1509K [0x00000000eab00000, 0x00000000ede00000, 0x0000000100000000)
  eden space 49152K, 0% used [0x00000000eab00000,0x00000000eab00000,0x00000000edb00000)
  from space 1536K, 98% used [0x00000000edc80000,0x00000000eddf9528,0x00000000ede00000)
  to   space 1536K, 0% used [0x00000000edb00000,0x00000000edb00000,0x00000000edc80000)
 ParOldGen       total 31744K, used 13836K [0x00000000c0000000, 0x00000000c1f00000, 0x00000000eab00000)
  object space 31744K, 43% used [0x00000000c0000000,0x00000000c0d83280,0x00000000c1f00000)
 Metaspace       used 5606K, capacity 6832K, committed 7040K, reserved 1056768K
  class space    used 577K, capacity 616K, committed 640K, reserved 1048576K
}
Event: 8.339 GC heap before
{Heap before GC invocations=5 (full 0):
 PSYoungGen      total 50688K, used 50661K [0x00000000eab00000, 0x00000000ede00000, 0x0000000100000000)
  eden space 49152K, 100% used [0x00000000eab00000,0x00000000edb00000,0x00000000edb00000)
  from space 1536K, 98% used [0x00000000edc80000,0x00000000eddf9528,0x00000000ede00000)
  to   space 1536K, 0% used [0x00000000edb00000,0x00000000edb00000,0x00000000edc80000)
 ParOldGen       total 31744K, used 13836K [0x00000000c0000000, 0x00000000c1f00000, 0x00000000eab00000)
  object space 31744K, 43% used [0x00000000c0000000,0x00000000c0d83280,0x00000000c1f00000)
 Metaspace       used 5712K, capacity 6896K, committed 7040K, reserved 1056768K
  class space    used 578K, capacity 616K, committed 640K, reserved 1048576K
Event: 8.485 GC heap after
Heap after GC invocations=5 (full 0):
 PSYoungGen      total 50688K, used 1523K [0x00000000eab00000, 0x00000000f2700000, 0x0000000100000000)
  eden space 49152K, 0% used [0x00000000eab00000,0x00000000eab00000,0x00000000edb00000)
  from space 1536K, 99% used [0x00000000edb00000,0x00000000edc7ce50,0x00000000edc80000)
  to   space 14336K, 0% used [0x00000000f1900000,0x00000000f1900000,0x00000000f2700000)
 ParOldGen       total 31744K, used 27707K [0x00000000c0000000, 0x00000000c1f00000, 0x00000000eab00000)
  object space 31744K, 87% used [0x00000000c0000000,0x00000000c1b0ee20,0x00000000c1f00000)
 Metaspace       used 5712K, capacity 6896K, committed 7040K, reserved 1056768K
  class space    used 578K, capacity 616K, committed 640K, reserved 1048576K
}
Event: 8.485 GC heap before
{Heap before GC invocations=6 (full 1):
 PSYoungGen      total 50688K, used 1523K [0x00000000eab00000, 0x00000000f2700000, 0x0000000100000000)
  eden space 49152K, 0% used [0x00000000eab00000,0x00000000eab00000,0x00000000edb00000)
  from space 1536K, 99% used [0x00000000edb00000,0x00000000edc7ce50,0x00000000edc80000)
  to   space 14336K, 0% used [0x00000000f1900000,0x00000000f1900000,0x00000000f2700000)
 ParOldGen       total 31744K, used 27707K [0x00000000c0000000, 0x00000000c1f00000, 0x00000000eab00000)
  object space 31744K, 87% used [0x00000000c0000000,0x00000000c1b0ee20,0x00000000c1f00000)
 Metaspace       used 5712K, capacity 6896K, committed 7040K, reserved 1056768K
  class space    used 578K, capacity 616K, committed 640K, reserved 1048576K
Event: 9.152 GC heap after
Heap after GC invocations=6 (full 1):
 PSYoungGen      total 50688K, used 0K [0x00000000eab00000, 0x00000000f2700000, 0x0000000100000000)
  eden space 49152K, 0% used [0x00000000eab00000,0x00000000eab00000,0x00000000edb00000)
  from space 1536K, 0% used [0x00000000edb00000,0x00000000edb00000,0x00000000edc80000)
  to   space 14336K, 0% used [0x00000000f1900000,0x00000000f1900000,0x00000000f2700000)
 ParOldGen       total 58880K, used 26071K [0x00000000c0000000, 0x00000000c3980000, 0x00000000eab00000)
  object space 58880K, 44% used [0x00000000c0000000,0x00000000c1975dd0,0x00000000c3980000)
 Metaspace       used 5712K, capacity 6896K, committed 7040K, reserved 1056768K
  class space    used 578K, capacity 616K, committed 640K, reserved 1048576K
}
Event: 10.402 GC heap before
{Heap before GC invocations=7 (full 1):
 PSYoungGen      total 50688K, used 49152K [0x00000000eab00000, 0x00000000f2700000, 0x0000000100000000)
  eden space 49152K, 100% used [0x00000000eab00000,0x00000000edb00000,0x00000000edb00000)
  from space 1536K, 0% used [0x00000000edb00000,0x00000000edb00000,0x00000000edc80000)
  to   space 14336K, 0% used [0x00000000f1900000,0x00000000f1900000,0x00000000f2700000)
 ParOldGen       total 58880K, used 26071K [0x00000000c0000000, 0x00000000c3980000, 0x00000000eab00000)
  object space 58880K, 44% used [0x00000000c0000000,0x00000000c1975dd0,0x00000000c3980000)
 Metaspace       used 5785K, capacity 6960K, committed 7040K, reserved 1056768K
  class space    used 578K, capacity 616K, committed 640K, reserved 1048576K
Event: 10.485 GC heap after
Heap after GC invocations=7 (full 1):
 PSYoungGen      total 82944K, used 13855K [0x00000000eab00000, 0x00000000f2700000, 0x0000000100000000)
  eden space 68608K, 0% used [0x00000000eab00000,0x00000000eab00000,0x00000000eee00000)
  from space 14336K, 96% used [0x00000000f1900000,0x00000000f2687c20,0x00000000f2700000)
  to   space 16896K, 0% used [0x00000000f0600000,0x00000000f0600000,0x00000000f1680000)
 ParOldGen       total 58880K, used 26079K [0x00000000c0000000, 0x00000000c3980000, 0x00000000eab00000)
  object space 58880K, 44% used [0x00000000c0000000,0x00000000c1977dd0,0x00000000c3980000)
 Metaspace       used 5785K, capacity 6960K, committed 7040K, reserved 1056768K
  class space    used 578K, capacity 616K, committed 640K, reserved 1048576K
}

