# JRE version: Java(TM) SE Runtime Environment (8.0_101-b13) (build 1.8.0_101-b13)
# Java VM: Java HotSpot(TM) 64-Bit Server VM (25.101-b13 mixed mode linux-amd64 compressed oops)
Heap:
 PSYoungGen      total 164352K, used 43681K [0x00000000eab00000, 0x00000000f7e00000, 0x0000000100000000)
  eden space 140800K, 14% used [0x00000000eab00000,0x00000000ebeaa370,0x00000000f3480000)
  from space 23552K, 99% used [0x00000000f3480000,0x00000000f4b7e1f8,0x00000000f4b80000)
  to   space 31232K, 0% used [0x00000000f5f80000,0x00000000f5f80000,0x00000000f7e00000)
 ParOldGen       total 59392K, used 45764K [0x00000000c0000000, 0x00000000c3a00000, 0x00000000eab00000)
  object space 59392K, 77% used [0x00000000c0000000,0x00000000c2cb10f8,0x00000000c3a00000)
 Metaspace       used 6426K, capacity 7256K, committed 7424K, reserved 1056768K
  class space    used 615K, capacity 656K, committed 768K, reserved 1048576K
GC Heap History (10 events):
Event: 20.006 GC heap before
{Heap before GC invocations=8 (full 0):
 PSYoungGen      total 55808K, used 55788K [0x00000000eab00000, 0x00000000f1f00000, 0x0000000100000000)
  eden space 48128K, 100% used [0x00000000eab00000,0x00000000eda00000,0x00000000eda00000)
  from space 7680K, 99% used [0x00000000eda00000,0x00000000ee17b338,0x00000000ee180000)
  to   space 11264K, 0% used [0x00000000f1400000,0x00000000f1400000,0x00000000f1f00000)
 ParOldGen       total 31744K, used 15187K [0x00000000c0000000, 0x00000000c1f00000, 0x00000000eab00000)
  object space 31744K, 47% used [0x00000000c0000000,0x00000000c0ed4da0,0x00000000c1f00000)
 Metaspace       used 5981K, capacity 6960K, committed 7040K, reserved 1056768K
  class space    used 595K, capacity 616K, committed 640K, reserved 1048576K
Event: 20.653 GC heap after
Heap after GC invocations=8 (full 0):
 PSYoungGen      total 103936K, used 11232K [0x00000000eab00000, 0x00000000f2600000, 0x0000000100000000)
  eden space 92672K, 0% used [0x00000000eab00000,0x00000000eab00000,0x00000000f0580000)
  from space 11264K, 99% used [0x00000000f1400000,0x00000000f1ef8200,0x00000000f1f00000)
  to   space 14848K, 0% used [0x00000000f0580000,0x00000000f0580000,0x00000000f1400000)
 ParOldGen       total 31744K, used 18476K [0x00000000c0000000, 0x00000000c1f00000, 0x00000000eab00000)
  object space 31744K, 58% used [0x00000000c0000000,0x00000000c120b340,0x00000000c1f00000)
 Metaspace       used 5981K, capacity 6960K, committed 7040K, reserved 1056768K
  class space    used 595K, capacity 616K, committed 640K, reserved 1048576K
}
Event: 24.756 GC heap before
{Heap before GC invocations=9 (full 0):
 PSYoungGen      total 103936K, used 103904K [0x00000000eab00000, 0x00000000f2600000, 0x0000000100000000)
  eden space 92672K, 100% used [0x00000000eab00000,0x00000000f0580000,0x00000000f0580000)
  from space 11264K, 99% used [0x00000000f1400000,0x00000000f1ef8200,0x00000000f1f00000)
  to   space 14848K, 0% used [0x00000000f0580000,0x00000000f0580000,0x00000000f1400000)
 ParOldGen       total 31744K, used 18476K [0x00000000c0000000, 0x00000000c1f00000, 0x00000000eab00000)
  object space 31744K, 58% used [0x00000000c0000000,0x00000000c120b340,0x00000000c1f00000)
 Metaspace       used 6187K, capacity 7064K, committed 7424K, reserved 1056768K
  class space    used 615K, capacity 656K, committed 768K, reserved 1048576K
Event: 25.468 GC heap after
Heap after GC invocations=9 (full 0):
 PSYoungGen      total 107520K, used 14816K [0x00000000eab00000, 0x00000000f6600000, 0x0000000100000000)
  eden space 92672K, 0% used [0x00000000eab00000,0x00000000eab00000,0x00000000f0580000)
  from space 14848K, 99% used [0x00000000f0580000,0x00000000f13f8020,0x00000000f1400000)
  to   space 21504K, 0% used [0x00000000f5100000,0x00000000f5100000,0x00000000f6600000)
 ParOldGen       total 31744K, used 28797K [0x00000000c0000000, 0x00000000c1f00000, 0x00000000eab00000)
  object space 31744K, 90% used [0x00000000c0000000,0x00000000c1c1f580,0x00000000c1f00000)
 Metaspace       used 6187K, capacity 7064K, committed 7424K, reserved 1056768K
  class space    used 615K, capacity 656K, committed 768K, reserved 1048576K
}
Event: 25.468 GC heap before
{Heap before GC invocations=10 (full 1):
 PSYoungGen      total 107520K, used 14816K [0x00000000eab00000, 0x00000000f6600000, 0x0000000100000000)
  eden space 92672K, 0% used [0x00000000eab00000,0x00000000eab00000,0x00000000f0580000)
  from space 14848K, 99% used [0x00000000f0580000,0x00000000f13f8020,0x00000000f1400000)
  to   space 21504K, 0% used [0x00000000f5100000,0x00000000f5100000,0x00000000f6600000)
 ParOldGen       total 31744K, used 28797K [0x00000000c0000000, 0x00000000c1f00000, 0x00000000eab00000)
  object space 31744K, 90% used [0x00000000c0000000,0x00000000c1c1f580,0x00000000c1f00000)
 Metaspace       used 6187K, capacity 7064K, committed 7424K, reserved 1056768K
  class space    used 615K, capacity 656K, committed 768K, reserved 1048576K
Event: 29.928 GC heap after
Heap after GC invocations=10 (full 1):
 PSYoungGen      total 107520K, used 8655K [0x00000000eab00000, 0x00000000f6600000, 0x0000000100000000)
  eden space 92672K, 0% used [0x00000000eab00000,0x00000000eab00000,0x00000000f0580000)
  from space 14848K, 58% used [0x00000000f0580000,0x00000000f0df3d30,0x00000000f1400000)
  to   space 21504K, 0% used [0x00000000f5100000,0x00000000f5100000,0x00000000f6600000)
 ParOldGen       total 59392K, used 31478K [0x00000000c0000000, 0x00000000c3a00000, 0x00000000eab00000)
  object space 59392K, 53% used [0x00000000c0000000,0x00000000c1ebdb40,0x00000000c3a00000)
 Metaspace       used 6187K, capacity 7064K, committed 7424K, reserved 1056768K
  class space    used 615K, capacity 656K, committed 768K, reserved 1048576K
}
Event: 34.523 GC heap before
{Heap before GC invocations=11 (full 1):
 PSYoungGen      total 107520K, used 101327K [0x00000000eab00000, 0x00000000f6600000, 0x0000000100000000)
  eden space 92672K, 100% used [0x00000000eab00000,0x00000000f0580000,0x00000000f0580000)
  from space 14848K, 58% used [0x00000000f0580000,0x00000000f0df3d30,0x00000000f1400000)
  to   space 21504K, 0% used [0x00000000f5100000,0x00000000f5100000,0x00000000f6600000)
 ParOldGen       total 59392K, used 31478K [0x00000000c0000000, 0x00000000c3a00000, 0x00000000eab00000)
  object space 59392K, 53% used [0x00000000c0000000,0x00000000c1ebdb40,0x00000000c3a00000)
 Metaspace       used 6326K, capacity 7192K, committed 7424K, reserved 1056768K
  class space    used 615K, capacity 656K, committed 768K, reserved 1048576K
Event: 36.285 GC heap after
Heap after GC invocations=11 (full 1):
 PSYoungGen      total 136192K, used 17884K [0x00000000eab00000, 0x00000000f6280000, 0x0000000100000000)
  eden space 118272K, 0% used [0x00000000eab00000,0x00000000eab00000,0x00000000f1e80000)
  from space 17920K, 99% used [0x00000000f5100000,0x00000000f6277230,0x00000000f6280000)
  to   space 23552K, 0% used [0x00000000f3480000,0x00000000f3480000,0x00000000f4b80000)
 ParOldGen       total 59392K, used 36159K [0x00000000c0000000, 0x00000000c3a00000, 0x00000000eab00000)
  object space 59392K, 60% used [0x00000000c0000000,0x00000000c234fed8,0x00000000c3a00000)
 Metaspace       used 6326K, capacity 7192K, committed 7424K, reserved 1056768K
  class space    used 615K, capacity 656K, committed 768K, reserved 1048576K
}
Event: 41.042 GC heap before
{Heap before GC invocations=12 (full 1):
 PSYoungGen      total 136192K, used 136156K [0x00000000eab00000, 0x00000000f6280000, 0x0000000100000000)
  eden space 118272K, 100% used [0x00000000eab00000,0x00000000f1e80000,0x00000000f1e80000)
  from space 17920K, 99% used [0x00000000f5100000,0x00000000f6277230,0x00000000f6280000)
  to   space 23552K, 0% used [0x00000000f3480000,0x00000000f3480000,0x00000000f4b80000)
 ParOldGen       total 59392K, used 36159K [0x00000000c0000000, 0x00000000c3a00000, 0x00000000eab00000)
  object space 59392K, 60% used [0x00000000c0000000,0x00000000c234fed8,0x00000000c3a00000)
 Metaspace       used 6424K, capacity 7192K, committed 7424K, reserved 1056768K
  class space    used 615K, capacity 656K, committed 768K, reserved 1048576K
Event: 42.228 GC heap after
Heap after GC invocations=12 (full 1):
 PSYoungGen      total 164352K, used 23544K [0x00000000eab00000, 0x00000000f7e00000, 0x0000000100000000)
  eden space 140800K, 0% used [0x00000000eab00000,0x00000000eab00000,0x00000000f3480000)
  from space 23552K, 99% used [0x00000000f3480000,0x00000000f4b7e1f8,0x00000000f4b80000)
  to   space 31232K, 0% used [0x00000000f5f80000,0x00000000f5f80000,0x00000000f7e00000)
 ParOldGen       total 59392K, used 45764K [0x00000000c0000000, 0x00000000c3a00000, 0x00000000eab00000)
  object space 59392K, 77% used [0x00000000c0000000,0x00000000c2cb10f8,0x00000000c3a00000)
 Metaspace       used 6424K, capacity 7192K, committed 7424K, reserved 1056768K
  class space    used 615K, capacity 656K, committed 768K, reserved 1048576K
}

