# JRE version: Java(TM) SE Runtime Environment (8.0_91-b14) (build 1.8.0_91-b14)
# Java VM: Java HotSpot(TM) 64-Bit Server VM (25.91-b14 mixed mode linux-amd64 compressed oops)
Heap:
 PSYoungGen      total 106496K, used 13302K [0x00000000eab00000, 0x00000000f6300000, 0x0000000100000000)
  eden space 93184K, 0% used [0x00000000eab00000,0x00000000eab00000,0x00000000f0600000)
  from space 13312K, 99% used [0x00000000f0600000,0x00000000f12fdb70,0x00000000f1300000)
  to   space 19456K, 0% used [0x00000000f5000000,0x00000000f5000000,0x00000000f6300000)
 ParOldGen       total 31744K, used 29626K [0x00000000c0000000, 0x00000000c1f00000, 0x00000000eab00000)
  object space 31744K, 93% used [0x00000000c0000000,0x00000000c1cee9e8,0x00000000c1f00000)
 Metaspace       used 6215K, capacity 7128K, committed 7424K, reserved 1056768K
  class space    used 614K, capacity 656K, committed 768K, reserved 1048576K
GC Heap History (10 events):
Event: 7.658 GC heap after
Heap after GC invocations=5 (full 0):
 PSYoungGen      total 26112K, used 1526K [0x00000000eab00000, 0x00000000ee600000, 0x0000000100000000)
  eden space 24576K, 0% used [0x00000000eab00000,0x00000000eab00000,0x00000000ec300000)
  from space 1536K, 99% used [0x00000000ec300000,0x00000000ec47da38,0x00000000ec480000)
  to   space 5632K, 0% used [0x00000000ee080000,0x00000000ee080000,0x00000000ee600000)
 ParOldGen       total 31744K, used 11217K [0x00000000c0000000, 0x00000000c1f00000, 0x00000000eab00000)
  object space 31744K, 35% used [0x00000000c0000000,0x00000000c0af4658,0x00000000c1f00000)
 Metaspace       used 5901K, capacity 6896K, committed 7040K, reserved 1056768K
  class space    used 593K, capacity 616K, committed 640K, reserved 1048576K
}
Event: 8.197 GC heap before
{Heap before GC invocations=6 (full 0):
 PSYoungGen      total 26112K, used 26102K [0x00000000eab00000, 0x00000000ee600000, 0x0000000100000000)
  eden space 24576K, 100% used [0x00000000eab00000,0x00000000ec300000,0x00000000ec300000)
  from space 1536K, 99% used [0x00000000ec300000,0x00000000ec47da38,0x00000000ec480000)
  to   space 5632K, 0% used [0x00000000ee080000,0x00000000ee080000,0x00000000ee600000)
 ParOldGen       total 31744K, used 11219K [0x00000000c0000000, 0x00000000c1f00000, 0x00000000eab00000)
  object space 31744K, 35% used [0x00000000c0000000,0x00000000c0af4cd8,0x00000000c1f00000)
 Metaspace       used 5912K, capacity 6896K, committed 7040K, reserved 1056768K
  class space    used 594K, capacity 616K, committed 640K, reserved 1048576K
Event: 8.320 GC heap after
Heap after GC invocations=6 (full 0):
 PSYoungGen      total 53760K, used 5560K [0x00000000eab00000, 0x00000000ee800000, 0x0000000100000000)
  eden space 48128K, 0% used [0x00000000eab00000,0x00000000eab00000,0x00000000eda00000)
  from space 5632K, 98% used [0x00000000ee080000,0x00000000ee5ee388,0x00000000ee600000)
  to   space 6656K, 0% used [0x00000000eda00000,0x00000000eda00000,0x00000000ee080000)
 ParOldGen       total 31744K, used 11219K [0x00000000c0000000, 0x00000000c1f00000, 0x00000000eab00000)
  object space 31744K, 35% used [0x00000000c0000000,0x00000000c0af4cd8,0x00000000c1f00000)
 Metaspace       used 5912K, capacity 6896K, committed 7040K, reserved 1056768K
  class space    used 594K, capacity 616K, committed 640K, reserved 1048576K
}
Event: 9.551 GC heap before
{Heap before GC invocations=7 (full 0):
 PSYoungGen      total 53760K, used 53688K [0x00000000eab00000, 0x00000000ee800000, 0x0000000100000000)
  eden space 48128K, 100% used [0x00000000eab00000,0x00000000eda00000,0x00000000eda00000)
  from space 5632K, 98% used [0x00000000ee080000,0x00000000ee5ee388,0x00000000ee600000)
  to   space 6656K, 0% used [0x00000000eda00000,0x00000000eda00000,0x00000000ee080000)
 ParOldGen       total 31744K, used 11219K [0x00000000c0000000, 0x00000000c1f00000, 0x00000000eab00000)
  object space 31744K, 35% used [0x00000000c0000000,0x00000000c0af4cd8,0x00000000c1f00000)
 Metaspace       used 5914K, capacity 6896K, committed 7040K, reserved 1056768K
  class space    used 594K, capacity 616K, committed 640K, reserved 1048576K
Event: 9.743 GC heap after
Heap after GC invocations=7 (full 0):
 PSYoungGen      total 54784K, used 6640K [0x00000000eab00000, 0x00000000f1d00000, 0x0000000100000000)
  eden space 48128K, 0% used [0x00000000eab00000,0x00000000eab00000,0x00000000eda00000)
  from space 6656K, 99% used [0x00000000eda00000,0x00000000ee07c280,0x00000000ee080000)
  to   space 10240K, 0% used [0x00000000f1300000,0x00000000f1300000,0x00000000f1d00000)
 ParOldGen       total 31744K, used 17017K [0x00000000c0000000, 0x00000000c1f00000, 0x00000000eab00000)
  object space 31744K, 53% used [0x00000000c0000000,0x00000000c109e6f8,0x00000000c1f00000)
 Metaspace       used 5914K, capacity 6896K, committed 7040K, reserved 1056768K
  class space    used 594K, capacity 616K, committed 640K, reserved 1048576K
}
Event: 11.244 GC heap before
{Heap before GC invocations=8 (full 0):
 PSYoungGen      total 54784K, used 54768K [0x00000000eab00000, 0x00000000f1d00000, 0x0000000100000000)
  eden space 48128K, 100% used [0x00000000eab00000,0x00000000eda00000,0x00000000eda00000)
  from space 6656K, 99% used [0x00000000eda00000,0x00000000ee07c280,0x00000000ee080000)
  to   space 10240K, 0% used [0x00000000f1300000,0x00000000f1300000,0x00000000f1d00000)
 ParOldGen       total 31744K, used 17017K [0x00000000c0000000, 0x00000000c1f00000, 0x00000000eab00000)
  object space 31744K, 53% used [0x00000000c0000000,0x00000000c109e6f8,0x00000000c1f00000)
 Metaspace       used 6034K, capacity 6936K, committed 7168K, reserved 1056768K
  class space    used 614K, capacity 656K, committed 768K, reserved 1048576K
Event: 11.595 GC heap after
Heap after GC invocations=8 (full 0):
 PSYoungGen      total 103424K, used 10219K [0x00000000eab00000, 0x00000000f2300000, 0x0000000100000000)
  eden space 93184K, 0% used [0x00000000eab00000,0x00000000eab00000,0x00000000f0600000)
  from space 10240K, 99% used [0x00000000f1300000,0x00000000f1cfad88,0x00000000f1d00000)
  to   space 13312K, 0% used [0x00000000f0600000,0x00000000f0600000,0x00000000f1300000)
 ParOldGen       total 31744K, used 19581K [0x00000000c0000000, 0x00000000c1f00000, 0x00000000eab00000)
  object space 31744K, 61% used [0x00000000c0000000,0x00000000c131f4a0,0x00000000c1f00000)
 Metaspace       used 6034K, capacity 6936K, committed 7168K, reserved 1056768K
  class space    used 614K, capacity 656K, committed 768K, reserved 1048576K
}
Event: 14.462 GC heap before
{Heap before GC invocations=9 (full 0):
 PSYoungGen      total 103424K, used 103403K [0x00000000eab00000, 0x00000000f2300000, 0x0000000100000000)
  eden space 93184K, 100% used [0x00000000eab00000,0x00000000f0600000,0x00000000f0600000)
  from space 10240K, 99% used [0x00000000f1300000,0x00000000f1cfad88,0x00000000f1d00000)
  to   space 13312K, 0% used [0x00000000f0600000,0x00000000f0600000,0x00000000f1300000)
 ParOldGen       total 31744K, used 19581K [0x00000000c0000000, 0x00000000c1f00000, 0x00000000eab00000)
  object space 31744K, 61% used [0x00000000c0000000,0x00000000c131f4a0,0x00000000c1f00000)
 Metaspace       used 6215K, capacity 7128K, committed 7424K, reserved 1056768K
  class space    used 614K, capacity 656K, committed 768K, reserved 1048576K
Event: 14.772 GC heap after
Heap after GC invocations=9 (full 0):
 PSYoungGen      total 106496K, used 13302K [0x00000000eab00000, 0x00000000f6300000, 0x0000000100000000)
  eden space 93184K, 0% used [0x00000000eab00000,0x00000000eab00000,0x00000000f0600000)
  from space 13312K, 99% used [0x00000000f0600000,0x00000000f12fdb70,0x00000000f1300000)
  to   space 19456K, 0% used [0x00000000f5000000,0x00000000f5000000,0x00000000f6300000)
 ParOldGen       total 31744K, used 29626K [0x00000000c0000000, 0x00000000c1f00000, 0x00000000eab00000)
  object space 31744K, 93% used [0x00000000c0000000,0x00000000c1cee9e8,0x00000000c1f00000)
 Metaspace       used 6215K, capacity 7128K, committed 7424K, reserved 1056768K
  class space    used 614K, capacity 656K, committed 768K, reserved 1048576K
}
Event: 14.772 GC heap before
{Heap before GC invocations=10 (full 1):
 PSYoungGen      total 106496K, used 13302K [0x00000000eab00000, 0x00000000f6300000, 0x0000000100000000)
  eden space 93184K, 0% used [0x00000000eab00000,0x00000000eab00000,0x00000000f0600000)
  from space 13312K, 99% used [0x00000000f0600000,0x00000000f12fdb70,0x00000000f1300000)
  to   space 19456K, 0% used [0x00000000f5000000,0x00000000f5000000,0x00000000f6300000)
 ParOldGen       total 31744K, used 29626K [0x00000000c0000000, 0x00000000c1f00000, 0x00000000eab00000)
  object space 31744K, 93% used [0x00000000c0000000,0x00000000c1cee9e8,0x00000000c1f00000)
 Metaspace       used 6215K, capacity 7128K, committed 7424K, reserved 1056768K
  class space    used 614K, capacity 656K, committed 768K, reserved 1048576K

