# JRE version: Java(TM) SE Runtime Environment (8.0_101-b13) (build 1.8.0_101-b13)
# Java VM: Java HotSpot(TM) 64-Bit Server VM (25.101-b13 mixed mode linux-amd64 compressed oops)
Heap:
 PSYoungGen      total 156160K, used 156132K [0x00000000eab00000, 0x00000000f9000000, 0x0000000100000000)
  eden space 136192K, 100% used [0x00000000eab00000,0x00000000f3000000,0x00000000f3000000)
  from space 19968K, 99% used [0x00000000f7c80000,0x00000000f8ff90a8,0x00000000f9000000)
  to   space 24576K, 27% used [0x00000000f6000000,0x00000000f6689ba8,0x00000000f7800000)
 ParOldGen       total 63488K, used 36868K [0x00000000c0000000, 0x00000000c3e00000, 0x00000000eab00000)
  object space 63488K, 58% used [0x00000000c0000000,0x00000000c24013d0,0x00000000c3e00000)
 Metaspace       used 6427K, capacity 7192K, committed 7424K, reserved 1056768K
  class space    used 615K, capacity 656K, committed 768K, reserved 1048576K
GC Heap History (10 events):
Event: 9.158 GC heap after
Heap after GC invocations=5 (full 0):
 PSYoungGen      total 50688K, used 1505K [0x00000000eab00000, 0x00000000f2000000, 0x0000000100000000)
  eden space 49152K, 0% used [0x00000000eab00000,0x00000000eab00000,0x00000000edb00000)
  from space 1536K, 98% used [0x00000000edb00000,0x00000000edc785c0,0x00000000edc80000)
  to   space 10752K, 0% used [0x00000000f1580000,0x00000000f1580000,0x00000000f2000000)
 ParOldGen       total 31744K, used 17867K [0x00000000c0000000, 0x00000000c1f00000, 0x00000000eab00000)
  object space 31744K, 56% used [0x00000000c0000000,0x00000000c1172ca8,0x00000000c1f00000)
 Metaspace       used 5869K, capacity 6832K, committed 7040K, reserved 1056768K
  class space    used 595K, capacity 616K, committed 640K, reserved 1048576K
}
Event: 10.383 GC heap before
{Heap before GC invocations=6 (full 0):
 PSYoungGen      total 50688K, used 50657K [0x00000000eab00000, 0x00000000f2000000, 0x0000000100000000)
  eden space 49152K, 100% used [0x00000000eab00000,0x00000000edb00000,0x00000000edb00000)
  from space 1536K, 98% used [0x00000000edb00000,0x00000000edc785c0,0x00000000edc80000)
  to   space 10752K, 0% used [0x00000000f1580000,0x00000000f1580000,0x00000000f2000000)
 ParOldGen       total 31744K, used 17867K [0x00000000c0000000, 0x00000000c1f00000, 0x00000000eab00000)
  object space 31744K, 56% used [0x00000000c0000000,0x00000000c1172ca8,0x00000000c1f00000)
 Metaspace       used 5977K, capacity 6896K, committed 7040K, reserved 1056768K
  class space    used 595K, capacity 616K, committed 640K, reserved 1048576K
Event: 10.575 GC heap after
Heap after GC invocations=6 (full 0):
 PSYoungGen      total 108032K, used 8556K [0x00000000eab00000, 0x00000000f2200000, 0x0000000100000000)
  eden space 97280K, 0% used [0x00000000eab00000,0x00000000eab00000,0x00000000f0a00000)
  from space 10752K, 79% used [0x00000000f1580000,0x00000000f1ddb338,0x00000000f2000000)
  to   space 11776K, 0% used [0x00000000f0a00000,0x00000000f0a00000,0x00000000f1580000)
 ParOldGen       total 31744K, used 17867K [0x00000000c0000000, 0x00000000c1f00000, 0x00000000eab00000)
  object space 31744K, 56% used [0x00000000c0000000,0x00000000c1172ca8,0x00000000c1f00000)
 Metaspace       used 5977K, capacity 6896K, committed 7040K, reserved 1056768K
  class space    used 595K, capacity 616K, committed 640K, reserved 1048576K
}
Event: 13.548 GC heap before
{Heap before GC invocations=7 (full 0):
 PSYoungGen      total 108032K, used 105836K [0x00000000eab00000, 0x00000000f2200000, 0x0000000100000000)
  eden space 97280K, 100% used [0x00000000eab00000,0x00000000f0a00000,0x00000000f0a00000)
  from space 10752K, 79% used [0x00000000f1580000,0x00000000f1ddb338,0x00000000f2000000)
  to   space 11776K, 0% used [0x00000000f0a00000,0x00000000f0a00000,0x00000000f1580000)
 ParOldGen       total 31744K, used 17867K [0x00000000c0000000, 0x00000000c1f00000, 0x00000000eab00000)
  object space 31744K, 56% used [0x00000000c0000000,0x00000000c1172ca8,0x00000000c1f00000)
 Metaspace       used 6090K, capacity 7024K, committed 7296K, reserved 1056768K
  class space    used 595K, capacity 616K, committed 640K, reserved 1048576K
Event: 13.928 GC heap after
Heap after GC invocations=7 (full 0):
 PSYoungGen      total 109056K, used 11766K [0x00000000eab00000, 0x00000000f9000000, 0x0000000100000000)
  eden space 97280K, 0% used [0x00000000eab00000,0x00000000eab00000,0x00000000f0a00000)
  from space 11776K, 99% used [0x00000000f0a00000,0x00000000f157d9b0,0x00000000f1580000)
  to   space 19968K, 0% used [0x00000000f7c80000,0x00000000f7c80000,0x00000000f9000000)
 ParOldGen       total 31744K, used 29685K [0x00000000c0000000, 0x00000000c1f00000, 0x00000000eab00000)
  object space 31744K, 93% used [0x00000000c0000000,0x00000000c1cfd758,0x00000000c1f00000)
 Metaspace       used 6090K, capacity 7024K, committed 7296K, reserved 1056768K
  class space    used 595K, capacity 616K, committed 640K, reserved 1048576K
}
Event: 13.928 GC heap before
{Heap before GC invocations=8 (full 1):
 PSYoungGen      total 109056K, used 11766K [0x00000000eab00000, 0x00000000f9000000, 0x0000000100000000)
  eden space 97280K, 0% used [0x00000000eab00000,0x00000000eab00000,0x00000000f0a00000)
  from space 11776K, 99% used [0x00000000f0a00000,0x00000000f157d9b0,0x00000000f1580000)
  to   space 19968K, 0% used [0x00000000f7c80000,0x00000000f7c80000,0x00000000f9000000)
 ParOldGen       total 31744K, used 29685K [0x00000000c0000000, 0x00000000c1f00000, 0x00000000eab00000)
  object space 31744K, 93% used [0x00000000c0000000,0x00000000c1cfd758,0x00000000c1f00000)
 Metaspace       used 6090K, capacity 7024K, committed 7296K, reserved 1056768K
  class space    used 595K, capacity 616K, committed 640K, reserved 1048576K
Event: 15.990 GC heap after
Heap after GC invocations=8 (full 1):
 PSYoungGen      total 109056K, used 6601K [0x00000000eab00000, 0x00000000f9000000, 0x0000000100000000)
  eden space 97280K, 0% used [0x00000000eab00000,0x00000000eab00000,0x00000000f0a00000)
  from space 11776K, 56% used [0x00000000f0a00000,0x00000000f10725f0,0x00000000f1580000)
  to   space 19968K, 0% used [0x00000000f7c80000,0x00000000f7c80000,0x00000000f9000000)
 ParOldGen       total 63488K, used 31429K [0x00000000c0000000, 0x00000000c3e00000, 0x00000000eab00000)
  object space 63488K, 49% used [0x00000000c0000000,0x00000000c1eb1790,0x00000000c3e00000)
 Metaspace       used 6090K, capacity 7024K, committed 7296K, reserved 1056768K
  class space    used 595K, capacity 616K, committed 640K, reserved 1048576K
}
Event: 18.946 GC heap before
{Heap before GC invocations=9 (full 1):
 PSYoungGen      total 109056K, used 103881K [0x00000000eab00000, 0x00000000f9000000, 0x0000000100000000)
  eden space 97280K, 100% used [0x00000000eab00000,0x00000000f0a00000,0x00000000f0a00000)
  from space 11776K, 56% used [0x00000000f0a00000,0x00000000f10725f0,0x00000000f1580000)
  to   space 19968K, 0% used [0x00000000f7c80000,0x00000000f7c80000,0x00000000f9000000)
 ParOldGen       total 63488K, used 31429K [0x00000000c0000000, 0x00000000c3e00000, 0x00000000eab00000)
  object space 63488K, 49% used [0x00000000c0000000,0x00000000c1eb1790,0x00000000c3e00000)
 Metaspace       used 6324K, capacity 7192K, committed 7424K, reserved 1056768K
  class space    used 615K, capacity 656K, committed 768K, reserved 1048576K
Event: 19.443 GC heap after
Heap after GC invocations=9 (full 1):
 PSYoungGen      total 156160K, used 19940K [0x00000000eab00000, 0x00000000f9000000, 0x0000000100000000)
  eden space 136192K, 0% used [0x00000000eab00000,0x00000000eab00000,0x00000000f3000000)
  from space 19968K, 99% used [0x00000000f7c80000,0x00000000f8ff90a8,0x00000000f9000000)
  to   space 24576K, 0% used [0x00000000f6000000,0x00000000f6000000,0x00000000f7800000)
 ParOldGen       total 63488K, used 32605K [0x00000000c0000000, 0x00000000c3e00000, 0x00000000eab00000)
  object space 63488K, 51% used [0x00000000c0000000,0x00000000c1fd7658,0x00000000c3e00000)
 Metaspace       used 6324K, capacity 7192K, committed 7424K, reserved 1056768K
  class space    used 615K, capacity 656K, committed 768K, reserved 1048576K
}
Event: 23.191 GC heap before
{Heap before GC invocations=10 (full 1):
 PSYoungGen      total 156160K, used 156132K [0x00000000eab00000, 0x00000000f9000000, 0x0000000100000000)
  eden space 136192K, 100% used [0x00000000eab00000,0x00000000f3000000,0x00000000f3000000)
  from space 19968K, 99% used [0x00000000f7c80000,0x00000000f8ff90a8,0x00000000f9000000)
  to   space 24576K, 0% used [0x00000000f6000000,0x00000000f6000000,0x00000000f7800000)
 ParOldGen       total 63488K, used 32605K [0x00000000c0000000, 0x00000000c3e00000, 0x00000000eab00000)
  object space 63488K, 51% used [0x00000000c0000000,0x00000000c1fd7658,0x00000000c3e00000)
 Metaspace       used 6427K, capacity 7192K, committed 7424K, reserved 1056768K
  class space    used 615K, capacity 656K, committed 768K, reserved 1048576K

