# JRE version: Java(TM) SE Runtime Environment (8.0_101-b13) (build 1.8.0_101-b13)
# Java VM: Java HotSpot(TM) 64-Bit Server VM (25.101-b13 mixed mode linux-amd64 compressed oops)
Heap:
 PSYoungGen      total 164864K, used 37585K [0x00000000eab00000, 0x00000000f8980000, 0x0000000100000000)
  eden space 140288K, 9% used [0x00000000eab00000,0x00000000eb7b6d10,0x00000000f3400000)
  from space 24576K, 99% used [0x00000000f3400000,0x00000000f4bfd840,0x00000000f4c00000)
  to   space 32256K, 0% used [0x00000000f6a00000,0x00000000f6a00000,0x00000000f8980000)
 ParOldGen       total 59392K, used 45216K [0x00000000c0000000, 0x00000000c3a00000, 0x00000000eab00000)
  object space 59392K, 76% used [0x00000000c0000000,0x00000000c2c28118,0x00000000c3a00000)
 Metaspace       used 6426K, capacity 7256K, committed 7424K, reserved 1056768K
  class space    used 616K, capacity 656K, committed 768K, reserved 1048576K
GC Heap History (10 events):
Event: 14.467 GC heap before
{Heap before GC invocations=8 (full 0):
 PSYoungGen      total 56320K, used 56289K [0x00000000eab00000, 0x00000000f2000000, 0x0000000100000000)
  eden space 48128K, 100% used [0x00000000eab00000,0x00000000eda00000,0x00000000eda00000)
  from space 8192K, 99% used [0x00000000eda00000,0x00000000ee1f85c0,0x00000000ee200000)
  to   space 11776K, 0% used [0x00000000f1480000,0x00000000f1480000,0x00000000f2000000)
 ParOldGen       total 31744K, used 15347K [0x00000000c0000000, 0x00000000c1f00000, 0x00000000eab00000)
  object space 31744K, 48% used [0x00000000c0000000,0x00000000c0efcd60,0x00000000c1f00000)
 Metaspace       used 5953K, capacity 6896K, committed 7040K, reserved 1056768K
  class space    used 595K, capacity 616K, committed 640K, reserved 1048576K
Event: 14.603 GC heap after
Heap after GC invocations=8 (full 0):
 PSYoungGen      total 104448K, used 11760K [0x00000000eab00000, 0x00000000f2700000, 0x0000000100000000)
  eden space 92672K, 0% used [0x00000000eab00000,0x00000000eab00000,0x00000000f0580000)
  from space 11776K, 99% used [0x00000000f1480000,0x00000000f1ffc020,0x00000000f2000000)
  to   space 15360K, 0% used [0x00000000f0580000,0x00000000f0580000,0x00000000f1480000)
 ParOldGen       total 31744K, used 19262K [0x00000000c0000000, 0x00000000c1f00000, 0x00000000eab00000)
  object space 31744K, 60% used [0x00000000c0000000,0x00000000c12cfbf0,0x00000000c1f00000)
 Metaspace       used 5953K, capacity 6896K, committed 7040K, reserved 1056768K
  class space    used 595K, capacity 616K, committed 640K, reserved 1048576K
}
Event: 17.270 GC heap before
{Heap before GC invocations=9 (full 0):
 PSYoungGen      total 104448K, used 104432K [0x00000000eab00000, 0x00000000f2700000, 0x0000000100000000)
  eden space 92672K, 100% used [0x00000000eab00000,0x00000000f0580000,0x00000000f0580000)
  from space 11776K, 99% used [0x00000000f1480000,0x00000000f1ffc020,0x00000000f2000000)
  to   space 15360K, 0% used [0x00000000f0580000,0x00000000f0580000,0x00000000f1480000)
 ParOldGen       total 31744K, used 19262K [0x00000000c0000000, 0x00000000c1f00000, 0x00000000eab00000)
  object space 31744K, 60% used [0x00000000c0000000,0x00000000c12cfbf0,0x00000000c1f00000)
 Metaspace       used 6059K, capacity 7024K, committed 7296K, reserved 1056768K
  class space    used 595K, capacity 616K, committed 640K, reserved 1048576K
Event: 17.581 GC heap after
Heap after GC invocations=9 (full 0):
 PSYoungGen      total 108032K, used 15328K [0x00000000eab00000, 0x00000000f6700000, 0x0000000100000000)
  eden space 92672K, 0% used [0x00000000eab00000,0x00000000eab00000,0x00000000f0580000)
  from space 15360K, 99% used [0x00000000f0580000,0x00000000f1478020,0x00000000f1480000)
  to   space 22016K, 0% used [0x00000000f5180000,0x00000000f5180000,0x00000000f6700000)
 ParOldGen       total 31744K, used 29733K [0x00000000c0000000, 0x00000000c1f00000, 0x00000000eab00000)
  object space 31744K, 93% used [0x00000000c0000000,0x00000000c1d09628,0x00000000c1f00000)
 Metaspace       used 6059K, capacity 7024K, committed 7296K, reserved 1056768K
  class space    used 595K, capacity 616K, committed 640K, reserved 1048576K
}
Event: 17.581 GC heap before
{Heap before GC invocations=10 (full 1):
 PSYoungGen      total 108032K, used 15328K [0x00000000eab00000, 0x00000000f6700000, 0x0000000100000000)
  eden space 92672K, 0% used [0x00000000eab00000,0x00000000eab00000,0x00000000f0580000)
  from space 15360K, 99% used [0x00000000f0580000,0x00000000f1478020,0x00000000f1480000)
  to   space 22016K, 0% used [0x00000000f5180000,0x00000000f5180000,0x00000000f6700000)
 ParOldGen       total 31744K, used 29733K [0x00000000c0000000, 0x00000000c1f00000, 0x00000000eab00000)
  object space 31744K, 93% used [0x00000000c0000000,0x00000000c1d09628,0x00000000c1f00000)
 Metaspace       used 6059K, capacity 7024K, committed 7296K, reserved 1056768K
  class space    used 595K, capacity 616K, committed 640K, reserved 1048576K
Event: 19.422 GC heap after
Heap after GC invocations=10 (full 1):
 PSYoungGen      total 108032K, used 8639K [0x00000000eab00000, 0x00000000f6700000, 0x0000000100000000)
  eden space 92672K, 0% used [0x00000000eab00000,0x00000000eab00000,0x00000000f0580000)
  from space 15360K, 56% used [0x00000000f0580000,0x00000000f0defcb0,0x00000000f1480000)
  to   space 22016K, 0% used [0x00000000f5180000,0x00000000f5180000,0x00000000f6700000)
 ParOldGen       total 59392K, used 31676K [0x00000000c0000000, 0x00000000c3a00000, 0x00000000eab00000)
  object space 59392K, 53% used [0x00000000c0000000,0x00000000c1eef288,0x00000000c3a00000)
 Metaspace       used 6059K, capacity 7024K, committed 7296K, reserved 1056768K
  class space    used 595K, capacity 616K, committed 640K, reserved 1048576K
}
Event: 21.783 GC heap before
{Heap before GC invocations=11 (full 1):
 PSYoungGen      total 108032K, used 101311K [0x00000000eab00000, 0x00000000f6700000, 0x0000000100000000)
  eden space 92672K, 100% used [0x00000000eab00000,0x00000000f0580000,0x00000000f0580000)
  from space 15360K, 56% used [0x00000000f0580000,0x00000000f0defcb0,0x00000000f1480000)
  to   space 22016K, 0% used [0x00000000f5180000,0x00000000f5180000,0x00000000f6700000)
 ParOldGen       total 59392K, used 31676K [0x00000000c0000000, 0x00000000c3a00000, 0x00000000eab00000)
  object space 59392K, 53% used [0x00000000c0000000,0x00000000c1eef288,0x00000000c3a00000)
 Metaspace       used 6318K, capacity 7192K, committed 7424K, reserved 1056768K
  class space    used 615K, capacity 656K, committed 768K, reserved 1048576K
Event: 22.362 GC heap after
Heap after GC invocations=11 (full 1):
 PSYoungGen      total 140288K, used 18668K [0x00000000eab00000, 0x00000000f6400000, 0x0000000100000000)
  eden space 121344K, 0% used [0x00000000eab00000,0x00000000eab00000,0x00000000f2180000)
  from space 18944K, 98% used [0x00000000f5180000,0x00000000f63bb240,0x00000000f6400000)
  to   space 24576K, 0% used [0x00000000f3400000,0x00000000f3400000,0x00000000f4c00000)
 ParOldGen       total 59392K, used 35500K [0x00000000c0000000, 0x00000000c3a00000, 0x00000000eab00000)
  object space 59392K, 59% used [0x00000000c0000000,0x00000000c22ab288,0x00000000c3a00000)
 Metaspace       used 6318K, capacity 7192K, committed 7424K, reserved 1056768K
  class space    used 615K, capacity 656K, committed 768K, reserved 1048576K
}
Event: 24.733 GC heap before
{Heap before GC invocations=12 (full 1):
 PSYoungGen      total 140288K, used 140012K [0x00000000eab00000, 0x00000000f6400000, 0x0000000100000000)
  eden space 121344K, 100% used [0x00000000eab00000,0x00000000f2180000,0x00000000f2180000)
  from space 18944K, 98% used [0x00000000f5180000,0x00000000f63bb240,0x00000000f6400000)
  to   space 24576K, 0% used [0x00000000f3400000,0x00000000f3400000,0x00000000f4c00000)
 ParOldGen       total 59392K, used 35500K [0x00000000c0000000, 0x00000000c3a00000, 0x00000000eab00000)
  object space 59392K, 59% used [0x00000000c0000000,0x00000000c22ab288,0x00000000c3a00000)
 Metaspace       used 6418K, capacity 7256K, committed 7424K, reserved 1056768K
  class space    used 615K, capacity 656K, committed 768K, reserved 1048576K
Event: 25.378 GC heap after
Heap after GC invocations=12 (full 1):
 PSYoungGen      total 164864K, used 24566K [0x00000000eab00000, 0x00000000f8980000, 0x0000000100000000)
  eden space 140288K, 0% used [0x00000000eab00000,0x00000000eab00000,0x00000000f3400000)
  from space 24576K, 99% used [0x00000000f3400000,0x00000000f4bfd840,0x00000000f4c00000)
  to   space 32256K, 0% used [0x00000000f6a00000,0x00000000f6a00000,0x00000000f8980000)
 ParOldGen       total 59392K, used 45216K [0x00000000c0000000, 0x00000000c3a00000, 0x00000000eab00000)
  object space 59392K, 76% used [0x00000000c0000000,0x00000000c2c28118,0x00000000c3a00000)
 Metaspace       used 6418K, capacity 7256K, committed 7424K, reserved 1056768K
  class space    used 615K, capacity 656K, committed 768K, reserved 1048576K
}

