# JRE version: Java(TM) SE Runtime Environment (8.0_101-b13) (build 1.8.0_101-b13)
# Java VM: Java HotSpot(TM) 64-Bit Server VM (25.101-b13 mixed mode linux-amd64 compressed oops)
Heap:
 PSYoungGen      total 81920K, used 81791K [0x00000000eab00000, 0x00000000f2680000, 0x0000000100000000)
  eden space 69632K, 100% used [0x00000000eab00000,0x00000000eef00000,0x00000000eef00000)
  from space 12288K, 98% used [0x00000000f1a80000,0x00000000f265fc20,0x00000000f2680000)
  to   space 16896K, 76% used [0x00000000f0580000,0x00000000f1223d20,0x00000000f1600000)
 ParOldGen       total 62976K, used 29174K [0x00000000c0000000, 0x00000000c3d80000, 0x00000000eab00000)
  object space 62976K, 46% used [0x00000000c0000000,0x00000000c1c7d928,0x00000000c3d80000)
 Metaspace       used 5795K, capacity 6960K, committed 7040K, reserved 1056768K
  class space    used 578K, capacity 616K, committed 640K, reserved 1048576K
GC Heap History (10 events):
Event: 5.436 GC heap after
Heap after GC invocations=3 (full 0):
 PSYoungGen      total 26112K, used 1514K [0x00000000eab00000, 0x00000000ede00000, 0x0000000100000000)
  eden space 24576K, 0% used [0x00000000eab00000,0x00000000eab00000,0x00000000ec300000)
  from space 1536K, 98% used [0x00000000ec300000,0x00000000ec47a8c8,0x00000000ec480000)
  to   space 1536K, 0% used [0x00000000edc80000,0x00000000edc80000,0x00000000ede00000)
 ParOldGen       total 31744K, used 8706K [0x00000000c0000000, 0x00000000c1f00000, 0x00000000eab00000)
  object space 31744K, 27% used [0x00000000c0000000,0x00000000c0880ae8,0x00000000c1f00000)
 Metaspace       used 5492K, capacity 6704K, committed 6784K, reserved 1056768K
  class space    used 567K, capacity 616K, committed 640K, reserved 1048576K
}
Event: 6.491 GC heap before
{Heap before GC invocations=4 (full 0):
 PSYoungGen      total 26112K, used 26090K [0x00000000eab00000, 0x00000000ede00000, 0x0000000100000000)
  eden space 24576K, 100% used [0x00000000eab00000,0x00000000ec300000,0x00000000ec300000)
  from space 1536K, 98% used [0x00000000ec300000,0x00000000ec47a8c8,0x00000000ec480000)
  to   space 1536K, 0% used [0x00000000edc80000,0x00000000edc80000,0x00000000ede00000)
 ParOldGen       total 31744K, used 8706K [0x00000000c0000000, 0x00000000c1f00000, 0x00000000eab00000)
  object space 31744K, 27% used [0x00000000c0000000,0x00000000c0880ae8,0x00000000c1f00000)
 Metaspace       used 5575K, capacity 6768K, committed 7040K, reserved 1056768K
  class space    used 575K, capacity 616K, committed 640K, reserved 1048576K
Event: 6.579 GC heap after
Heap after GC invocations=4 (full 0):
 PSYoungGen      total 50688K, used 1506K [0x00000000eab00000, 0x00000000ede00000, 0x0000000100000000)
  eden space 49152K, 0% used [0x00000000eab00000,0x00000000eab00000,0x00000000edb00000)
  from space 1536K, 98% used [0x00000000edc80000,0x00000000eddf8bc8,0x00000000ede00000)
  to   space 1536K, 0% used [0x00000000edb00000,0x00000000edb00000,0x00000000edc80000)
 ParOldGen       total 31744K, used 13497K [0x00000000c0000000, 0x00000000c1f00000, 0x00000000eab00000)
  object space 31744K, 42% used [0x00000000c0000000,0x00000000c0d2e4a8,0x00000000c1f00000)
 Metaspace       used 5575K, capacity 6768K, committed 7040K, reserved 1056768K
  class space    used 575K, capacity 616K, committed 640K, reserved 1048576K
}
Event: 8.352 GC heap before
{Heap before GC invocations=5 (full 0):
 PSYoungGen      total 50688K, used 50658K [0x00000000eab00000, 0x00000000ede00000, 0x0000000100000000)
  eden space 49152K, 100% used [0x00000000eab00000,0x00000000edb00000,0x00000000edb00000)
  from space 1536K, 98% used [0x00000000edc80000,0x00000000eddf8bc8,0x00000000ede00000)
  to   space 1536K, 0% used [0x00000000edb00000,0x00000000edb00000,0x00000000edc80000)
 ParOldGen       total 31744K, used 13497K [0x00000000c0000000, 0x00000000c1f00000, 0x00000000eab00000)
  object space 31744K, 42% used [0x00000000c0000000,0x00000000c0d2e4a8,0x00000000c1f00000)
 Metaspace       used 5649K, capacity 6832K, committed 7040K, reserved 1056768K
  class space    used 577K, capacity 616K, committed 640K, reserved 1048576K
Event: 8.576 GC heap after
Heap after GC invocations=5 (full 0):
 PSYoungGen      total 50688K, used 1509K [0x00000000eab00000, 0x00000000f2a00000, 0x0000000100000000)
  eden space 49152K, 0% used [0x00000000eab00000,0x00000000eab00000,0x00000000edb00000)
  from space 1536K, 98% used [0x00000000edb00000,0x00000000edc79450,0x00000000edc80000)
  to   space 15872K, 0% used [0x00000000f1a80000,0x00000000f1a80000,0x00000000f2a00000)
 ParOldGen       total 31744K, used 29806K [0x00000000c0000000, 0x00000000c1f00000, 0x00000000eab00000)
  object space 31744K, 93% used [0x00000000c0000000,0x00000000c1d1bb88,0x00000000c1f00000)
 Metaspace       used 5649K, capacity 6832K, committed 7040K, reserved 1056768K
  class space    used 577K, capacity 616K, committed 640K, reserved 1048576K
}
Event: 8.576 GC heap before
{Heap before GC invocations=6 (full 1):
 PSYoungGen      total 50688K, used 1509K [0x00000000eab00000, 0x00000000f2a00000, 0x0000000100000000)
  eden space 49152K, 0% used [0x00000000eab00000,0x00000000eab00000,0x00000000edb00000)
  from space 1536K, 98% used [0x00000000edb00000,0x00000000edc79450,0x00000000edc80000)
  to   space 15872K, 0% used [0x00000000f1a80000,0x00000000f1a80000,0x00000000f2a00000)
 ParOldGen       total 31744K, used 29806K [0x00000000c0000000, 0x00000000c1f00000, 0x00000000eab00000)
  object space 31744K, 93% used [0x00000000c0000000,0x00000000c1d1bb88,0x00000000c1f00000)
 Metaspace       used 5649K, capacity 6832K, committed 7040K, reserved 1056768K
  class space    used 577K, capacity 616K, committed 640K, reserved 1048576K
Event: 9.479 GC heap after
Heap after GC invocations=6 (full 1):
 PSYoungGen      total 50688K, used 0K [0x00000000eab00000, 0x00000000f2a00000, 0x0000000100000000)
  eden space 49152K, 0% used [0x00000000eab00000,0x00000000eab00000,0x00000000edb00000)
  from space 1536K, 0% used [0x00000000edb00000,0x00000000edb00000,0x00000000edc80000)
  to   space 15872K, 0% used [0x00000000f1a80000,0x00000000f1a80000,0x00000000f2a00000)
 ParOldGen       total 62976K, used 29166K [0x00000000c0000000, 0x00000000c3d80000, 0x00000000eab00000)
  object space 62976K, 46% used [0x00000000c0000000,0x00000000c1c7b928,0x00000000c3d80000)
 Metaspace       used 5649K, capacity 6832K, committed 7040K, reserved 1056768K
  class space    used 577K, capacity 616K, committed 640K, reserved 1048576K
}
Event: 10.930 GC heap before
{Heap before GC invocations=7 (full 1):
 PSYoungGen      total 50688K, used 49152K [0x00000000eab00000, 0x00000000f2a00000, 0x0000000100000000)
  eden space 49152K, 100% used [0x00000000eab00000,0x00000000edb00000,0x00000000edb00000)
  from space 1536K, 0% used [0x00000000edb00000,0x00000000edb00000,0x00000000edc80000)
  to   space 15872K, 0% used [0x00000000f1a80000,0x00000000f1a80000,0x00000000f2a00000)
 ParOldGen       total 62976K, used 29166K [0x00000000c0000000, 0x00000000c3d80000, 0x00000000eab00000)
  object space 62976K, 46% used [0x00000000c0000000,0x00000000c1c7b928,0x00000000c3d80000)
 Metaspace       used 5767K, capacity 6960K, committed 7040K, reserved 1056768K
  class space    used 578K, capacity 616K, committed 640K, reserved 1048576K
Event: 11.071 GC heap after
Heap after GC invocations=7 (full 1):
 PSYoungGen      total 81920K, used 12159K [0x00000000eab00000, 0x00000000f2680000, 0x0000000100000000)
  eden space 69632K, 0% used [0x00000000eab00000,0x00000000eab00000,0x00000000eef00000)
  from space 12288K, 98% used [0x00000000f1a80000,0x00000000f265fc20,0x00000000f2680000)
  to   space 16896K, 0% used [0x00000000f0580000,0x00000000f0580000,0x00000000f1600000)
 ParOldGen       total 62976K, used 29174K [0x00000000c0000000, 0x00000000c3d80000, 0x00000000eab00000)
  object space 62976K, 46% used [0x00000000c0000000,0x00000000c1c7d928,0x00000000c3d80000)
 Metaspace       used 5767K, capacity 6960K, committed 7040K, reserved 1056768K
  class space    used 578K, capacity 616K, committed 640K, reserved 1048576K
}
Event: 12.503 GC heap before
{Heap before GC invocations=8 (full 1):
 PSYoungGen      total 81920K, used 81791K [0x00000000eab00000, 0x00000000f2680000, 0x0000000100000000)
  eden space 69632K, 100% used [0x00000000eab00000,0x00000000eef00000,0x00000000eef00000)
  from space 12288K, 98% used [0x00000000f1a80000,0x00000000f265fc20,0x00000000f2680000)
  to   space 16896K, 0% used [0x00000000f0580000,0x00000000f0580000,0x00000000f1600000)
 ParOldGen       total 62976K, used 29174K [0x00000000c0000000, 0x00000000c3d80000, 0x00000000eab00000)
  object space 62976K, 46% used [0x00000000c0000000,0x00000000c1c7d928,0x00000000c3d80000)
 Metaspace       used 5795K, capacity 6960K, committed 7040K, reserved 1056768K
  class space    used 578K, capacity 616K, committed 640K, reserved 1048576K

