# JRE version: Java(TM) SE Runtime Environment (8.0_101-b13) (build 1.8.0_101-b13)
# Java VM: Java HotSpot(TM) 64-Bit Server VM (25.101-b13 mixed mode linux-amd64 compressed oops)
Heap:
 PSYoungGen      total 78336K, used 65289K [0x00000000eab00000, 0x00000000f2300000, 0x0000000100000000)
  eden space 66560K, 80% used [0x00000000eab00000,0x00000000edf48700,0x00000000eec00000)
  from space 11776K, 99% used [0x00000000f1780000,0x00000000f22f9fd8,0x00000000f2300000)
  to   space 14848K, 0% used [0x00000000f0600000,0x00000000f0600000,0x00000000f1480000)
 ParOldGen       total 54272K, used 22351K [0x00000000c0000000, 0x00000000c3500000, 0x00000000eab00000)
  object space 54272K, 41% used [0x00000000c0000000,0x00000000c15d3d90,0x00000000c3500000)
 Metaspace       used 5769K, capacity 6960K, committed 7040K, reserved 1056768K
  class space    used 579K, capacity 616K, committed 640K, reserved 1048576K
GC Heap History (10 events):
Event: 7.166 GC heap before
{Heap before GC invocations=3 (full 0):
 PSYoungGen      total 26112K, used 26096K [0x00000000eab00000, 0x00000000ec600000, 0x0000000100000000)
  eden space 24576K, 100% used [0x00000000eab00000,0x00000000ec300000,0x00000000ec300000)
  from space 1536K, 98% used [0x00000000ec480000,0x00000000ec5fc088,0x00000000ec600000)
  to   space 1536K, 0% used [0x00000000ec300000,0x00000000ec300000,0x00000000ec480000)
 ParOldGen       total 31744K, used 4412K [0x00000000c0000000, 0x00000000c1f00000, 0x00000000eab00000)
  object space 31744K, 13% used [0x00000000c0000000,0x00000000c044f140,0x00000000c1f00000)
 Metaspace       used 5523K, capacity 6768K, committed 7040K, reserved 1056768K
  class space    used 567K, capacity 616K, committed 640K, reserved 1048576K
Event: 7.263 GC heap after
Heap after GC invocations=3 (full 0):
 PSYoungGen      total 26112K, used 1507K [0x00000000eab00000, 0x00000000ede00000, 0x0000000100000000)
  eden space 24576K, 0% used [0x00000000eab00000,0x00000000eab00000,0x00000000ec300000)
  from space 1536K, 98% used [0x00000000ec300000,0x00000000ec478d48,0x00000000ec480000)
  to   space 1536K, 0% used [0x00000000edc80000,0x00000000edc80000,0x00000000ede00000)
 ParOldGen       total 31744K, used 8619K [0x00000000c0000000, 0x00000000c1f00000, 0x00000000eab00000)
  object space 31744K, 27% used [0x00000000c0000000,0x00000000c086ad88,0x00000000c1f00000)
 Metaspace       used 5523K, capacity 6768K, committed 7040K, reserved 1056768K
  class space    used 567K, capacity 616K, committed 640K, reserved 1048576K
}
Event: 8.397 GC heap before
{Heap before GC invocations=4 (full 0):
 PSYoungGen      total 26112K, used 26083K [0x00000000eab00000, 0x00000000ede00000, 0x0000000100000000)
  eden space 24576K, 100% used [0x00000000eab00000,0x00000000ec300000,0x00000000ec300000)
  from space 1536K, 98% used [0x00000000ec300000,0x00000000ec478d48,0x00000000ec480000)
  to   space 1536K, 0% used [0x00000000edc80000,0x00000000edc80000,0x00000000ede00000)
 ParOldGen       total 31744K, used 8619K [0x00000000c0000000, 0x00000000c1f00000, 0x00000000eab00000)
  object space 31744K, 27% used [0x00000000c0000000,0x00000000c086ad88,0x00000000c1f00000)
 Metaspace       used 5617K, capacity 6832K, committed 7040K, reserved 1056768K
  class space    used 575K, capacity 616K, committed 640K, reserved 1048576K
Event: 8.473 GC heap after
Heap after GC invocations=4 (full 0):
 PSYoungGen      total 50688K, used 1513K [0x00000000eab00000, 0x00000000ede00000, 0x0000000100000000)
  eden space 49152K, 0% used [0x00000000eab00000,0x00000000eab00000,0x00000000edb00000)
  from space 1536K, 98% used [0x00000000edc80000,0x00000000eddfa6d0,0x00000000ede00000)
  to   space 1536K, 0% used [0x00000000edb00000,0x00000000edb00000,0x00000000edc80000)
 ParOldGen       total 31744K, used 13808K [0x00000000c0000000, 0x00000000c1f00000, 0x00000000eab00000)
  object space 31744K, 43% used [0x00000000c0000000,0x00000000c0d7c150,0x00000000c1f00000)
 Metaspace       used 5617K, capacity 6832K, committed 7040K, reserved 1056768K
  class space    used 575K, capacity 616K, committed 640K, reserved 1048576K
}
Event: 10.589 GC heap before
{Heap before GC invocations=5 (full 0):
 PSYoungGen      total 50688K, used 50665K [0x00000000eab00000, 0x00000000ede00000, 0x0000000100000000)
  eden space 49152K, 100% used [0x00000000eab00000,0x00000000edb00000,0x00000000edb00000)
  from space 1536K, 98% used [0x00000000edc80000,0x00000000eddfa6d0,0x00000000ede00000)
  to   space 1536K, 0% used [0x00000000edb00000,0x00000000edb00000,0x00000000edc80000)
 ParOldGen       total 31744K, used 13808K [0x00000000c0000000, 0x00000000c1f00000, 0x00000000eab00000)
  object space 31744K, 43% used [0x00000000c0000000,0x00000000c0d7c150,0x00000000c1f00000)
 Metaspace       used 5697K, capacity 6896K, committed 7040K, reserved 1056768K
  class space    used 577K, capacity 616K, committed 640K, reserved 1048576K
Event: 11.004 GC heap after
Heap after GC invocations=5 (full 0):
 PSYoungGen      total 50688K, used 1509K [0x00000000eab00000, 0x00000000f2400000, 0x0000000100000000)
  eden space 49152K, 0% used [0x00000000eab00000,0x00000000eab00000,0x00000000edb00000)
  from space 1536K, 98% used [0x00000000edb00000,0x00000000edc79710,0x00000000edc80000)
  to   space 12800K, 0% used [0x00000000f1780000,0x00000000f1780000,0x00000000f2400000)
 ParOldGen       total 31744K, used 25662K [0x00000000c0000000, 0x00000000c1f00000, 0x00000000eab00000)
  object space 31744K, 80% used [0x00000000c0000000,0x00000000c190fae8,0x00000000c1f00000)
 Metaspace       used 5697K, capacity 6896K, committed 7040K, reserved 1056768K
  class space    used 577K, capacity 616K, committed 640K, reserved 1048576K
}
Event: 11.004 GC heap before
{Heap before GC invocations=6 (full 1):
 PSYoungGen      total 50688K, used 1509K [0x00000000eab00000, 0x00000000f2400000, 0x0000000100000000)
  eden space 49152K, 0% used [0x00000000eab00000,0x00000000eab00000,0x00000000edb00000)
  from space 1536K, 98% used [0x00000000edb00000,0x00000000edc79710,0x00000000edc80000)
  to   space 12800K, 0% used [0x00000000f1780000,0x00000000f1780000,0x00000000f2400000)
 ParOldGen       total 31744K, used 25662K [0x00000000c0000000, 0x00000000c1f00000, 0x00000000eab00000)
  object space 31744K, 80% used [0x00000000c0000000,0x00000000c190fae8,0x00000000c1f00000)
 Metaspace       used 5697K, capacity 6896K, committed 7040K, reserved 1056768K
  class space    used 577K, capacity 616K, committed 640K, reserved 1048576K
Event: 12.808 GC heap after
Heap after GC invocations=6 (full 1):
 PSYoungGen      total 50688K, used 0K [0x00000000eab00000, 0x00000000f2400000, 0x0000000100000000)
  eden space 49152K, 0% used [0x00000000eab00000,0x00000000eab00000,0x00000000edb00000)
  from space 1536K, 0% used [0x00000000edb00000,0x00000000edb00000,0x00000000edc80000)
  to   space 12800K, 0% used [0x00000000f1780000,0x00000000f1780000,0x00000000f2400000)
 ParOldGen       total 54272K, used 22343K [0x00000000c0000000, 0x00000000c3500000, 0x00000000eab00000)
  object space 54272K, 41% used [0x00000000c0000000,0x00000000c15d1d90,0x00000000c3500000)
 Metaspace       used 5697K, capacity 6896K, committed 7040K, reserved 1056768K
  class space    used 577K, capacity 616K, committed 640K, reserved 1048576K
}
Event: 15.385 GC heap before
{Heap before GC invocations=7 (full 1):
 PSYoungGen      total 50688K, used 49152K [0x00000000eab00000, 0x00000000f2400000, 0x0000000100000000)
  eden space 49152K, 100% used [0x00000000eab00000,0x00000000edb00000,0x00000000edb00000)
  from space 1536K, 0% used [0x00000000edb00000,0x00000000edb00000,0x00000000edc80000)
  to   space 12800K, 0% used [0x00000000f1780000,0x00000000f1780000,0x00000000f2400000)
 ParOldGen       total 54272K, used 22343K [0x00000000c0000000, 0x00000000c3500000, 0x00000000eab00000)
  object space 54272K, 41% used [0x00000000c0000000,0x00000000c15d1d90,0x00000000c3500000)
 Metaspace       used 5761K, capacity 6960K, committed 7040K, reserved 1056768K
  class space    used 578K, capacity 616K, committed 640K, reserved 1048576K
Event: 15.752 GC heap after
Heap after GC invocations=7 (full 1):
 PSYoungGen      total 78336K, used 11751K [0x00000000eab00000, 0x00000000f2300000, 0x0000000100000000)
  eden space 66560K, 0% used [0x00000000eab00000,0x00000000eab00000,0x00000000eec00000)
  from space 11776K, 99% used [0x00000000f1780000,0x00000000f22f9fd8,0x00000000f2300000)
  to   space 14848K, 0% used [0x00000000f0600000,0x00000000f0600000,0x00000000f1480000)
 ParOldGen       total 54272K, used 22351K [0x00000000c0000000, 0x00000000c3500000, 0x00000000eab00000)
  object space 54272K, 41% used [0x00000000c0000000,0x00000000c15d3d90,0x00000000c3500000)
 Metaspace       used 5761K, capacity 6960K, committed 7040K, reserved 1056768K
  class space    used 578K, capacity 616K, committed 640K, reserved 1048576K
}

